<?xml version="1.0" encoding="UTF-8"?>
<coverage generated="1779093981155" clover="3.2.0">
  <project timestamp="1779093981155" name="All files">
    <metrics statements="3589" coveredstatements="847" conditionals="2044" coveredconditionals="392" methods="744" coveredmethods="205" elements="6377" coveredelements="1444" complexity="0" loc="3589" ncloc="3589" packages="57" files="103" classes="103"/>
    <package name="src">
      <metrics statements="0" coveredstatements="0" conditionals="0" coveredconditionals="0" methods="0" coveredmethods="0"/>
      <file name="style.css" path="/Users/lin/Desktop/levy/project/lcw-docs/packages/core/src/style.css">
        <metrics statements="0" coveredstatements="0" conditionals="0" coveredconditionals="0" methods="0" coveredmethods="0"/>
      </file>
    </package>
    <package name="src.api">
      <metrics statements="59" coveredstatements="52" conditionals="30" coveredconditionals="25" methods="10" coveredmethods="8"/>
      <file name="getBlockInfoFromPos.ts" path="/Users/lin/Desktop/levy/project/lcw-docs/packages/core/src/api/getBlockInfoFromPos.ts">
        <metrics statements="46" coveredstatements="39" conditionals="20" coveredconditionals="15" methods="8" coveredmethods="6"/>
        <line num="50" count="29" type="stmt"/>
        <line num="52" count="29" type="cond" truecount="4" falsecount="0"/>
        <line num="53" count="3" type="stmt"/>
        <line num="59" count="26" type="stmt"/>
        <line num="60" count="26" type="stmt"/>
        <line num="61" count="26" type="stmt"/>
        <line num="62" count="51" type="cond" truecount="2" falsecount="0"/>
        <line num="63" count="26" type="stmt"/>
        <line num="69" count="25" type="stmt"/>
        <line num="70" count="25" type="stmt"/>
        <line num="73" count="0" type="stmt"/>
        <line num="74" count="0" type="stmt"/>
        <line num="75" count="0" type="cond" truecount="0" falsecount="2"/>
        <line num="76" count="0" type="stmt"/>
        <line num="80" count="0" type="stmt"/>
        <line num="82" count="0" type="stmt"/>
        <line num="83" count="0" type="cond" truecount="0" falsecount="2"/>
        <line num="85" count="29" type="stmt"/>
        <line num="101" count="310" type="stmt"/>
        <line num="102" count="310" type="stmt"/>
        <line num="103" count="310" type="stmt"/>
        <line num="105" count="310" type="stmt"/>
        <line num="110" count="310" type="stmt"/>
        <line num="111" count="310" type="stmt"/>
        <line num="113" count="310" type="stmt"/>
        <line num="114" count="316" type="cond" truecount="2" falsecount="0"/>
        <line num="115" count="309" type="stmt"/>
        <line num="116" count="309" type="stmt"/>
        <line num="117" count="309" type="stmt"/>
        <line num="119" count="309" type="stmt"/>
        <line num="124" count="7" type="cond" truecount="1" falsecount="1"/>
        <line num="125" count="7" type="stmt"/>
        <line num="126" count="7" type="stmt"/>
        <line num="127" count="7" type="stmt"/>
        <line num="129" count="7" type="stmt"/>
        <line num="137" count="310" type="cond" truecount="2" falsecount="0"/>
        <line num="138" count="1" type="stmt"/>
        <line num="141" count="309" type="stmt"/>
        <line num="155" count="40" type="stmt"/>
        <line num="165" count="36" type="cond" truecount="2" falsecount="0"/>
        <line num="166" count="1" type="stmt"/>
        <line num="168" count="35" type="cond" truecount="2" falsecount="0"/>
        <line num="169" count="1" type="stmt"/>
        <line num="173" count="34" type="stmt"/>
        <line num="183" count="19" type="stmt"/>
        <line num="184" count="19" type="stmt"/>
      </file>
      <file name="nodeUtil.ts" path="/Users/lin/Desktop/levy/project/lcw-docs/packages/core/src/api/nodeUtil.ts">
        <metrics statements="13" coveredstatements="13" conditionals="10" coveredconditionals="10" methods="2" coveredmethods="2"/>
        <line num="19" count="66" type="stmt"/>
        <line num="20" count="66" type="stmt"/>
        <line num="22" count="66" type="stmt"/>
        <line num="23" count="219" type="cond" truecount="2" falsecount="0"/>
        <line num="24" count="58" type="stmt"/>
        <line num="27" count="161" type="cond" truecount="4" falsecount="0"/>
        <line num="28" count="97" type="stmt"/>
        <line num="31" count="64" type="stmt"/>
        <line num="32" count="64" type="stmt"/>
        <line num="34" count="64" type="stmt"/>
        <line num="37" count="66" type="cond" truecount="4" falsecount="0"/>
        <line num="38" count="2" type="stmt"/>
        <line num="41" count="64" type="stmt"/>
      </file>
    </package>
    <package name="src.api.blockManipulation">
      <metrics statements="24" coveredstatements="0" conditionals="23" coveredconditionals="0" methods="2" coveredmethods="0"/>
      <file name="insertContentAt.ts" path="/Users/lin/Desktop/levy/project/lcw-docs/packages/core/src/api/blockManipulation/insertContentAt.ts">
        <metrics statements="24" coveredstatements="0" conditionals="23" coveredconditionals="0" methods="2" coveredmethods="0"/>
        <line num="34" count="0" type="stmt"/>
        <line num="36" count="0" type="cond" truecount="0" falsecount="2"/>
        <line num="38" count="0" type="stmt"/>
        <line num="39" count="0" type="stmt"/>
        <line num="41" count="0" type="stmt"/>
        <line num="43" count="0" type="stmt"/>
        <line num="44" count="0" type="stmt"/>
        <line num="46" count="0" type="cond" truecount="0" falsecount="5"/>
        <line num="47" count="0" type="stmt"/>
        <line num="49" count="0" type="stmt"/>
        <line num="52" count="0" type="cond" truecount="0" falsecount="2"/>
        <line num="55" count="0" type="cond" truecount="0" falsecount="4"/>
        <line num="56" count="0" type="stmt"/>
        <line num="57" count="0" type="cond" truecount="0" falsecount="3"/>
        <line num="59" count="0" type="cond" truecount="0" falsecount="2"/>
        <line num="60" count="0" type="stmt"/>
        <line num="61" count="0" type="stmt"/>
        <line num="65" count="0" type="cond" truecount="0" falsecount="2"/>
        <line num="66" count="0" type="stmt"/>
        <line num="68" count="0" type="stmt"/>
        <line num="71" count="0" type="cond" truecount="0" falsecount="2"/>
        <line num="72" count="0" type="stmt"/>
        <line num="75" count="0" type="stmt"/>
        <line num="77" count="0" type="stmt"/>
      </file>
    </package>
    <package name="src.api.blockManipulation.commands.insertBlocks">
      <metrics statements="13" coveredstatements="13" conditionals="7" coveredconditionals="7" methods="1" coveredmethods="1"/>
      <file name="insertBlocks.ts" path="/Users/lin/Desktop/levy/project/lcw-docs/packages/core/src/api/blockManipulation/commands/insertBlocks/insertBlocks.ts">
        <metrics statements="13" coveredstatements="13" conditionals="7" coveredconditionals="7" methods="1" coveredmethods="1"/>
        <line num="28" count="16" type="cond" truecount="2" falsecount="0"/>
        <line num="30" count="16" type="stmt"/>
        <line num="31" count="16" type="stmt"/>
        <line num="32" count="18" type="stmt"/>
        <line num="35" count="16" type="stmt"/>
        <line num="37" count="16" type="cond" truecount="2" falsecount="0"/>
        <line num="38" count="9" type="stmt"/>
        <line num="41" count="16" type="cond" truecount="2" falsecount="0"/>
        <line num="42" count="7" type="stmt"/>
        <line num="45" count="16" type="stmt"/>
        <line num="46" count="16" type="stmt"/>
        <line num="47" count="18" type="stmt"/>
        <line num="52" count="16" type="stmt"/>
      </file>
    </package>
    <package name="src.api.blockManipulation.commands.mergeBlocks">
      <metrics statements="34" coveredstatements="25" conditionals="13" coveredconditionals="9" methods="5" coveredmethods="5"/>
      <file name="mergeBlocks.ts" path="/Users/lin/Desktop/levy/project/lcw-docs/packages/core/src/api/blockManipulation/commands/mergeBlocks/mergeBlocks.ts">
        <metrics statements="34" coveredstatements="25" conditionals="13" coveredconditionals="9" methods="5" coveredmethods="5"/>
        <line num="22" count="12" type="stmt"/>
        <line num="23" count="6" type="stmt"/>
        <line num="25" count="6" type="cond" truecount="1" falsecount="1"/>
        <line num="26" count="0" type="stmt"/>
        <line num="31" count="6" type="stmt"/>
        <line num="32" count="6" type="stmt"/>
        <line num="34" count="6" type="stmt"/>
        <line num="35" count="0" type="stmt"/>
        <line num="37" count="0" type="stmt"/>
        <line num="38" count="0" type="stmt"/>
        <line num="41" count="6" type="stmt"/>
        <line num="53" count="12" type="stmt"/>
        <line num="54" count="5" type="stmt"/>
        <line num="55" count="5" type="stmt"/>
        <line num="57" count="5" type="stmt"/>
        <line num="77" count="12" type="stmt"/>
        <line num="83" count="4" type="stmt"/>
        <line num="85" count="4" type="cond" truecount="1" falsecount="1"/>
        <line num="86" count="0" type="stmt"/>
        <line num="87" count="0" type="stmt"/>
        <line num="88" count="0" type="stmt"/>
        <line num="90" count="0" type="cond" truecount="0" falsecount="2"/>
        <line num="91" count="0" type="stmt"/>
        <line num="95" count="4" type="cond" truecount="2" falsecount="0"/>
        <line num="96" count="3" type="stmt"/>
        <line num="98" count="3" type="stmt"/>
        <line num="101" count="4" type="stmt"/>
        <line num="112" count="12" type="stmt"/>
        <line num="113" count="5" type="stmt"/>
        <line num="115" count="5" type="stmt"/>
        <line num="116" count="5" type="stmt"/>
        <line num="118" count="5" type="cond" truecount="2" falsecount="0"/>
        <line num="119" count="1" type="stmt"/>
        <line num="122" count="4" type="stmt"/>
      </file>
    </package>
    <package name="src.api.blockManipulation.commands.moveBlock">
      <metrics statements="51" coveredstatements="37" conditionals="36" coveredconditionals="24" methods="5" coveredmethods="5"/>
      <file name="moveBlock.ts" path="/Users/lin/Desktop/levy/project/lcw-docs/packages/core/src/api/blockManipulation/commands/moveBlock/moveBlock.ts">
        <metrics statements="51" coveredstatements="37" conditionals="36" coveredconditionals="24" methods="5" coveredmethods="5"/>
        <line num="51" count="6" type="stmt"/>
        <line num="53" count="6" type="stmt"/>
        <line num="58" count="6" type="cond" truecount="1" falsecount="1"/>
        <line num="59" count="0" type="stmt"/>
        <line num="65" count="6" type="cond" truecount="1" falsecount="1"/>
        <line num="66" count="0" type="stmt"/>
        <line num="72" count="6" type="stmt"/>
        <line num="91" count="6" type="stmt"/>
        <line num="94" count="6" type="cond" truecount="1" falsecount="1"/>
        <line num="95" count="0" type="stmt"/>
        <line num="100" count="6" type="cond" truecount="1" falsecount="1"/>
        <line num="101" count="0" type="stmt"/>
        <line num="103" count="6" type="stmt"/>
        <line num="110" count="6" type="stmt"/>
        <line num="128" count="6" type="stmt"/>
        <line num="129" count="6" type="stmt"/>
        <line num="131" count="6" type="stmt"/>
        <line num="132" count="6" type="stmt"/>
        <line num="134" count="6" type="stmt"/>
        <line num="144" count="3" type="stmt"/>
        <line num="145" count="3" type="cond" truecount="2" falsecount="2"/>
        <line num="146" count="0" type="stmt"/>
        <line num="149" count="3" type="stmt"/>
        <line num="154" count="3" type="cond" truecount="2" falsecount="0"/>
        <line num="155" count="1" type="cond" truecount="1" falsecount="1"/>
        <line num="156" count="0" type="stmt"/>
        <line num="157" count="0" type="stmt"/>
        <line num="159" count="2" type="cond" truecount="1" falsecount="1"/>
        <line num="160" count="0" type="stmt"/>
        <line num="161" count="0" type="stmt"/>
        <line num="163" count="2" type="stmt"/>
        <line num="164" count="2" type="stmt"/>
        <line num="167" count="3" type="cond" truecount="4" falsecount="0"/>
        <line num="168" count="1" type="stmt"/>
        <line num="171" count="2" type="stmt"/>
        <line num="181" count="3" type="stmt"/>
        <line num="182" count="3" type="cond" truecount="2" falsecount="2"/>
        <line num="183" count="0" type="stmt"/>
        <line num="186" count="3" type="stmt"/>
        <line num="191" count="3" type="cond" truecount="2" falsecount="0"/>
        <line num="192" count="1" type="cond" truecount="1" falsecount="1"/>
        <line num="193" count="0" type="stmt"/>
        <line num="194" count="0" type="stmt"/>
        <line num="196" count="2" type="cond" truecount="1" falsecount="1"/>
        <line num="197" count="0" type="stmt"/>
        <line num="198" count="0" type="stmt"/>
        <line num="200" count="2" type="stmt"/>
        <line num="201" count="2" type="stmt"/>
        <line num="204" count="3" type="cond" truecount="4" falsecount="0"/>
        <line num="205" count="1" type="stmt"/>
        <line num="208" count="2" type="stmt"/>
      </file>
    </package>
    <package name="src.api.blockManipulation.commands.removeBlocks">
      <metrics statements="24" coveredstatements="24" conditionals="12" coveredconditionals="12" methods="4" coveredmethods="4"/>
      <file name="removeBlocks.ts" path="/Users/lin/Desktop/levy/project/lcw-docs/packages/core/src/api/blockManipulation/commands/removeBlocks/removeBlocks.ts">
        <metrics statements="24" coveredstatements="24" conditionals="12" coveredconditionals="12" methods="4" coveredmethods="4"/>
        <line num="31" count="25" type="stmt"/>
        <line num="32" count="25" type="stmt"/>
        <line num="34" count="28" type="cond" truecount="2" falsecount="0"/>
        <line num="35" count="25" type="stmt"/>
        <line num="36" count="25" type="stmt"/>
        <line num="38" count="25" type="stmt"/>
        <line num="39" count="154" type="cond" truecount="2" falsecount="0"/>
        <line num="40" count="22" type="stmt"/>
        <line num="43" count="132" type="cond" truecount="4" falsecount="0"/>
        <line num="44" count="106" type="stmt"/>
        <line num="47" count="26" type="stmt"/>
        <line num="50" count="26" type="stmt"/>
        <line num="52" count="26" type="cond" truecount="2" falsecount="0"/>
        <line num="53" count="154" type="stmt"/>
        <line num="54" count="154" type="stmt"/>
        <line num="55" count="154" type="stmt"/>
        <line num="56" count="154" type="stmt"/>
        <line num="58" count="154" type="stmt"/>
        <line num="61" count="25" type="cond" truecount="2" falsecount="0"/>
        <line num="62" count="2" type="stmt"/>
        <line num="64" count="2" type="stmt"/>
        <line num="67" count="23" type="stmt"/>
        <line num="69" count="23" type="stmt"/>
        <line num="85" count="13" type="stmt"/>
      </file>
    </package>
    <package name="src.api.blockManipulation.commands.replaceBlocks">
      <metrics statements="15" coveredstatements="15" conditionals="4" coveredconditionals="4" methods="2" coveredmethods="2"/>
      <file name="replaceBlocks.ts" path="/Users/lin/Desktop/levy/project/lcw-docs/packages/core/src/api/blockManipulation/commands/replaceBlocks/replaceBlocks.ts">
        <metrics statements="15" coveredstatements="15" conditionals="4" coveredconditionals="4" methods="2" coveredmethods="2"/>
        <line num="34" count="9" type="stmt"/>
        <line num="35" count="9" type="stmt"/>
        <line num="36" count="10" type="stmt"/>
        <line num="39" count="9" type="cond" truecount="2" falsecount="0"/>
        <line num="40" count="9" type="stmt"/>
        <line num="41" count="9" type="cond" truecount="2" falsecount="0"/>
        <line num="42" count="8" type="stmt"/>
        <line num="43" count="8" type="stmt"/>
        <line num="44" count="8" type="stmt"/>
        <line num="46" count="8" type="stmt"/>
        <line num="49" count="1" type="stmt"/>
        <line num="52" count="9" type="stmt"/>
        <line num="53" count="9" type="stmt"/>
        <line num="54" count="9" type="stmt"/>
        <line num="59" count="8" type="stmt"/>
      </file>
    </package>
    <package name="src.api.blockManipulation.commands.splitBlock">
      <metrics statements="8" coveredstatements="8" conditionals="8" coveredconditionals="8" methods="2" coveredmethods="2"/>
      <file name="splitBlock.ts" path="/Users/lin/Desktop/levy/project/lcw-docs/packages/core/src/api/blockManipulation/commands/splitBlock/splitBlock.ts">
        <metrics statements="8" coveredstatements="8" conditionals="8" coveredconditionals="8" methods="2" coveredmethods="2"/>
        <line num="21" count="14" type="stmt"/>
        <line num="22" count="6" type="stmt"/>
        <line num="23" count="6" type="stmt"/>
        <line num="25" count="6" type="stmt"/>
        <line num="27" count="6" type="stmt"/>
        <line num="38" count="6" type="cond" truecount="2" falsecount="0"/>
        <line num="39" count="5" type="stmt"/>
        <line num="42" count="6" type="stmt"/>
      </file>
    </package>
    <package name="src.api.blockManipulation.commands.updateBlock">
      <metrics statements="39" coveredstatements="26" conditionals="26" coveredconditionals="19" methods="4" coveredmethods="2"/>
      <file name="updateBlock.ts" path="/Users/lin/Desktop/levy/project/lcw-docs/packages/core/src/api/blockManipulation/commands/updateBlock/updateBlock.ts">
        <metrics statements="39" coveredstatements="26" conditionals="26" coveredconditionals="19" methods="4" coveredmethods="2"/>
        <line num="32" count="14" type="stmt"/>
        <line num="36" count="10" type="stmt"/>
        <line num="39" count="10" type="stmt"/>
        <line num="41" count="10" type="cond" truecount="2" falsecount="0"/>
        <line num="42" count="9" type="cond" truecount="2" falsecount="0"/>
        <line num="43" count="1" type="stmt"/>
        <line num="45" count="1" type="stmt"/>
        <line num="46" count="1" type="stmt"/>
        <line num="49" count="1" type="cond" truecount="1" falsecount="1"/>
        <line num="50" count="0" type="stmt"/>
        <line num="52" count="1" type="stmt"/>
        <line num="56" count="9" type="stmt"/>
        <line num="57" count="9" type="cond" truecount="2" falsecount="0"/>
        <line num="59" count="9" type="stmt"/>
        <line num="61" count="9" type="cond" truecount="2" falsecount="0"/>
        <line num="62" count="2" type="cond" truecount="2" falsecount="0"/>
        <line num="63" count="1" type="stmt"/>
        <line num="64" count="1" type="cond" truecount="1" falsecount="1"/>
        <line num="65" count="1" type="stmt"/>
        <line num="66" count="0" type="cond" truecount="0" falsecount="2"/>
        <line num="67" count="0" type="stmt"/>
        <line num="69" count="0" type="stmt"/>
        <line num="72" count="7" type="stmt"/>
        <line num="73" count="7" type="stmt"/>
        <line num="75" count="7" type="cond" truecount="3" falsecount="1"/>
        <line num="76" count="0" type="stmt"/>
        <line num="80" count="9" type="cond" truecount="2" falsecount="0"/>
        <line num="81" count="7" type="cond" truecount="2" falsecount="0"/>
        <line num="86" count="2" type="stmt"/>
        <line num="99" count="9" type="stmt"/>
        <line num="105" count="10" type="stmt"/>
        <line num="123" count="0" type="stmt"/>
        <line num="125" count="0" type="cond" truecount="0" falsecount="2"/>
        <line num="126" count="0" type="stmt"/>
        <line num="128" count="0" type="stmt"/>
        <line num="129" count="0" type="stmt"/>
        <line num="130" count="0" type="stmt"/>
        <line num="133" count="0" type="stmt"/>
        <line num="135" count="0" type="stmt"/>
      </file>
    </package>
    <package name="src.api.blockManipulation.selections.textCursorPosition">
      <metrics statements="24" coveredstatements="7" conditionals="21" coveredconditionals="6" methods="2" coveredmethods="1"/>
      <file name="textCursorPosition.ts" path="/Users/lin/Desktop/levy/project/lcw-docs/packages/core/src/api/blockManipulation/selections/textCursorPosition/textCursorPosition.ts">
        <metrics statements="24" coveredstatements="7" conditionals="21" coveredconditionals="6" methods="2" coveredmethods="1"/>
        <line num="32" count="12" type="stmt"/>
        <line num="34" count="12" type="stmt"/>
        <line num="35" count="12" type="stmt"/>
        <line num="37" count="12" type="stmt"/>
        <line num="39" count="12" type="stmt"/>
        <line num="40" count="12" type="cond" truecount="1" falsecount="1"/>
        <line num="41" count="0" type="stmt"/>
        <line num="44" count="12" type="stmt"/>
        <line num="99" count="0" type="cond" truecount="0" falsecount="2"/>
        <line num="101" count="0" type="stmt"/>
        <line num="102" count="0" type="stmt"/>
        <line num="104" count="0" type="stmt"/>
        <line num="106" count="0" type="cond" truecount="0" falsecount="2"/>
        <line num="107" count="0" type="stmt"/>
        <line num="108" count="0" type="stmt"/>
        <line num="111" count="0" type="cond" truecount="0" falsecount="2"/>
        <line num="112" count="0" type="cond" truecount="0" falsecount="2"/>
        <line num="113" count="0" type="stmt"/>
        <line num="115" count="0" type="stmt"/>
        <line num="117" count="0" type="cond" truecount="0" falsecount="2"/>
        <line num="118" count="0" type="cond" truecount="0" falsecount="2"/>
        <line num="119" count="0" type="stmt"/>
        <line num="121" count="0" type="stmt"/>
        <line num="124" count="0" type="stmt"/>
      </file>
    </package>
    <package name="src.api.clipboard.fromClipboard">
      <metrics statements="122" coveredstatements="5" conditionals="83" coveredconditionals="0" methods="11" coveredmethods="2"/>
      <file name="acceptedMIMETypes.ts" path="/Users/lin/Desktop/levy/project/lcw-docs/packages/core/src/api/clipboard/fromClipboard/acceptedMIMETypes.ts">
        <metrics statements="1" coveredstatements="1" conditionals="0" coveredconditionals="0" methods="0" coveredmethods="0"/>
        <line num="7" count="12" type="stmt"/>
      </file>
      <file name="fileDropExtension.ts" path="/Users/lin/Desktop/levy/project/lcw-docs/packages/core/src/api/clipboard/fromClipboard/fileDropExtension.ts">
        <metrics statements="16" coveredstatements="2" conditionals="8" coveredconditionals="0" methods="3" coveredmethods="1"/>
        <line num="24" count="12" type="stmt"/>
        <line num="27" count="198" type="stmt"/>
        <line num="30" count="0" type="stmt"/>
        <line num="35" count="0" type="cond" truecount="0" falsecount="2"/>
        <line num="36" count="0" type="stmt"/>
        <line num="39" count="0" type="stmt"/>
        <line num="40" count="0" type="stmt"/>
        <line num="41" count="0" type="cond" truecount="0" falsecount="2"/>
        <line num="42" count="0" type="stmt"/>
        <line num="43" count="0" type="stmt"/>
        <line num="46" count="0" type="cond" truecount="0" falsecount="2"/>
        <line num="47" count="0" type="stmt"/>
        <line num="50" count="0" type="cond" truecount="0" falsecount="2"/>
        <line num="51" count="0" type="stmt"/>
        <line num="52" count="0" type="stmt"/>
        <line num="55" count="0" type="stmt"/>
      </file>
      <file name="handleFileInsertion.ts" path="/Users/lin/Desktop/levy/project/lcw-docs/packages/core/src/api/clipboard/fromClipboard/handleFileInsertion.ts">
        <metrics statements="59" coveredstatements="0" conditionals="51" coveredconditionals="0" methods="4" coveredmethods="0"/>
        <line num="21" count="0" type="cond" truecount="0" falsecount="4"/>
        <line num="22" count="0" type="stmt"/>
        <line num="25" count="0" type="stmt"/>
        <line num="38" count="0" type="stmt"/>
        <line num="39" count="0" type="stmt"/>
        <line num="41" count="0" type="cond" truecount="0" falsecount="2"/>
        <line num="42" count="0" type="stmt"/>
        <line num="44" count="0" type="cond" truecount="0" falsecount="2"/>
        <line num="45" count="0" type="stmt"/>
        <line num="48" count="0" type="cond" truecount="0" falsecount="4"/>
        <line num="49" count="0" type="stmt"/>
        <line num="51" count="0" type="cond" truecount="0" falsecount="4"/>
        <line num="52" count="0" type="stmt"/>
        <line num="55" count="0" type="cond" truecount="0" falsecount="2"/>
        <line num="72" count="0" type="cond" truecount="0" falsecount="2"/>
        <line num="73" count="0" type="stmt"/>
        <line num="76" count="0" type="cond" truecount="0" falsecount="2"/>
        <line num="77" count="0" type="cond" truecount="0" falsecount="2"/>
        <line num="78" count="0" type="stmt"/>
        <line num="81" count="0" type="stmt"/>
        <line num="82" count="0" type="stmt"/>
        <line num="83" count="0" type="cond" truecount="0" falsecount="2"/>
        <line num="84" count="0" type="stmt"/>
        <line num="85" count="0" type="stmt"/>
        <line num="88" count="0" type="cond" truecount="0" falsecount="2"/>
        <line num="89" count="0" type="stmt"/>
        <line num="92" count="0" type="stmt"/>
        <line num="93" count="0" type="cond" truecount="0" falsecount="2"/>
        <line num="94" count="0" type="stmt"/>
        <line num="97" count="0" type="stmt"/>
        <line num="99" count="0" type="stmt"/>
        <line num="101" count="0" type="stmt"/>
        <line num="102" count="0" type="stmt"/>
        <line num="103" count="0" type="stmt"/>
        <line num="104" count="0" type="cond" truecount="0" falsecount="2"/>
        <line num="105" count="0" type="stmt"/>
        <line num="106" count="0" type="stmt"/>
        <line num="108" count="0" type="cond" truecount="0" falsecount="2"/>
        <line num="109" count="0" type="cond" truecount="0" falsecount="2"/>
        <line num="113" count="0" type="stmt"/>
        <line num="114" count="0" type="stmt"/>
        <line num="120" count="0" type="stmt"/>
        <line num="121" count="0" type="cond" truecount="0" falsecount="2"/>
        <line num="122" count="0" type="stmt"/>
        <line num="129" count="0" type="stmt"/>
        <line num="131" count="0" type="cond" truecount="0" falsecount="2"/>
        <line num="132" count="0" type="stmt"/>
        <line num="133" count="0" type="cond" truecount="0" falsecount="2"/>
        <line num="134" count="0" type="stmt"/>
        <line num="139" count="0" type="stmt"/>
        <line num="140" count="0" type="cond" truecount="0" falsecount="2"/>
        <line num="141" count="0" type="stmt"/>
        <line num="144" count="0" type="stmt"/>
        <line num="146" count="0" type="stmt"/>
        <line num="148" count="0" type="stmt"/>
        <line num="150" count="0" type="stmt"/>
        <line num="153" count="0" type="stmt"/>
        <line num="156" count="0" type="cond" truecount="0" falsecount="2"/>
        <line num="164" count="0" type="stmt"/>
      </file>
      <file name="handleVSCodePaste.ts" path="/Users/lin/Desktop/levy/project/lcw-docs/packages/core/src/api/clipboard/fromClipboard/handleVSCodePaste.ts">
        <metrics statements="17" coveredstatements="0" conditionals="10" coveredconditionals="0" methods="1" coveredmethods="0"/>
        <line num="24" count="0" type="stmt"/>
        <line num="25" count="0" type="stmt"/>
        <line num="27" count="0" type="cond" truecount="0" falsecount="2"/>
        <line num="28" count="0" type="stmt"/>
        <line num="31" count="0" type="stmt"/>
        <line num="32" count="0" type="stmt"/>
        <line num="33" count="0" type="cond" truecount="0" falsecount="2"/>
        <line num="34" count="0" type="stmt"/>
        <line num="36" count="0" type="cond" truecount="0" falsecount="2"/>
        <line num="37" count="0" type="stmt"/>
        <line num="40" count="0" type="cond" truecount="0" falsecount="2"/>
        <line num="41" count="0" type="stmt"/>
        <line num="43" count="0" type="stmt"/>
        <line num="46" count="0" type="cond" truecount="0" falsecount="2"/>
        <line num="47" count="0" type="stmt"/>
        <line num="50" count="0" type="stmt"/>
        <line num="52" count="0" type="stmt"/>
      </file>
      <file name="pasteExtension.ts" path="/Users/lin/Desktop/levy/project/lcw-docs/packages/core/src/api/clipboard/fromClipboard/pasteExtension.ts">
        <metrics statements="29" coveredstatements="2" conditionals="14" coveredconditionals="0" methods="3" coveredmethods="1"/>
        <line num="26" count="12" type="stmt"/>
        <line num="29" count="198" type="stmt"/>
        <line num="32" count="0" type="stmt"/>
        <line num="37" count="0" type="stmt"/>
        <line num="39" count="0" type="cond" truecount="0" falsecount="2"/>
        <line num="40" count="0" type="stmt"/>
        <line num="44" count="0" type="stmt"/>
        <line num="45" count="0" type="cond" truecount="0" falsecount="2"/>
        <line num="46" count="0" type="stmt"/>
        <line num="47" count="0" type="stmt"/>
        <line num="50" count="0" type="cond" truecount="0" falsecount="2"/>
        <line num="51" count="0" type="stmt"/>
        <line num="54" count="0" type="cond" truecount="0" falsecount="2"/>
        <line num="55" count="0" type="stmt"/>
        <line num="56" count="0" type="stmt"/>
        <line num="59" count="0" type="cond" truecount="0" falsecount="2"/>
        <line num="60" count="0" type="stmt"/>
        <line num="61" count="0" type="stmt"/>
        <line num="64" count="0" type="stmt"/>
        <line num="66" count="0" type="cond" truecount="0" falsecount="2"/>
        <line num="67" count="0" type="stmt"/>
        <line num="68" count="0" type="stmt"/>
        <line num="71" count="0" type="cond" truecount="0" falsecount="2"/>
        <line num="72" count="0" type="stmt"/>
        <line num="73" count="0" type="stmt"/>
        <line num="74" count="0" type="stmt"/>
        <line num="75" count="0" type="stmt"/>
        <line num="78" count="0" type="stmt"/>
        <line num="80" count="0" type="stmt"/>
      </file>
    </package>
    <package name="src.api.clipboard.toClipboard">
      <metrics statements="57" coveredstatements="3" conditionals="21" coveredconditionals="0" methods="9" coveredmethods="1"/>
      <file name="copyExtension.ts" path="/Users/lin/Desktop/levy/project/lcw-docs/packages/core/src/api/clipboard/toClipboard/copyExtension.ts">
        <metrics statements="57" coveredstatements="3" conditionals="21" coveredconditionals="0" methods="9" coveredmethods="1"/>
        <line num="36" count="0" type="stmt"/>
        <line num="37" count="0" type="stmt"/>
        <line num="39" count="0" type="cond" truecount="0" falsecount="2"/>
        <line num="40" count="0" type="stmt"/>
        <line num="42" count="0" type="stmt"/>
        <line num="43" count="0" type="stmt"/>
        <line num="44" count="0" type="stmt"/>
        <line num="47" count="0" type="stmt"/>
        <line num="50" count="0" type="cond" truecount="0" falsecount="3"/>
        <line num="52" count="0" type="cond" truecount="0" falsecount="2"/>
        <line num="53" count="0" type="stmt"/>
        <line num="59" count="0" type="stmt"/>
        <line num="61" count="0" type="cond" truecount="0" falsecount="2"/>
        <line num="62" count="0" type="cond" truecount="0" falsecount="2"/>
        <line num="63" count="0" type="stmt"/>
        <line num="66" count="0" type="stmt"/>
        <line num="68" count="0" type="stmt"/>
        <line num="69" count="0" type="cond" truecount="0" falsecount="2"/>
        <line num="70" count="0" type="stmt"/>
        <line num="71" count="0" type="stmt"/>
        <line num="73" count="0" type="stmt"/>
        <line num="74" count="0" type="stmt"/>
        <line num="76" count="0" type="stmt"/>
        <line num="96" count="0" type="cond" truecount="0" falsecount="4"/>
        <line num="97" count="0" type="stmt"/>
        <line num="102" count="0" type="stmt"/>
        <line num="104" count="0" type="stmt"/>
        <line num="106" count="0" type="stmt"/>
        <line num="108" count="0" type="stmt"/>
        <line num="110" count="0" type="stmt"/>
        <line num="122" count="12" type="stmt"/>
        <line num="127" count="0" type="stmt"/>
        <line num="128" count="0" type="stmt"/>
        <line num="130" count="0" type="stmt"/>
        <line num="132" count="0" type="stmt"/>
        <line num="133" count="0" type="stmt"/>
        <line num="134" count="0" type="stmt"/>
        <line num="145" count="12" type="stmt"/>
        <line num="148" count="198" type="stmt"/>
        <line num="151" count="0" type="stmt"/>
        <line num="156" count="0" type="stmt"/>
        <line num="157" count="0" type="stmt"/>
        <line num="160" count="0" type="stmt"/>
        <line num="161" count="0" type="stmt"/>
        <line num="162" count="0" type="stmt"/>
        <line num="166" count="0" type="cond" truecount="0" falsecount="2"/>
        <line num="167" count="0" type="stmt"/>
        <line num="170" count="0" type="cond" truecount="0" falsecount="2"/>
        <line num="171" count="0" type="stmt"/>
        <line num="174" count="0" type="stmt"/>
        <line num="180" count="0" type="stmt"/>
        <line num="181" count="0" type="stmt"/>
        <line num="183" count="0" type="stmt"/>
        <line num="185" count="0" type="stmt"/>
        <line num="186" count="0" type="stmt"/>
        <line num="187" count="0" type="stmt"/>
        <line num="189" count="0" type="stmt"/>
      </file>
    </package>
    <package name="src.api.exporters.html">
      <metrics statements="15" coveredstatements="2" conditionals="0" coveredconditionals="0" methods="5" coveredmethods="0"/>
      <file name="externalHTMLExporter.ts" path="/Users/lin/Desktop/levy/project/lcw-docs/packages/core/src/api/exporters/html/externalHTMLExporter.ts">
        <metrics statements="11" coveredstatements="1" conditionals="0" coveredconditionals="0" methods="3" coveredmethods="0"/>
        <line num="23" count="12" type="stmt"/>
        <line num="27" count="0" type="stmt"/>
        <line num="29" count="0" type="stmt"/>
        <line num="40" count="0" type="stmt"/>
        <line num="48" count="0" type="stmt"/>
        <line num="49" count="0" type="stmt"/>
        <line num="50" count="0" type="stmt"/>
        <line num="63" count="0" type="stmt"/>
        <line num="65" count="0" type="stmt"/>
        <line num="66" count="0" type="stmt"/>
        <line num="68" count="0" type="stmt"/>
      </file>
      <file name="internalHTMLSerializer.ts" path="/Users/lin/Desktop/levy/project/lcw-docs/packages/core/src/api/exporters/html/internalHTMLSerializer.ts">
        <metrics statements="4" coveredstatements="1" conditionals="0" coveredconditionals="0" methods="2" coveredmethods="0"/>
        <line num="24" count="11" type="stmt"/>
        <line num="28" count="0" type="stmt"/>
        <line num="30" count="0" type="stmt"/>
        <line num="41" count="0" type="stmt"/>
      </file>
    </package>
    <package name="src.api.exporters.html.util">
      <metrics statements="107" coveredstatements="3" conditionals="74" coveredconditionals="0" methods="10" coveredmethods="0"/>
      <file name="serializeBlocksExternalHTML.ts" path="/Users/lin/Desktop/levy/project/lcw-docs/packages/core/src/api/exporters/html/util/serializeBlocksExternalHTML.ts">
        <metrics statements="67" coveredstatements="2" conditionals="52" coveredconditionals="0" methods="7" coveredmethods="0"/>
        <line num="23" count="0" type="cond" truecount="0" falsecount="2"/>
        <line num="25" count="0" type="cond" truecount="0" falsecount="2"/>
        <line num="26" count="0" type="stmt"/>
        <line num="28" count="0" type="stmt"/>
        <line num="51" count="0" type="cond" truecount="0" falsecount="2"/>
        <line num="52" count="0" type="stmt"/>
        <line num="53" count="0" type="cond" truecount="0" falsecount="2"/>
        <line num="54" count="0" type="stmt"/>
        <line num="55" count="0" type="cond" truecount="0" falsecount="2"/>
        <line num="56" count="0" type="stmt"/>
        <line num="57" count="0" type="cond" truecount="0" falsecount="2"/>
        <line num="58" count="0" type="stmt"/>
        <line num="60" count="0" type="stmt"/>
        <line num="63" count="0" type="stmt"/>
        <line num="65" count="0" type="cond" truecount="0" falsecount="2"/>
        <line num="66" count="0" type="stmt"/>
        <line num="69" count="0" type="stmt"/>
        <line num="94" count="0" type="cond" truecount="0" falsecount="2"/>
        <line num="95" count="0" type="stmt"/>
        <line num="97" count="0" type="stmt"/>
        <line num="99" count="0" type="cond" truecount="0" falsecount="2"/>
        <line num="100" count="0" type="stmt"/>
        <line num="101" count="0" type="stmt"/>
        <line num="102" count="0" type="stmt"/>
        <line num="106" count="0" type="stmt"/>
        <line num="116" count="0" type="stmt"/>
        <line num="118" count="0" type="stmt"/>
        <line num="120" count="0" type="stmt"/>
        <line num="121" count="0" type="cond" truecount="0" falsecount="2"/>
        <line num="122" count="0" type="stmt"/>
        <line num="124" count="0" type="cond" truecount="0" falsecount="8"/>
        <line num="134" count="0" type="stmt"/>
        <line num="135" count="0" type="stmt"/>
        <line num="138" count="0" type="stmt"/>
        <line num="139" count="0" type="stmt"/>
        <line num="141" count="0" type="stmt"/>
        <line num="144" count="0" type="cond" truecount="0" falsecount="4"/>
        <line num="145" count="0" type="stmt"/>
        <line num="147" count="0" type="stmt"/>
        <line num="150" count="0" type="stmt"/>
        <line num="151" count="0" type="cond" truecount="0" falsecount="2"/>
        <line num="152" count="0" type="stmt"/>
        <line num="153" count="0" type="cond" truecount="0" falsecount="2"/>
        <line num="154" count="0" type="stmt"/>
        <line num="157" count="0" type="cond" truecount="0" falsecount="2"/>
        <line num="158" count="0" type="cond" truecount="0" falsecount="2"/>
        <line num="159" count="0" type="stmt"/>
        <line num="160" count="0" type="stmt"/>
        <line num="162" count="0" type="stmt"/>
        <line num="163" count="0" type="stmt"/>
        <line num="164" count="0" type="stmt"/>
        <line num="166" count="0" type="stmt"/>
        <line num="169" count="0" type="cond" truecount="0" falsecount="4"/>
        <line num="170" count="0" type="stmt"/>
        <line num="171" count="0" type="stmt"/>
        <line num="180" count="0" type="cond" truecount="0" falsecount="4"/>
        <line num="181" count="0" type="cond" truecount="0" falsecount="2"/>
        <line num="182" count="0" type="stmt"/>
        <line num="186" count="0" type="stmt"/>
        <line num="203" count="12" type="stmt"/>
        <line num="212" count="0" type="stmt"/>
        <line num="213" count="0" type="stmt"/>
        <line num="230" count="12" type="stmt"/>
        <line num="238" count="0" type="cond" truecount="0" falsecount="2"/>
        <line num="239" count="0" type="stmt"/>
        <line num="241" count="0" type="stmt"/>
        <line num="242" count="0" type="stmt"/>
      </file>
      <file name="serializeBlocksInternalHTML.ts" path="/Users/lin/Desktop/levy/project/lcw-docs/packages/core/src/api/exporters/html/util/serializeBlocksInternalHTML.ts">
        <metrics statements="40" coveredstatements="1" conditionals="22" coveredconditionals="0" methods="3" coveredmethods="0"/>
        <line num="34" count="0" type="cond" truecount="0" falsecount="2"/>
        <line num="35" count="0" type="stmt"/>
        <line num="36" count="0" type="cond" truecount="0" falsecount="2"/>
        <line num="37" count="0" type="stmt"/>
        <line num="38" count="0" type="cond" truecount="0" falsecount="2"/>
        <line num="39" count="0" type="stmt"/>
        <line num="40" count="0" type="cond" truecount="0" falsecount="2"/>
        <line num="41" count="0" type="stmt"/>
        <line num="43" count="0" type="stmt"/>
        <line num="46" count="0" type="stmt"/>
        <line num="48" count="0" type="stmt"/>
        <line num="70" count="0" type="stmt"/>
        <line num="72" count="0" type="stmt"/>
        <line num="73" count="0" type="cond" truecount="0" falsecount="2"/>
        <line num="74" count="0" type="stmt"/>
        <line num="75" count="0" type="stmt"/>
        <line num="76" count="0" type="stmt"/>
        <line num="80" count="0" type="stmt"/>
        <line num="90" count="0" type="stmt"/>
        <line num="91" count="0" type="stmt"/>
        <line num="93" count="0" type="cond" truecount="0" falsecount="2"/>
        <line num="94" count="0" type="stmt"/>
        <line num="97" count="0" type="cond" truecount="0" falsecount="4"/>
        <line num="98" count="0" type="stmt"/>
        <line num="99" count="0" type="stmt"/>
        <line num="102" count="0" type="stmt"/>
        <line num="104" count="0" type="cond" truecount="0" falsecount="4"/>
        <line num="105" count="0" type="stmt"/>
        <line num="107" count="0" type="stmt"/>
        <line num="121" count="11" type="stmt"/>
        <line num="127" count="0" type="stmt"/>
        <line num="129" count="0" type="stmt"/>
        <line num="134" count="0" type="stmt"/>
        <line num="135" count="0" type="stmt"/>
        <line num="136" count="0" type="cond" truecount="0" falsecount="2"/>
        <line num="137" count="0" type="stmt"/>
        <line num="139" count="0" type="stmt"/>
        <line num="141" count="0" type="stmt"/>
        <line num="142" count="0" type="stmt"/>
        <line num="145" count="0" type="stmt"/>
      </file>
    </package>
    <package name="src.api.exporters.markdown">
      <metrics statements="26" coveredstatements="0" conditionals="8" coveredconditionals="0" methods="5" coveredmethods="0"/>
      <file name="markdownExporter.ts" path="/Users/lin/Desktop/levy/project/lcw-docs/packages/core/src/api/exporters/markdown/markdownExporter.ts">
        <metrics statements="10" coveredstatements="0" conditionals="2" coveredconditionals="0" methods="3" coveredmethods="0"/>
        <line num="28" count="0" type="stmt"/>
        <line num="30" count="0" type="cond" truecount="0" falsecount="2"/>
        <line num="31" count="0" type="stmt"/>
        <line num="34" count="0" type="stmt"/>
        <line num="42" count="0" type="stmt"/>
        <line num="46" count="0" type="stmt"/>
        <line num="66" count="0" type="stmt"/>
        <line num="67" count="0" type="stmt"/>
        <line num="68" count="0" type="stmt"/>
        <line num="70" count="0" type="stmt"/>
      </file>
      <file name="removeUnderlinesRehypePlugin.ts" path="/Users/lin/Desktop/levy/project/lcw-docs/packages/core/src/api/exporters/markdown/removeUnderlinesRehypePlugin.ts">
        <metrics statements="16" coveredstatements="0" conditionals="6" coveredconditionals="0" methods="2" coveredmethods="0"/>
        <line num="15" count="0" type="stmt"/>
        <line num="16" count="0" type="stmt"/>
        <line num="18" count="0" type="stmt"/>
        <line num="19" count="0" type="stmt"/>
        <line num="21" count="0" type="cond" truecount="0" falsecount="2"/>
        <line num="22" count="0" type="stmt"/>
        <line num="24" count="0" type="cond" truecount="0" falsecount="2"/>
        <line num="25" count="0" type="cond" truecount="0" falsecount="2"/>
        <line num="26" count="0" type="stmt"/>
        <line num="28" count="0" type="stmt"/>
        <line num="29" count="0" type="stmt"/>
        <line num="30" count="0" type="stmt"/>
        <line num="32" count="0" type="stmt"/>
        <line num="34" count="0" type="stmt"/>
        <line num="35" count="0" type="stmt"/>
        <line num="42" count="0" type="stmt"/>
      </file>
    </package>
    <package name="src.api.exporters.markdown.util">
      <metrics statements="13" coveredstatements="0" conditionals="16" coveredconditionals="0" methods="2" coveredmethods="0"/>
      <file name="addSpacesToCheckboxesRehypePlugin.ts" path="/Users/lin/Desktop/levy/project/lcw-docs/packages/core/src/api/exporters/markdown/util/addSpacesToCheckboxesRehypePlugin.ts">
        <metrics statements="13" coveredstatements="0" conditionals="16" coveredconditionals="0" methods="2" coveredmethods="0"/>
        <line num="18" count="0" type="stmt"/>
        <line num="20" count="0" type="cond" truecount="0" falsecount="2"/>
        <line num="21" count="0" type="stmt"/>
        <line num="24" count="0" type="stmt"/>
        <line num="25" count="0" type="cond" truecount="0" falsecount="5"/>
        <line num="26" count="0" type="stmt"/>
        <line num="27" count="0" type="stmt"/>
        <line num="28" count="0" type="cond" truecount="0" falsecount="2"/>
        <line num="30" count="0" type="cond" truecount="0" falsecount="2"/>
        <line num="37" count="0" type="stmt"/>
        <line num="38" count="0" type="stmt"/>
        <line num="40" count="0" type="stmt"/>
        <line num="46" count="0" type="stmt"/>
      </file>
    </package>
    <package name="src.api.nodeConversions">
      <metrics statements="203" coveredstatements="136" conditionals="121" coveredconditionals="64" methods="21" coveredmethods="20"/>
      <file name="blockToNode.ts" path="/Users/lin/Desktop/levy/project/lcw-docs/packages/core/src/api/nodeConversions/blockToNode.ts">
        <metrics statements="83" coveredstatements="69" conditionals="44" coveredconditionals="31" methods="10" coveredmethods="10"/>
        <line num="35" count="262" type="stmt"/>
        <line num="37" count="262" type="stmt"/>
        <line num="38" count="12" type="stmt"/>
        <line num="39" count="12" type="cond" truecount="1" falsecount="1"/>
        <line num="40" count="0" type="stmt"/>
        <line num="43" count="12" type="cond" truecount="1" falsecount="1"/>
        <line num="44" count="12" type="stmt"/>
        <line num="45" count="0" type="cond" truecount="0" falsecount="2"/>
        <line num="46" count="0" type="stmt"/>
        <line num="48" count="0" type="stmt"/>
        <line num="52" count="262" type="stmt"/>
        <line num="54" count="268" type="stmt"/>
        <line num="56" count="268" type="cond" truecount="2" falsecount="0"/>
        <line num="57" count="3" type="stmt"/>
        <line num="59" count="265" type="stmt"/>
        <line num="75" count="6" type="stmt"/>
        <line num="79" count="6" type="stmt"/>
        <line num="80" count="6" type="cond" truecount="1" falsecount="1"/>
        <line num="81" count="6" type="stmt"/>
        <line num="84" count="0" type="cond" truecount="0" falsecount="2"/>
        <line num="85" count="0" type="stmt"/>
        <line num="87" count="0" type="stmt"/>
        <line num="102" count="503" type="stmt"/>
        <line num="104" count="503" type="cond" truecount="2" falsecount="0"/>
        <line num="105" count="241" type="stmt"/>
        <line num="106" count="241" type="stmt"/>
        <line num="109" count="262" type="stmt"/>
        <line num="110" count="262" type="stmt"/>
        <line num="112" count="262" type="stmt"/>
        <line num="130" count="256" type="stmt"/>
        <line num="132" count="256" type="stmt"/>
        <line num="133" count="262" type="cond" truecount="2" falsecount="0"/>
        <line num="134" count="236" type="stmt"/>
        <line num="135" count="26" type="cond" truecount="2" falsecount="0"/>
        <line num="136" count="6" type="stmt"/>
        <line num="137" count="20" type="cond" truecount="1" falsecount="1"/>
        <line num="138" count="20" type="stmt"/>
        <line num="140" count="0" type="stmt"/>
        <line num="143" count="256" type="stmt"/>
        <line num="161" count="6" type="stmt"/>
        <line num="163" count="6" type="stmt"/>
        <line num="164" count="9" type="stmt"/>
        <line num="165" count="9" type="stmt"/>
        <line num="166" count="18" type="stmt"/>
        <line num="168" count="18" type="cond" truecount="1" falsecount="1"/>
        <line num="169" count="0" type="stmt"/>
        <line num="170" count="18" type="cond" truecount="1" falsecount="1"/>
        <line num="171" count="18" type="stmt"/>
        <line num="173" count="0" type="stmt"/>
        <line num="174" count="0" type="stmt"/>
        <line num="177" count="18" type="stmt"/>
        <line num="183" count="18" type="stmt"/>
        <line num="185" count="9" type="stmt"/>
        <line num="186" count="9" type="stmt"/>
        <line num="188" count="6" type="stmt"/>
        <line num="207" count="361" type="stmt"/>
        <line num="209" count="361" type="cond" truecount="1" falsecount="1"/>
        <line num="210" count="0" type="stmt"/>
        <line num="213" count="361" type="cond" truecount="1" falsecount="1"/>
        <line num="214" count="0" type="stmt"/>
        <line num="217" count="361" type="cond" truecount="2" falsecount="0"/>
        <line num="218" count="109" type="stmt"/>
        <line num="219" count="252" type="cond" truecount="2" falsecount="0"/>
        <line num="220" count="233" type="stmt"/>
        <line num="221" count="233" type="stmt"/>
        <line num="222" count="19" type="cond" truecount="2" falsecount="0"/>
        <line num="223" count="17" type="stmt"/>
        <line num="224" count="17" type="stmt"/>
        <line num="225" count="2" type="cond" truecount="1" falsecount="1"/>
        <line num="226" count="2" type="stmt"/>
        <line num="227" count="2" type="stmt"/>
        <line num="229" count="0" type="stmt"/>
        <line num="231" count="361" type="stmt"/>
        <line num="246" count="361" type="stmt"/>
        <line num="248" count="361" type="cond" truecount="2" falsecount="0"/>
        <line num="249" count="25" type="stmt"/>
        <line num="252" count="361" type="stmt"/>
        <line num="254" count="361" type="stmt"/>
        <line num="256" count="361" type="cond" truecount="2" falsecount="0"/>
        <line num="257" count="11" type="stmt"/>
        <line num="258" count="7" type="stmt"/>
        <line num="262" count="361" type="stmt"/>
        <line num="264" count="361" type="stmt"/>
      </file>
      <file name="fragmentToBlocks.ts" path="/Users/lin/Desktop/levy/project/lcw-docs/packages/core/src/api/nodeConversions/fragmentToBlocks.ts">
        <metrics statements="9" coveredstatements="7" conditionals="4" coveredconditionals="2" methods="2" coveredmethods="2"/>
        <line num="27" count="11" type="stmt"/>
        <line num="28" count="11" type="stmt"/>
        <line num="29" count="14" type="cond" truecount="1" falsecount="1"/>
        <line num="30" count="14" type="cond" truecount="1" falsecount="1"/>
        <line num="31" count="0" type="stmt"/>
        <line num="33" count="14" type="stmt"/>
        <line num="34" count="14" type="stmt"/>
        <line num="36" count="0" type="stmt"/>
        <line num="38" count="11" type="stmt"/>
      </file>
      <file name="nodeToBlock.ts" path="/Users/lin/Desktop/levy/project/lcw-docs/packages/core/src/api/nodeConversions/nodeToBlock.ts">
        <metrics statements="111" coveredstatements="60" conditionals="73" coveredconditionals="31" methods="9" coveredmethods="8"/>
        <line num="41" count="1" type="stmt"/>
        <line num="47" count="1" type="stmt"/>
        <line num="48" count="2" type="stmt"/>
        <line num="52" count="2" type="cond" truecount="2" falsecount="0"/>
        <line num="53" count="1" type="stmt"/>
        <line num="54" count="2" type="cond" truecount="2" falsecount="0"/>
        <line num="58" count="2" type="stmt"/>
        <line num="59" count="4" type="stmt"/>
        <line num="62" count="2" type="stmt"/>
        <line num="65" count="1" type="stmt"/>
        <line num="84" count="236" type="stmt"/>
        <line num="85" count="236" type="stmt"/>
        <line num="87" count="236" type="stmt"/>
        <line num="88" count="219" type="cond" truecount="1" falsecount="1"/>
        <line num="89" count="0" type="cond" truecount="0" falsecount="2"/>
        <line num="90" count="0" type="cond" truecount="0" falsecount="2"/>
        <line num="91" count="0" type="stmt"/>
        <line num="92" count="0" type="cond" truecount="0" falsecount="2"/>
        <line num="93" count="0" type="stmt"/>
        <line num="95" count="0" type="stmt"/>
        <line num="98" count="0" type="stmt"/>
        <line num="105" count="0" type="stmt"/>
        <line num="108" count="219" type="cond" truecount="3" falsecount="2"/>
        <line num="109" count="0" type="cond" truecount="0" falsecount="2"/>
        <line num="110" count="0" type="stmt"/>
        <line num="111" count="0" type="stmt"/>
        <line num="114" count="0" type="stmt"/>
        <line num="116" count="0" type="stmt"/>
        <line num="119" count="219" type="stmt"/>
        <line num="122" count="219" type="stmt"/>
        <line num="123" count="7" type="cond" truecount="2" falsecount="0"/>
        <line num="124" count="2" type="stmt"/>
        <line num="126" count="5" type="stmt"/>
        <line num="127" count="5" type="cond" truecount="1" falsecount="1"/>
        <line num="128" count="0" type="stmt"/>
        <line num="130" count="5" type="cond" truecount="1" falsecount="1"/>
        <line num="131" count="5" type="stmt"/>
        <line num="132" count="0" type="cond" truecount="0" falsecount="2"/>
        <line num="133" count="0" type="stmt"/>
        <line num="135" count="0" type="stmt"/>
        <line num="140" count="219" type="cond" truecount="2" falsecount="0"/>
        <line num="141" count="3" type="cond" truecount="1" falsecount="1"/>
        <line num="142" count="3" type="cond" truecount="1" falsecount="1"/>
        <line num="143" count="3" type="cond" truecount="1" falsecount="1"/>
        <line num="144" count="0" type="stmt"/>
        <line num="146" count="3" type="stmt"/>
        <line num="147" count="3" type="stmt"/>
        <line num="154" count="0" type="stmt"/>
        <line num="155" count="0" type="stmt"/>
        <line num="167" count="0" type="cond" truecount="0" falsecount="2"/>
        <line num="168" count="0" type="cond" truecount="0" falsecount="2"/>
        <line num="169" count="0" type="cond" truecount="0" falsecount="2"/>
        <line num="170" count="0" type="cond" truecount="0" falsecount="2"/>
        <line num="171" count="0" type="stmt"/>
        <line num="173" count="0" type="stmt"/>
        <line num="180" count="0" type="stmt"/>
        <line num="181" count="0" type="stmt"/>
        <line num="194" count="0" type="stmt"/>
        <line num="195" count="0" type="stmt"/>
        <line num="203" count="216" type="cond" truecount="2" falsecount="0"/>
        <line num="204" count="214" type="stmt"/>
        <line num="210" count="2" type="stmt"/>
        <line num="225" count="236" type="cond" truecount="2" falsecount="0"/>
        <line num="226" count="216" type="stmt"/>
        <line num="229" count="236" type="stmt"/>
        <line num="247" count="0" type="cond" truecount="0" falsecount="4"/>
        <line num="248" count="0" type="stmt"/>
        <line num="250" count="0" type="stmt"/>
        <line num="251" count="0" type="stmt"/>
        <line num="252" count="0" type="stmt"/>
        <line num="253" count="0" type="cond" truecount="0" falsecount="2"/>
        <line num="254" count="0" type="stmt"/>
        <line num="257" count="0" type="stmt"/>
        <line num="259" count="0" type="cond" truecount="0" falsecount="2"/>
        <line num="260" count="0" type="stmt"/>
        <line num="266" count="0" type="cond" truecount="0" falsecount="2"/>
        <line num="267" count="0" type="stmt"/>
        <line num="269" count="0" type="stmt"/>
        <line num="272" count="0" type="stmt"/>
        <line num="277" count="0" type="stmt"/>
        <line num="300" count="271" type="cond" truecount="2" falsecount="0"/>
        <line num="301" count="1" type="stmt"/>
        <line num="304" count="270" type="stmt"/>
        <line num="306" count="271" type="cond" truecount="2" falsecount="0"/>
        <line num="307" count="40" type="stmt"/>
        <line num="310" count="230" type="stmt"/>
        <line num="312" count="230" type="stmt"/>
        <line num="314" count="230" type="cond" truecount="2" falsecount="0"/>
        <line num="315" count="5" type="stmt"/>
        <line num="318" count="230" type="stmt"/>
        <line num="319" count="230" type="stmt"/>
        <line num="323" count="937" type="stmt"/>
        <line num="325" count="937" type="cond" truecount="1" falsecount="1"/>
        <line num="326" count="0" type="stmt"/>
        <line num="329" count="937" type="stmt"/>
        <line num="331" count="937" type="cond" truecount="2" falsecount="0"/>
        <line num="332" count="705" type="stmt"/>
        <line num="336" count="230" type="stmt"/>
        <line num="338" count="230" type="stmt"/>
        <line num="339" count="230" type="stmt"/>
        <line num="340" count="6" type="stmt"/>
        <line num="345" count="271" type="cond" truecount="1" falsecount="1"/>
        <line num="346" count="230" type="stmt"/>
        <line num="347" count="0" type="cond" truecount="0" falsecount="2"/>
        <line num="348" count="0" type="stmt"/>
        <line num="349" count="0" type="cond" truecount="0" falsecount="2"/>
        <line num="350" count="0" type="stmt"/>
        <line num="352" count="0" type="stmt"/>
        <line num="355" count="230" type="stmt"/>
        <line num="363" count="230" type="stmt"/>
        <line num="365" count="271" type="stmt"/>
      </file>
    </package>
    <package name="src.api.parsers.html">
      <metrics statements="7" coveredstatements="0" conditionals="0" coveredconditionals="0" methods="1" coveredmethods="0"/>
      <file name="parseHTML.ts" path="/Users/lin/Desktop/levy/project/lcw-docs/packages/core/src/api/parsers/html/parseHTML.ts">
        <metrics statements="7" coveredstatements="0" conditionals="0" coveredconditionals="0" methods="1" coveredmethods="0"/>
        <line num="34" count="0" type="stmt"/>
        <line num="35" count="0" type="stmt"/>
        <line num="37" count="0" type="stmt"/>
        <line num="41" count="0" type="stmt"/>
        <line num="43" count="0" type="stmt"/>
        <line num="44" count="0" type="stmt"/>
        <line num="47" count="0" type="stmt"/>
      </file>
    </package>
    <package name="src.api.parsers.html.util">
      <metrics statements="37" coveredstatements="1" conditionals="14" coveredconditionals="0" methods="10" coveredmethods="0"/>
      <file name="nestedLists.ts" path="/Users/lin/Desktop/levy/project/lcw-docs/packages/core/src/api/parsers/html/util/nestedLists.ts">
        <metrics statements="37" coveredstatements="1" conditionals="14" coveredconditionals="0" methods="10" coveredmethods="0"/>
        <line num="16" count="0" type="stmt"/>
        <line num="26" count="0" type="cond" truecount="0" falsecount="4"/>
        <line num="36" count="0" type="stmt"/>
        <line num="37" count="0" type="stmt"/>
        <line num="38" count="0" type="stmt"/>
        <line num="39" count="0" type="stmt"/>
        <line num="40" count="0" type="stmt"/>
        <line num="41" count="0" type="stmt"/>
        <line num="42" count="0" type="stmt"/>
        <line num="45" count="0" type="stmt"/>
        <line num="47" count="0" type="stmt"/>
        <line num="48" count="0" type="cond" truecount="0" falsecount="2"/>
        <line num="49" count="0" type="stmt"/>
        <line num="51" count="0" type="stmt"/>
        <line num="52" count="0" type="stmt"/>
        <line num="53" count="0" type="stmt"/>
        <line num="55" count="0" type="cond" truecount="0" falsecount="2"/>
        <line num="56" count="0" type="stmt"/>
        <line num="68" count="0" type="stmt"/>
        <line num="69" count="0" type="stmt"/>
        <line num="70" count="0" type="stmt"/>
        <line num="72" count="0" type="stmt"/>
        <line num="73" count="0" type="stmt"/>
        <line num="75" count="0" type="stmt"/>
        <line num="76" count="0" type="stmt"/>
        <line num="77" count="0" type="stmt"/>
        <line num="79" count="0" type="cond" truecount="0" falsecount="2"/>
        <line num="80" count="0" type="stmt"/>
        <line num="91" count="12" type="stmt"/>
        <line num="93" count="0" type="cond" truecount="0" falsecount="2"/>
        <line num="105" count="0" type="cond" truecount="0" falsecount="2"/>
        <line num="106" count="0" type="stmt"/>
        <line num="107" count="0" type="stmt"/>
        <line num="108" count="0" type="stmt"/>
        <line num="110" count="0" type="stmt"/>
        <line num="111" count="0" type="stmt"/>
        <line num="112" count="0" type="stmt"/>
      </file>
    </package>
    <package name="src.api.parsers.markdown">
      <metrics statements="15" coveredstatements="0" conditionals="6" coveredconditionals="0" methods="2" coveredmethods="0"/>
      <file name="parseMarkdown.ts" path="/Users/lin/Desktop/levy/project/lcw-docs/packages/core/src/api/parsers/markdown/parseMarkdown.ts">
        <metrics statements="15" coveredstatements="0" conditionals="6" coveredconditionals="0" methods="2" coveredmethods="0"/>
        <line num="26" count="0" type="cond" truecount="0" falsecount="2"/>
        <line num="27" count="0" type="stmt"/>
        <line num="29" count="0" type="cond" truecount="0" falsecount="2"/>
        <line num="30" count="0" type="stmt"/>
        <line num="33" count="0" type="stmt"/>
        <line num="40" count="0" type="cond" truecount="0" falsecount="2"/>
        <line num="41" count="0" type="stmt"/>
        <line num="44" count="0" type="stmt"/>
        <line num="45" count="0" type="stmt"/>
        <line num="47" count="0" type="stmt"/>
        <line num="53" count="0" type="stmt"/>
        <line num="54" count="0" type="stmt"/>
        <line num="77" count="0" type="stmt"/>
        <line num="78" count="0" type="stmt"/>
        <line num="91" count="0" type="stmt"/>
      </file>
    </package>
    <package name="src.blocks">
      <metrics statements="39" coveredstatements="31" conditionals="29" coveredconditionals="23" methods="10" coveredmethods="9"/>
      <file name="defaultBlockHelpers.ts" path="/Users/lin/Desktop/levy/project/lcw-docs/packages/core/src/blocks/defaultBlockHelpers.ts">
        <metrics statements="22" coveredstatements="14" conditionals="10" coveredconditionals="4" methods="2" coveredmethods="1"/>
        <line num="25" count="16" type="stmt"/>
        <line num="26" count="16" type="stmt"/>
        <line num="27" count="16" type="stmt"/>
        <line num="28" count="16" type="stmt"/>
        <line num="29" count="5" type="cond" truecount="2" falsecount="0"/>
        <line num="30" count="2" type="stmt"/>
        <line num="34" count="16" type="stmt"/>
        <line num="35" count="16" type="stmt"/>
        <line num="36" count="16" type="stmt"/>
        <line num="37" count="5" type="cond" truecount="2" falsecount="0"/>
        <line num="38" count="2" type="stmt"/>
        <line num="42" count="16" type="stmt"/>
        <line num="44" count="16" type="stmt"/>
        <line num="57" count="18" type="stmt"/>
        <line num="64" count="0" type="stmt"/>
        <line num="65" count="0" type="stmt"/>
        <line num="67" count="0" type="cond" truecount="0" falsecount="2"/>
        <line num="68" count="0" type="stmt"/>
        <line num="71" count="0" type="stmt"/>
        <line num="73" count="0" type="cond" truecount="0" falsecount="4"/>
        <line num="74" count="0" type="stmt"/>
        <line num="79" count="0" type="stmt"/>
      </file>
      <file name="defaultBlockTypeGuards.ts" path="/Users/lin/Desktop/levy/project/lcw-docs/packages/core/src/blocks/defaultBlockTypeGuards.ts">
        <metrics statements="9" coveredstatements="9" conditionals="19" coveredconditionals="19" methods="8" coveredmethods="8"/>
        <line num="22" count="189" type="cond" truecount="2" falsecount="0"/>
        <line num="39" count="4" type="stmt"/>
        <line num="57" count="4" type="cond" truecount="3" falsecount="0"/>
        <line num="70" count="4" type="cond" truecount="3" falsecount="0"/>
        <line num="89" count="4" type="stmt"/>
        <line num="107" count="4" type="stmt"/>
        <line num="108" count="4" type="cond" truecount="2" falsecount="0"/>
        <line num="135" count="9" type="stmt"/>
        <line num="164" count="4" type="stmt"/>
      </file>
      <file name="defaultBlocks.ts" path="/Users/lin/Desktop/levy/project/lcw-docs/packages/core/src/blocks/defaultBlocks.ts">
        <metrics statements="6" coveredstatements="6" conditionals="0" coveredconditionals="0" methods="0" coveredmethods="0"/>
        <line num="46" count="14" type="stmt"/>
        <line num="64" count="14" type="stmt"/>
        <line num="74" count="14" type="stmt"/>
        <line num="87" count="14" type="stmt"/>
        <line num="97" count="14" type="stmt"/>
        <line num="105" count="14" type="stmt"/>
      </file>
      <file name="defaultProps.ts" path="/Users/lin/Desktop/levy/project/lcw-docs/packages/core/src/blocks/defaultProps.ts">
        <metrics statements="2" coveredstatements="2" conditionals="0" coveredconditionals="0" methods="0" coveredmethods="0"/>
        <line num="12" count="17" type="stmt"/>
        <line num="31" count="17" type="stmt"/>
      </file>
    </package>
    <package name="src.blocks.AudioBlockContent">
      <metrics statements="44" coveredstatements="7" conditionals="18" coveredconditionals="0" methods="5" coveredmethods="0"/>
      <file name="AudioBlockContent.ts" path="/Users/lin/Desktop/levy/project/lcw-docs/packages/core/src/blocks/AudioBlockContent/AudioBlockContent.ts">
        <metrics statements="41" coveredstatements="6" conditionals="16" coveredconditionals="0" methods="4" coveredmethods="0"/>
        <line num="21" count="14" type="stmt"/>
        <line num="42" count="14" type="stmt"/>
        <line num="54" count="14" type="stmt"/>
        <line num="55" count="0" type="stmt"/>
        <line num="56" count="0" type="stmt"/>
        <line num="59" count="0" type="stmt"/>
        <line num="60" count="0" type="stmt"/>
        <line num="61" count="0" type="stmt"/>
        <line num="62" count="0" type="stmt"/>
        <line num="64" count="0" type="stmt"/>
        <line num="65" count="0" type="stmt"/>
        <line num="66" count="0" type="stmt"/>
        <line num="68" count="0" type="stmt"/>
        <line num="70" count="0" type="stmt"/>
        <line num="84" count="14" type="stmt"/>
        <line num="85" count="0" type="cond" truecount="0" falsecount="2"/>
        <line num="86" count="0" type="stmt"/>
        <line num="89" count="0" type="cond" truecount="0" falsecount="2"/>
        <line num="90" count="0" type="stmt"/>
        <line num="91" count="0" type="cond" truecount="0" falsecount="2"/>
        <line num="92" count="0" type="stmt"/>
        <line num="95" count="0" type="stmt"/>
        <line num="97" count="0" type="stmt"/>
        <line num="103" count="0" type="stmt"/>
        <line num="110" count="14" type="stmt"/>
        <line num="111" count="0" type="cond" truecount="0" falsecount="2"/>
        <line num="112" count="0" type="stmt"/>
        <line num="113" count="0" type="stmt"/>
        <line num="115" count="0" type="stmt"/>
        <line num="121" count="0" type="cond" truecount="0" falsecount="2"/>
        <line num="122" count="0" type="stmt"/>
        <line num="123" count="0" type="stmt"/>
        <line num="125" count="0" type="stmt"/>
        <line num="126" count="0" type="stmt"/>
        <line num="127" count="0" type="cond" truecount="0" falsecount="2"/>
        <line num="130" count="0" type="cond" truecount="0" falsecount="2"/>
        <line num="131" count="0" type="cond" truecount="0" falsecount="2"/>
        <line num="132" count="0" type="stmt"/>
        <line num="134" count="0" type="stmt"/>
        <line num="138" count="0" type="stmt"/>
        <line num="146" count="14" type="stmt"/>
      </file>
      <file name="audioBlockHelpers.ts" path="/Users/lin/Desktop/levy/project/lcw-docs/packages/core/src/blocks/AudioBlockContent/audioBlockHelpers.ts">
        <metrics statements="3" coveredstatements="1" conditionals="2" coveredconditionals="0" methods="1" coveredmethods="0"/>
        <line num="1" count="14" type="stmt"/>
        <line num="2" count="0" type="cond" truecount="0" falsecount="2"/>
        <line num="4" count="0" type="stmt"/>
      </file>
    </package>
    <package name="src.blocks.CodeBlockContent">
      <metrics statements="152" coveredstatements="17" conditionals="66" coveredconditionals="0" methods="33" coveredmethods="4"/>
      <file name="CodeBlockContent.ts" path="/Users/lin/Desktop/levy/project/lcw-docs/packages/core/src/blocks/CodeBlockContent/CodeBlockContent.ts">
        <metrics statements="142" coveredstatements="7" conditionals="66" coveredconditionals="0" methods="33" coveredmethods="4"/>
        <line num="17" count="14" type="stmt"/>
        <line num="20" count="504" type="stmt"/>
        <line num="24" count="14" type="stmt"/>
        <line num="33" count="14" type="stmt"/>
        <line num="41" count="180" type="stmt"/>
        <line num="45" count="0" type="stmt"/>
        <line num="47" count="0" type="cond" truecount="0" falsecount="4"/>
        <line num="48" count="0" type="stmt"/>
        <line num="51" count="0" type="cond" truecount="0" falsecount="2"/>
        <line num="52" count="0" type="stmt"/>
        <line num="55" count="0" type="stmt"/>
        <line num="57" count="0" type="cond" truecount="0" falsecount="2"/>
        <line num="58" count="0" type="stmt"/>
        <line num="61" count="0" type="cond" truecount="0" falsecount="2"/>
        <line num="62" count="0" type="stmt"/>
        <line num="63" count="0" type="stmt"/>
        <line num="64" count="0" type="stmt"/>
        <line num="65" count="0" type="stmt"/>
        <line num="67" count="0" type="cond" truecount="0" falsecount="2"/>
        <line num="68" count="0" type="stmt"/>
        <line num="71" count="0" type="stmt"/>
        <line num="74" count="0" type="cond" truecount="0" falsecount="4"/>
        <line num="85" count="180" type="stmt"/>
        <line num="97" count="0" type="stmt"/>
        <line num="98" count="0" type="cond" truecount="0" falsecount="2"/>
        <line num="103" count="0" type="stmt"/>
        <line num="104" count="0" type="stmt"/>
        <line num="105" count="0" type="stmt"/>
        <line num="107" count="0" type="stmt"/>
        <line num="114" count="0" type="stmt"/>
        <line num="116" count="0" type="stmt"/>
        <line num="117" count="0" type="stmt"/>
        <line num="118" count="0" type="stmt"/>
        <line num="128" count="0" type="stmt"/>
        <line num="129" count="0" type="stmt"/>
        <line num="131" count="0" type="stmt"/>
        <line num="132" count="0" type="stmt"/>
        <line num="133" count="0" type="stmt"/>
        <line num="134" count="0" type="stmt"/>
        <line num="135" count="0" type="stmt"/>
        <line num="136" count="0" type="stmt"/>
        <line num="137" count="0" type="stmt"/>
        <line num="139" count="0" type="cond" truecount="0" falsecount="2"/>
        <line num="141" count="0" type="stmt"/>
        <line num="142" count="0" type="stmt"/>
        <line num="143" count="0" type="stmt"/>
        <line num="144" count="0" type="stmt"/>
        <line num="145" count="0" type="stmt"/>
        <line num="148" count="0" type="stmt"/>
        <line num="150" count="0" type="stmt"/>
        <line num="151" count="0" type="stmt"/>
        <line num="153" count="0" type="stmt"/>
        <line num="154" count="0" type="stmt"/>
        <line num="155" count="0" type="stmt"/>
        <line num="156" count="0" type="stmt"/>
        <line num="157" count="0" type="stmt"/>
        <line num="158" count="0" type="stmt"/>
        <line num="159" count="0" type="cond" truecount="0" falsecount="2"/>
        <line num="160" count="0" type="cond" truecount="0" falsecount="2"/>
        <line num="162" count="0" type="stmt"/>
        <line num="164" count="0" type="stmt"/>
        <line num="165" count="0" type="stmt"/>
        <line num="166" count="0" type="stmt"/>
        <line num="167" count="0" type="stmt"/>
        <line num="168" count="0" type="cond" truecount="0" falsecount="2"/>
        <line num="169" count="0" type="stmt"/>
        <line num="170" count="0" type="stmt"/>
        <line num="171" count="0" type="stmt"/>
        <line num="172" count="0" type="stmt"/>
        <line num="173" count="0" type="stmt"/>
        <line num="179" count="0" type="stmt"/>
        <line num="181" count="0" type="stmt"/>
        <line num="182" count="0" type="stmt"/>
        <line num="183" count="0" type="stmt"/>
        <line num="184" count="0" type="stmt"/>
        <line num="186" count="0" type="stmt"/>
        <line num="187" count="0" type="stmt"/>
        <line num="188" count="0" type="stmt"/>
        <line num="189" count="0" type="stmt"/>
        <line num="191" count="0" type="stmt"/>
        <line num="195" count="0" type="cond" truecount="0" falsecount="2"/>
        <line num="196" count="0" type="stmt"/>
        <line num="198" count="0" type="cond" truecount="0" falsecount="2"/>
        <line num="199" count="0" type="stmt"/>
        <line num="202" count="0" type="stmt"/>
        <line num="203" count="0" type="stmt"/>
        <line num="204" count="0" type="stmt"/>
        <line num="211" count="0" type="stmt"/>
        <line num="213" count="0" type="stmt"/>
        <line num="214" count="0" type="stmt"/>
        <line num="215" count="0" type="cond" truecount="0" falsecount="5"/>
        <line num="216" count="0" type="stmt"/>
        <line num="218" count="0" type="stmt"/>
        <line num="219" count="0" type="stmt"/>
        <line num="221" count="0" type="stmt"/>
        <line num="225" count="0" type="stmt"/>
        <line num="227" count="0" type="stmt"/>
        <line num="229" count="0" type="stmt"/>
        <line num="233" count="0" type="stmt"/>
        <line num="237" count="0" type="stmt"/>
        <line num="239" count="0" type="stmt"/>
        <line num="243" count="0" type="stmt"/>
        <line num="244" count="0" type="stmt"/>
        <line num="245" count="0" type="stmt"/>
        <line num="248" count="0" type="stmt"/>
        <line num="252" count="0" type="cond" truecount="0" falsecount="2"/>
        <line num="253" count="0" type="stmt"/>
        <line num="256" count="0" type="stmt"/>
        <line num="261" count="0" type="stmt"/>
        <line num="268" count="0" type="stmt"/>
        <line num="270" count="0" type="stmt"/>
        <line num="271" count="0" type="stmt"/>
        <line num="273" count="0" type="cond" truecount="0" falsecount="5"/>
        <line num="274" count="0" type="stmt"/>
        <line num="276" count="0" type="stmt"/>
        <line num="278" count="0" type="stmt"/>
        <line num="281" count="0" type="stmt"/>
        <line num="284" count="0" type="cond" truecount="0" falsecount="2"/>
        <line num="285" count="0" type="stmt"/>
        <line num="287" count="0" type="cond" truecount="0" falsecount="2"/>
        <line num="288" count="0" type="stmt"/>
        <line num="289" count="0" type="stmt"/>
        <line num="292" count="0" type="stmt"/>
        <line num="295" count="0" type="stmt"/>
        <line num="297" count="0" type="cond" truecount="0" falsecount="2"/>
        <line num="298" count="0" type="stmt"/>
        <line num="301" count="0" type="stmt"/>
        <line num="302" count="0" type="stmt"/>
        <line num="304" count="0" type="cond" truecount="0" falsecount="4"/>
        <line num="305" count="0" type="stmt"/>
        <line num="306" count="0" type="stmt"/>
        <line num="309" count="0" type="stmt"/>
        <line num="312" count="0" type="stmt"/>
        <line num="314" count="0" type="stmt"/>
        <line num="320" count="0" type="stmt"/>
        <line num="322" count="0" type="cond" truecount="0" falsecount="2"/>
        <line num="323" count="0" type="stmt"/>
        <line num="326" count="0" type="stmt"/>
        <line num="333" count="0" type="stmt"/>
        <line num="339" count="14" type="stmt"/>
        <line num="342" count="0" type="stmt"/>
        <line num="345" count="0" type="cond" truecount="0" falsecount="2"/>
      </file>
      <file name="defaultSupportedLanguages.ts" path="/Users/lin/Desktop/levy/project/lcw-docs/packages/core/src/blocks/CodeBlockContent/defaultSupportedLanguages.ts">
        <metrics statements="10" coveredstatements="10" conditionals="0" coveredconditionals="0" methods="0" coveredmethods="0"/>
        <line num="12" count="14" type="stmt"/>
        <line num="13" count="14" type="stmt"/>
        <line num="14" count="14" type="stmt"/>
        <line num="15" count="14" type="stmt"/>
        <line num="16" count="14" type="stmt"/>
        <line num="17" count="14" type="stmt"/>
        <line num="18" count="14" type="stmt"/>
        <line num="19" count="14" type="stmt"/>
        <line num="20" count="14" type="stmt"/>
        <line num="28" count="14" type="stmt"/>
      </file>
    </package>
    <package name="src.blocks.FileBlockContent">
      <metrics statements="198" coveredstatements="15" conditionals="78" coveredconditionals="0" methods="25" coveredmethods="0"/>
      <file name="FileBlockContent.ts" path="/Users/lin/Desktop/levy/project/lcw-docs/packages/core/src/blocks/FileBlockContent/FileBlockContent.ts">
        <metrics statements="28" coveredstatements="6" conditionals="12" coveredconditionals="0" methods="3" coveredmethods="0"/>
        <line num="21" count="14" type="stmt"/>
        <line num="38" count="14" type="stmt"/>
        <line num="49" count="14" type="stmt"/>
        <line num="50" count="0" type="stmt"/>
        <line num="51" count="0" type="stmt"/>
        <line num="53" count="0" type="stmt"/>
        <line num="61" count="14" type="stmt"/>
        <line num="62" count="0" type="cond" truecount="0" falsecount="2"/>
        <line num="63" count="0" type="stmt"/>
        <line num="66" count="0" type="cond" truecount="0" falsecount="2"/>
        <line num="67" count="0" type="stmt"/>
        <line num="68" count="0" type="cond" truecount="0" falsecount="2"/>
        <line num="69" count="0" type="stmt"/>
        <line num="72" count="0" type="stmt"/>
        <line num="74" count="0" type="stmt"/>
        <line num="80" count="0" type="stmt"/>
        <line num="87" count="14" type="stmt"/>
        <line num="88" count="0" type="cond" truecount="0" falsecount="2"/>
        <line num="89" count="0" type="stmt"/>
        <line num="90" count="0" type="stmt"/>
        <line num="92" count="0" type="stmt"/>
        <line num="97" count="0" type="stmt"/>
        <line num="98" count="0" type="stmt"/>
        <line num="99" count="0" type="cond" truecount="0" falsecount="2"/>
        <line num="101" count="0" type="cond" truecount="0" falsecount="2"/>
        <line num="102" count="0" type="stmt"/>
        <line num="105" count="0" type="stmt"/>
        <line num="113" count="14" type="stmt"/>
      </file>
      <file name="fileBlockHelpers.ts" path="/Users/lin/Desktop/levy/project/lcw-docs/packages/core/src/blocks/FileBlockContent/fileBlockHelpers.ts">
[...]
        <metrics statements="0" coveredstatements="0" conditionals="0" coveredconditionals="0" methods="0" coveredmethods="0"/>
      </file>
      <file name="zh.ts" path="/Users/lin/Desktop/levy/project/lcw-docs/packages/core/src/i18n/locales/zh.ts">
        <metrics statements="1" coveredstatements="1" conditionals="0" coveredconditionals="0" methods="0" coveredmethods="0"/>
        <line num="3" count="12" type="stmt"/>
      </file>
    </package>
    <package name="src.pm-nodes">
      <metrics statements="43" coveredstatements="6" conditionals="20" coveredconditionals="0" methods="6" coveredmethods="2"/>
      <file name="BlockContainer.ts" path="/Users/lin/Desktop/levy/project/lcw-docs/packages/core/src/pm-nodes/BlockContainer.ts">
        <metrics statements="27" coveredstatements="3" conditionals="12" coveredconditionals="0" methods="3" coveredmethods="1"/>
        <line num="24" count="13" type="stmt"/>
        <line num="42" count="13" type="stmt"/>
        <line num="61" count="180" type="stmt"/>
        <line num="65" count="0" type="cond" truecount="0" falsecount="2"/>
        <line num="66" count="0" type="stmt"/>
        <line num="69" count="0" type="stmt"/>
        <line num="70" count="0" type="stmt"/>
        <line num="71" count="0" type="cond" truecount="0" falsecount="2"/>
        <line num="72" count="0" type="stmt"/>
        <line num="76" count="0" type="cond" truecount="0" falsecount="2"/>
        <line num="77" count="0" type="stmt"/>
        <line num="80" count="0" type="stmt"/>
        <line num="97" count="0" type="stmt"/>
        <line num="98" count="0" type="stmt"/>
        <line num="99" count="0" type="stmt"/>
        <line num="100" count="0" type="stmt"/>
        <line num="101" count="0" type="cond" truecount="0" falsecount="2"/>
        <line num="102" count="0" type="stmt"/>
        <line num="106" count="0" type="stmt"/>
        <line num="110" count="0" type="stmt"/>
        <line num="111" count="0" type="stmt"/>
        <line num="112" count="0" type="stmt"/>
        <line num="113" count="0" type="stmt"/>
        <line num="114" count="0" type="cond" truecount="0" falsecount="2"/>
        <line num="115" count="0" type="stmt"/>
        <line num="119" count="0" type="stmt"/>
        <line num="121" count="0" type="stmt"/>
      </file>
      <file name="BlockGroup.ts" path="/Users/lin/Desktop/levy/project/lcw-docs/packages/core/src/pm-nodes/BlockGroup.ts">
        <metrics statements="15" coveredstatements="2" conditionals="8" coveredconditionals="0" methods="3" coveredmethods="1"/>
        <line num="21" count="13" type="stmt"/>
        <line num="37" count="180" type="stmt"/>
        <line num="41" count="0" type="cond" truecount="0" falsecount="2"/>
        <line num="42" count="0" type="stmt"/>
        <line num="45" count="0" type="cond" truecount="0" falsecount="2"/>
        <line num="46" count="0" type="stmt"/>
        <line num="49" count="0" type="stmt"/>
        <line num="65" count="0" type="stmt"/>
        <line num="69" count="0" type="stmt"/>
        <line num="70" count="0" type="stmt"/>
        <line num="71" count="0" type="stmt"/>
        <line num="72" count="0" type="stmt"/>
        <line num="73" count="0" type="cond" truecount="0" falsecount="2"/>
        <line num="74" count="0" type="stmt"/>
        <line num="78" count="0" type="stmt"/>
      </file>
      <file name="Doc.ts" path="/Users/lin/Desktop/levy/project/lcw-docs/packages/core/src/pm-nodes/Doc.ts">
        <metrics statements="1" coveredstatements="1" conditionals="0" coveredconditionals="0" methods="0" coveredmethods="0"/>
        <line num="18" count="13" type="stmt"/>
      </file>
      <file name="index.ts" path="/Users/lin/Desktop/levy/project/lcw-docs/packages/core/src/pm-nodes/index.ts">
        <metrics statements="0" coveredstatements="0" conditionals="0" coveredconditionals="0" methods="0" coveredmethods="0"/>
      </file>
    </package>
    <package name="src.schema">
      <metrics statements="0" coveredstatements="0" conditionals="0" coveredconditionals="0" methods="0" coveredmethods="0"/>
      <file name="index.ts" path="/Users/lin/Desktop/levy/project/lcw-docs/packages/core/src/schema/index.ts">
        <metrics statements="0" coveredstatements="0" conditionals="0" coveredconditionals="0" methods="0" coveredmethods="0"/>
      </file>
      <file name="propTypes.ts" path="/Users/lin/Desktop/levy/project/lcw-docs/packages/core/src/schema/propTypes.ts">
        <metrics statements="0" coveredstatements="0" conditionals="0" coveredconditionals="0" methods="0" coveredmethods="0"/>
      </file>
    </package>
    <package name="src.schema.blocks">
      <metrics statements="94" coveredstatements="18" conditionals="67" coveredconditionals="9" methods="25" coveredmethods="12"/>
      <file name="createSpec.ts" path="/Users/lin/Desktop/levy/project/lcw-docs/packages/core/src/schema/blocks/createSpec.ts">
        <metrics statements="40" coveredstatements="9" conditionals="26" coveredconditionals="5" methods="13" coveredmethods="4"/>
        <line num="79" count="0" type="stmt"/>
        <line num="80" count="0" type="cond" truecount="0" falsecount="2"/>
        <line num="81" count="0" type="stmt"/>
        <line num="82" count="0" type="stmt"/>
        <line num="86" count="0" type="stmt"/>
        <line num="98" count="720" type="stmt"/>
        <line num="105" count="720" type="cond" truecount="1" falsecount="1"/>
        <line num="106" count="720" type="stmt"/>
        <line num="109" count="0" type="cond" truecount="0" falsecount="2"/>
        <line num="110" count="0" type="stmt"/>
        <line num="113" count="0" type="stmt"/>
        <line num="115" count="0" type="cond" truecount="0" falsecount="2"/>
        <line num="116" count="0" type="stmt"/>
        <line num="119" count="0" type="stmt"/>
        <line num="124" count="720" type="stmt"/>
        <line num="138" count="56" type="stmt"/>
        <line num="145" count="720" type="stmt"/>
        <line num="149" count="720" type="stmt"/>
        <line num="153" count="0" type="stmt"/>
        <line num="154" count="0" type="stmt"/>
        <line num="168" count="0" type="stmt"/>
        <line num="169" count="0" type="stmt"/>
        <line num="170" count="0" type="stmt"/>
        <line num="171" count="0" type="cond" truecount="0" falsecount="2"/>
        <line num="173" count="0" type="stmt"/>
        <line num="175" count="0" type="stmt"/>
        <line num="183" count="0" type="cond" truecount="0" falsecount="2"/>
        <line num="184" count="0" type="stmt"/>
        <line num="187" count="0" type="stmt"/>
        <line num="192" count="56" type="cond" truecount="1" falsecount="1"/>
        <line num="193" count="0" type="stmt"/>
        <line num="196" count="56" type="stmt"/>
        <line num="199" count="0" type="cond" truecount="0" falsecount="2"/>
        <line num="201" count="0" type="stmt"/>
        <line num="203" count="0" type="stmt"/>
        <line num="213" count="0" type="cond" truecount="0" falsecount="2"/>
        <line num="215" count="0" type="stmt"/>
        <line num="216" count="0" type="cond" truecount="0" falsecount="2"/>
        <line num="217" count="0" type="stmt"/>
        <line num="219" count="0" type="stmt"/>
      </file>
      <file name="internal.ts" path="/Users/lin/Desktop/levy/project/lcw-docs/packages/core/src/schema/blocks/internal.ts">
        <metrics statements="54" coveredstatements="9" conditionals="41" coveredconditionals="4" methods="12" coveredmethods="8"/>
        <line num="35" count="726" type="stmt"/>
        <line num="37" count="726" type="stmt"/>
        <line num="38" count="4145" type="stmt"/>
        <line num="40" count="3425" type="stmt"/>
        <line num="44" count="0" type="stmt"/>
        <line num="46" count="0" type="cond" truecount="0" falsecount="2"/>
        <line num="47" count="0" type="stmt"/>
        <line num="50" count="0" type="cond" truecount="0" falsecount="2"/>
        <line num="51" count="0" type="cond" truecount="0" falsecount="2"/>
        <line num="52" count="0" type="stmt"/>
        <line num="55" count="0" type="cond" truecount="0" falsecount="2"/>
        <line num="56" count="0" type="stmt"/>
        <line num="59" count="0" type="stmt"/>
        <line num="62" count="0" type="cond" truecount="0" falsecount="2"/>
        <line num="63" count="0" type="stmt"/>
        <line num="64" count="0" type="cond" truecount="0" falsecount="2"/>
        <line num="66" count="0" type="cond" truecount="0" falsecount="2"/>
        <line num="67" count="0" type="stmt"/>
        <line num="70" count="0" type="stmt"/>
        <line num="73" count="0" type="stmt"/>
        <line num="76" count="0" type="cond" truecount="0" falsecount="2"/>
        <line num="84" count="726" type="stmt"/>
        <line num="103" count="0" type="cond" truecount="0" falsecount="2"/>
        <line num="104" count="0" type="stmt"/>
        <line num="106" count="0" type="stmt"/>
        <line num="107" count="0" type="stmt"/>
        <line num="108" count="0" type="stmt"/>
        <line num="110" count="0" type="cond" truecount="0" falsecount="2"/>
        <line num="111" count="0" type="stmt"/>
        <line num="114" count="0" type="stmt"/>
        <line num="115" count="0" type="cond" truecount="0" falsecount="2"/>
        <line num="116" count="0" type="stmt"/>
        <line num="119" count="0" type="stmt"/>
        <line num="149" count="0" type="stmt"/>
        <line num="151" count="0" type="cond" truecount="0" falsecount="2"/>
        <line num="152" count="0" type="stmt"/>
        <line num="153" count="0" type="cond" truecount="0" falsecount="2"/>
        <line num="154" count="0" type="stmt"/>
        <line num="159" count="0" type="cond" truecount="0" falsecount="2"/>
        <line num="161" count="0" type="stmt"/>
        <line num="163" count="0" type="stmt"/>
        <line num="164" count="0" type="cond" truecount="0" falsecount="4"/>
        <line num="165" count="0" type="stmt"/>
        <line num="169" count="0" type="cond" truecount="0" falsecount="2"/>
        <line num="170" count="0" type="stmt"/>
        <line num="173" count="0" type="stmt"/>
        <line num="175" count="0" type="cond" truecount="0" falsecount="2"/>
        <line num="176" count="0" type="stmt"/>
        <line num="177" count="0" type="stmt"/>
        <line num="180" count="0" type="stmt"/>
        <line num="203" count="170" type="stmt"/>
        <line num="217" count="163" type="stmt"/>
        <line num="235" count="105" type="stmt"/>
        <line num="264" count="2323" type="stmt"/>
      </file>
      <file name="types.ts" path="/Users/lin/Desktop/levy/project/lcw-docs/packages/core/src/schema/blocks/types.ts">
        <metrics statements="0" coveredstatements="0" conditionals="0" coveredconditionals="0" methods="0" coveredmethods="0"/>
      </file>
    </package>
    <package name="src.schema.inlineContent">
      <metrics statements="38" coveredstatements="5" conditionals="19" coveredconditionals="6" methods="24" coveredmethods="6"/>
      <file name="createSpec.ts" path="/Users/lin/Desktop/levy/project/lcw-docs/packages/core/src/schema/inlineContent/createSpec.ts">
        <metrics statements="21" coveredstatements="0" conditionals="8" coveredconditionals="0" methods="11" coveredmethods="0"/>
        <line num="49" count="0" type="stmt"/>
        <line num="53" count="0" type="stmt"/>
        <line num="55" count="0" type="cond" truecount="0" falsecount="2"/>
        <line num="56" count="0" type="stmt"/>
        <line num="59" count="0" type="cond" truecount="0" falsecount="2"/>
        <line num="76" count="0" type="stmt"/>
        <line num="85" count="0" type="stmt"/>
        <line num="89" count="0" type="stmt"/>
        <line num="93" count="0" type="stmt"/>
        <line num="97" count="0" type="stmt"/>
        <line num="99" count="0" type="stmt"/>
        <line num="109" count="0" type="stmt"/>
        <line num="118" count="0" type="stmt"/>
        <line num="119" count="0" type="stmt"/>
        <line num="121" count="0" type="stmt"/>
        <line num="128" count="0" type="cond" truecount="0" falsecount="2"/>
        <line num="129" count="0" type="stmt"/>
        <line num="132" count="0" type="stmt"/>
        <line num="134" count="0" type="stmt"/>
        <line num="141" count="0" type="stmt"/>
        <line num="151" count="0" type="stmt"/>
      </file>
      <file name="internal.ts" path="/Users/lin/Desktop/levy/project/lcw-docs/packages/core/src/schema/inlineContent/internal.ts">
        <metrics statements="14" coveredstatements="3" conditionals="7" coveredconditionals="2" methods="10" coveredmethods="4"/>
        <line num="42" count="0" type="stmt"/>
        <line num="43" count="0" type="stmt"/>
        <line num="44" count="0" type="stmt"/>
        <line num="46" count="0" type="stmt"/>
        <line num="48" count="0" type="stmt"/>
        <line num="50" count="0" type="cond" truecount="0" falsecount="2"/>
        <line num="51" count="0" type="stmt"/>
        <line num="54" count="0" type="stmt"/>
        <line num="68" count="0" type="stmt"/>
        <line num="70" count="0" type="stmt"/>
        <line num="72" count="0" type="cond" truecount="0" falsecount="3"/>
        <line num="85" count="5" type="stmt"/>
        <line num="98" count="4" type="stmt"/>
        <line num="116" count="425" type="stmt"/>
      </file>
      <file name="types.ts" path="/Users/lin/Desktop/levy/project/lcw-docs/packages/core/src/schema/inlineContent/types.ts">
        <metrics statements="3" coveredstatements="2" conditionals="4" coveredconditionals="4" methods="3" coveredmethods="2"/>
        <line num="192" count="0" type="stmt"/>
        <line num="201" count="26" type="cond" truecount="2" falsecount="0"/>
        <line num="210" count="34" type="cond" truecount="2" falsecount="0"/>
      </file>
    </package>
    <package name="src.schema.styles">
      <metrics statements="29" coveredstatements="6" conditionals="16" coveredconditionals="2" methods="14" coveredmethods="5"/>
      <file name="createSpec.ts" path="/Users/lin/Desktop/levy/project/lcw-docs/packages/core/src/schema/styles/createSpec.ts">
        <metrics statements="15" coveredstatements="0" conditionals="8" coveredconditionals="0" methods="6" coveredmethods="0"/>
        <line num="42" count="0" type="stmt"/>
        <line num="46" count="0" type="stmt"/>
        <line num="48" count="0" type="cond" truecount="0" falsecount="2"/>
        <line num="49" count="0" type="stmt"/>
        <line num="52" count="0" type="cond" truecount="0" falsecount="2"/>
        <line num="66" count="0" type="stmt"/>
        <line num="70" count="0" type="stmt"/>
        <line num="74" count="0" type="stmt"/>
        <line num="83" count="0" type="cond" truecount="0" falsecount="2"/>
        <line num="84" count="0" type="stmt"/>
        <line num="85" count="0" type="cond" truecount="0" falsecount="2"/>
        <line num="86" count="0" type="stmt"/>
        <line num="88" count="0" type="stmt"/>
        <line num="91" count="0" type="stmt"/>
        <line num="95" count="0" type="stmt"/>
      </file>
      <file name="internal.ts" path="/Users/lin/Desktop/levy/project/lcw-docs/packages/core/src/schema/styles/internal.ts">
        <metrics statements="14" coveredstatements="6" conditionals="8" coveredconditionals="2" methods="8" coveredmethods="5"/>
        <line num="19" count="6" type="cond" truecount="2" falsecount="0"/>
        <line num="20" count="1" type="stmt"/>
        <line num="22" count="5" type="stmt"/>
        <line num="26" count="0" type="stmt"/>
        <line num="28" count="0" type="cond" truecount="0" falsecount="2"/>
        <line num="58" count="0" type="stmt"/>
        <line num="59" count="0" type="cond" truecount="0" falsecount="2"/>
        <line num="60" count="0" type="stmt"/>
        <line num="63" count="0" type="cond" truecount="0" falsecount="2"/>
        <line num="64" count="0" type="stmt"/>
        <line num="67" count="0" type="stmt"/>
        <line num="78" count="104" type="stmt"/>
        <line num="91" count="102" type="stmt"/>
        <line num="108" count="1480" type="stmt"/>
      </file>
      <file name="types.ts" path="/Users/lin/Desktop/levy/project/lcw-docs/packages/core/src/schema/styles/types.ts">
        <metrics statements="0" coveredstatements="0" conditionals="0" coveredconditionals="0" methods="0" coveredmethods="0"/>
      </file>
    </package>
    <package name="src.util">
      <metrics statements="35" coveredstatements="30" conditionals="26" coveredconditionals="24" methods="17" coveredmethods="16"/>
      <file name="EventEmitter.ts" path="/Users/lin/Desktop/levy/project/lcw-docs/packages/core/src/util/EventEmitter.ts">
        <metrics statements="14" coveredstatements="14" conditionals="8" coveredconditionals="8" methods="7" coveredmethods="7"/>
        <line num="30" count="1102" type="stmt"/>
        <line num="39" count="12" type="cond" truecount="2" falsecount="0"/>
        <line num="40" count="9" type="stmt"/>
        <line num="43" count="12" type="stmt"/>
        <line num="45" count="12" type="stmt"/>
        <line num="54" count="10" type="stmt"/>
        <line num="56" count="10" type="cond" truecount="2" falsecount="0"/>
        <line num="57" count="6" type="stmt"/>
        <line num="67" count="4" type="stmt"/>
        <line num="69" count="4" type="cond" truecount="2" falsecount="0"/>
        <line num="70" count="3" type="cond" truecount="2" falsecount="0"/>
        <line num="71" count="3" type="stmt"/>
        <line num="73" count="1" type="stmt"/>
        <line num="83" count="1" type="stmt"/>
      </file>
      <file name="browser.ts" path="/Users/lin/Desktop/levy/project/lcw-docs/packages/core/src/util/browser.ts">
        <metrics statements="7" coveredstatements="7" conditionals="7" coveredconditionals="7" methods="5" coveredmethods="5"/>
        <line num="11" count="20" type="stmt"/>
        <line num="12" count="103" type="stmt"/>
        <line num="27" count="99" type="cond" truecount="2" falsecount="0"/>
        <line num="28" count="1" type="stmt"/>
        <line num="30" count="98" type="stmt"/>
        <line num="41" count="619" type="stmt"/>
        <line num="49" count="20" type="stmt"/>
      </file>
      <file name="esmDependencies.ts" path="/Users/lin/Desktop/levy/project/lcw-docs/packages/core/src/util/esmDependencies.ts">
        <metrics statements="5" coveredstatements="0" conditionals="2" coveredconditionals="0" methods="1" coveredmethods="0"/>
        <line num="33" count="0" type="cond" truecount="0" falsecount="2"/>
        <line num="34" count="0" type="stmt"/>
        <line num="36" count="0" type="stmt"/>
        <line num="49" count="0" type="stmt"/>
        <line num="62" count="0" type="stmt"/>
      </file>
      <file name="string.ts" path="/Users/lin/Desktop/levy/project/lcw-docs/packages/core/src/util/string.ts">
        <metrics statements="5" coveredstatements="5" conditionals="4" coveredconditionals="4" methods="2" coveredmethods="2"/>
        <line num="15" count="5" type="stmt"/>
        <line num="28" count="6" type="stmt"/>
        <line num="29" count="6" type="cond" truecount="4" falsecount="0"/>
        <line num="30" count="1" type="stmt"/>
        <line num="32" count="5" type="stmt"/>
      </file>
      <file name="typescript.ts" path="/Users/lin/Desktop/levy/project/lcw-docs/packages/core/src/util/typescript.ts">
        <metrics statements="4" coveredstatements="4" conditionals="5" coveredconditionals="5" methods="2" coveredmethods="2"/>
        <line num="23" count="3" type="stmt"/>
        <line num="35" count="5" type="stmt"/>
        <line num="37" count="5" type="cond" truecount="4" falsecount="0"/>
        <line num="38" count="2" type="stmt"/>
      </file>
    </package>
  </project>
</coverage>
