{"/Users/lin/Desktop/levy/project/lcw-docs/packages/core/src/style.css": {"path":"/Users/lin/Desktop/levy/project/lcw-docs/packages/core/src/style.css","statementMap":{},"fnMap":{},"branchMap":{},"s":{},"f":{},"b":{},"meta":{"lastBranch":0,"lastFunction":0,"lastStatement":0,"seen":{}}}
,"/Users/lin/Desktop/levy/project/lcw-docs/packages/core/src/api/getBlockInfoFromPos.ts": {"path":"/Users/lin/Desktop/levy/project/lcw-docs/packages/core/src/api/getBlockInfoFromPos.ts","statementMap":{"0":{"start":{"line":50,"column":17},"end":{"line":50,"column":33}},"1":{"start":{"line":52,"column":4},"end":{"line":56,"column":null}},"2":{"start":{"line":53,"column":8},"end":{"line":56,"column":null}},"3":{"start":{"line":59,"column":16},"end":{"line":59,"column":null}},"4":{"start":{"line":60,"column":15},"end":{"line":60,"column":31}},"5":{"start":{"line":61,"column":4},"end":{"line":70,"column":null}},"6":{"start":{"line":62,"column":8},"end":{"line":66,"column":null}},"7":{"start":{"line":63,"column":12},"end":{"line":66,"column":null}},"8":{"start":{"line":69,"column":8},"end":{"line":69,"column":null}},"9":{"start":{"line":70,"column":8},"end":{"line":70,"column":null}},"10":{"start":{"line":73,"column":49},"end":{"line":73,"column":51}},"11":{"start":{"line":74,"column":4},"end":{"line":78,"column":null}},"12":{"start":{"line":75,"column":8},"end":{"line":76,"column":null}},"13":{"start":{"line":76,"column":12},"end":{"line":76,"column":null}},"14":{"start":{"line":80,"column":4},"end":{"line":80,"column":null}},"15":{"start":{"line":82,"column":24},"end":{"line":83,"column":null}},"16":{"start":{"line":83,"column":52},"end":{"line":83,"column":68}},"17":{"start":{"line":85,"column":4},"end":{"line":88,"column":null}},"18":{"start":{"line":101,"column":31},"end":{"line":101,"column":null}},"19":{"start":{"line":102,"column":36},"end":{"line":102,"column":null}},"20":{"start":{"line":103,"column":35},"end":{"line":103,"column":null}},"21":{"start":{"line":105,"column":44},"end":{"line":109,"column":null}},"22":{"start":{"line":110,"column":52},"end":{"line":110,"column":null}},"23":{"start":{"line":111,"column":50},"end":{"line":111,"column":null}},"24":{"start":{"line":113,"column":4},"end":{"line":135,"column":null}},"25":{"start":{"line":114,"column":8},"end":{"line":133,"column":null}},"26":{"start":{"line":115,"column":37},"end":{"line":115,"column":null}},"27":{"start":{"line":116,"column":42},"end":{"line":116,"column":null}},"28":{"start":{"line":117,"column":41},"end":{"line":117,"column":null}},"29":{"start":{"line":119,"column":12},"end":{"line":123,"column":null}},"30":{"start":{"line":124,"column":19},"end":{"line":133,"column":null}},"31":{"start":{"line":125,"column":35},"end":{"line":125,"column":null}},"32":{"start":{"line":126,"column":40},"end":{"line":126,"column":null}},"33":{"start":{"line":127,"column":39},"end":{"line":127,"column":null}},"34":{"start":{"line":129,"column":12},"end":{"line":133,"column":null}},"35":{"start":{"line":137,"column":4},"end":{"line":138,"column":null}},"36":{"start":{"line":138,"column":8},"end":{"line":138,"column":null}},"37":{"start":{"line":141,"column":4},"end":{"line":145,"column":null}},"38":{"start":{"line":155,"column":4},"end":{"line":155,"column":null}},"39":{"start":{"line":165,"column":4},"end":{"line":166,"column":null}},"40":{"start":{"line":166,"column":8},"end":{"line":166,"column":null}},"41":{"start":{"line":168,"column":4},"end":{"line":171,"column":null}},"42":{"start":{"line":169,"column":8},"end":{"line":171,"column":null}},"43":{"start":{"line":173,"column":4},"end":{"line":173,"column":null}},"44":{"start":{"line":183,"column":20},"end":{"line":183,"column":82}},"45":{"start":{"line":184,"column":4},"end":{"line":184,"column":null}}},"fnMap":{"0":{"name":"getNearestBlockContainerPos","decl":{"start":{"line":49,"column":16},"end":{"line":49,"column":44}},"loc":{"start":{"line":49,"column":68},"end":{"line":88,"column":null}},"line":49},"1":{"name":"(anonymous_1)","decl":{"start":{"line":74,"column":8},"end":{"line":74,"column":21}},"loc":{"start":{"line":74,"column":35},"end":{"line":78,"column":null}},"line":74},"2":{"name":"(anonymous_2)","decl":{"start":{"line":83,"column":35},"end":{"line":83,"column":40}},"loc":{"start":{"line":83,"column":52},"end":{"line":83,"column":68}},"line":83},"3":{"name":"getBlockInfoWithManualOffset","decl":{"start":{"line":100,"column":16},"end":{"line":100,"column":45}},"loc":{"start":{"line":100,"column":107},"end":{"line":145,"column":null}},"line":100},"4":{"name":"(anonymous_4)","decl":{"start":{"line":113,"column":23},"end":{"line":113,"column":32}},"loc":{"start":{"line":113,"column":49},"end":{"line":135,"column":null}},"line":113},"5":{"name":"getBlockInfo","decl":{"start":{"line":154,"column":16},"end":{"line":154,"column":29}},"loc":{"start":{"line":154,"column":77},"end":{"line":155,"column":null}},"line":154},"6":{"name":"getBlockInfoFromResolvedPos","decl":{"start":{"line":164,"column":16},"end":{"line":164,"column":44}},"loc":{"start":{"line":164,"column":70},"end":{"line":173,"column":null}},"line":164},"7":{"name":"getBlockInfoFromSelection","decl":{"start":{"line":182,"column":16},"end":{"line":182,"column":42}},"loc":{"start":{"line":182,"column":62},"end":{"line":184,"column":null}},"line":182}},"branchMap":{"0":{"loc":{"start":{"line":52,"column":4},"end":{"line":56,"column":null}},"type":"if","locations":[{"start":{"line":52,"column":4},"end":{"line":56,"column":null}},{"start":{},"end":{}}],"line":52},"1":{"loc":{"start":{"line":52,"column":8},"end":{"line":52,"column":73}},"type":"binary-expr","locations":[{"start":{"line":52,"column":8},"end":{"line":52,"column":26}},{"start":{"line":52,"column":26},"end":{"line":52,"column":73}}],"line":52},"2":{"loc":{"start":{"line":62,"column":8},"end":{"line":66,"column":null}},"type":"if","locations":[{"start":{"line":62,"column":8},"end":{"line":66,"column":null}},{"start":{},"end":{}}],"line":62},"3":{"loc":{"start":{"line":75,"column":8},"end":{"line":76,"column":null}},"type":"if","locations":[{"start":{"line":75,"column":8},"end":{"line":76,"column":null}},{"start":{},"end":{}}],"line":75},"4":{"loc":{"start":{"line":83,"column":8},"end":{"line":83,"column":null}},"type":"binary-expr","locations":[{"start":{"line":83,"column":8},"end":{"line":83,"column":68}},{"start":{"line":83,"column":72},"end":{"line":83,"column":null}}],"line":83},"5":{"loc":{"start":{"line":114,"column":8},"end":{"line":133,"column":null}},"type":"if","locations":[{"start":{"line":114,"column":8},"end":{"line":133,"column":null}},{"start":{"line":124,"column":19},"end":{"line":133,"column":null}}],"line":114},"6":{"loc":{"start":{"line":124,"column":19},"end":{"line":133,"column":null}},"type":"if","locations":[{"start":{"line":124,"column":19},"end":{"line":133,"column":null}},{"start":{},"end":{}}],"line":124},"7":{"loc":{"start":{"line":137,"column":4},"end":{"line":138,"column":null}},"type":"if","locations":[{"start":{"line":137,"column":4},"end":{"line":138,"column":null}},{"start":{},"end":{}}],"line":137},"8":{"loc":{"start":{"line":165,"column":4},"end":{"line":166,"column":null}},"type":"if","locations":[{"start":{"line":165,"column":4},"end":{"line":166,"column":null}},{"start":{},"end":{}}],"line":165},"9":{"loc":{"start":{"line":168,"column":4},"end":{"line":171,"column":null}},"type":"if","locations":[{"start":{"line":168,"column":4},"end":{"line":171,"column":null}},{"start":{},"end":{}}],"line":168}},"s":{"0":29,"1":29,"2":3,"3":26,"4":26,"5":26,"6":51,"7":26,"8":25,"9":25,"10":0,"11":0,"12":0,"13":0,"14":0,"15":0,"16":0,"17":29,"18":310,"19":310,"20":310,"21":310,"22":310,"23":310,"24":310,"25":316,"26":309,"27":309,"28":309,"29":309,"30":7,"31":7,"32":7,"33":7,"34":7,"35":310,"36":1,"37":309,"38":40,"39":36,"40":1,"41":35,"42":1,"43":34,"44":19,"45":19},"f":{"0":29,"1":0,"2":0,"3":310,"4":316,"5":40,"6":36,"7":19},"b":{"0":[3,26],"1":[29,27],"2":[26,25],"3":[0,0],"4":[0,0],"5":[309,7],"6":[7,0],"7":[1,309],"8":[1,35],"9":[1,34]},"meta":{"lastBranch":10,"lastFunction":8,"lastStatement":46,"seen":{"f:49:16:49:44":0,"s:50:17:50:33":0,"b:52:4:56:Infinity:undefined:undefined:undefined:undefined":0,"s:52:4:56:Infinity":1,"b:52:8:52:26:52:26:52:73":1,"s:53:8:56:Infinity":2,"s:59:16:59:Infinity":3,"s:60:15:60:31":4,"s:61:4:70:Infinity":5,"b:62:8:66:Infinity:undefined:undefined:undefined:undefined":2,"s:62:8:66:Infinity":6,"s:63:12:66:Infinity":7,"s:69:8:69:Infinity":8,"s:70:8:70:Infinity":9,"s:73:49:73:51":10,"s:74:4:78:Infinity":11,"f:74:8:74:21":1,"b:75:8:76:Infinity:undefined:undefined:undefined:undefined":3,"s:75:8:76:Infinity":12,"s:76:12:76:Infinity":13,"s:80:4:80:Infinity":14,"s:82:24:83:Infinity":15,"b:83:8:83:68:83:72:83:Infinity":4,"f:83:35:83:40":2,"s:83:52:83:68":16,"s:85:4:88:Infinity":17,"f:100:16:100:45":3,"s:101:31:101:Infinity":18,"s:102:36:102:Infinity":19,"s:103:35:103:Infinity":20,"s:105:44:109:Infinity":21,"s:110:52:110:Infinity":22,"s:111:50:111:Infinity":23,"s:113:4:135:Infinity":24,"f:113:23:113:32":4,"b:114:8:133:Infinity:124:19:133:Infinity":5,"s:114:8:133:Infinity":25,"s:115:37:115:Infinity":26,"s:116:42:116:Infinity":27,"s:117:41:117:Infinity":28,"s:119:12:123:Infinity":29,"b:124:19:133:Infinity:undefined:undefined:undefined:undefined":6,"s:124:19:133:Infinity":30,"s:125:35:125:Infinity":31,"s:126:40:126:Infinity":32,"s:127:39:127:Infinity":33,"s:129:12:133:Infinity":34,"b:137:4:138:Infinity:undefined:undefined:undefined:undefined":7,"s:137:4:138:Infinity":35,"s:138:8:138:Infinity":36,"s:141:4:145:Infinity":37,"f:154:16:154:29":5,"s:155:4:155:Infinity":38,"f:164:16:164:44":6,"b:165:4:166:Infinity:undefined:undefined:undefined:undefined":8,"s:165:4:166:Infinity":39,"s:166:8:166:Infinity":40,"b:168:4:171:Infinity:undefined:undefined:undefined:undefined":9,"s:168:4:171:Infinity":41,"s:169:8:171:Infinity":42,"s:173:4:173:Infinity":43,"f:182:16:182:42":7,"s:183:20:183:82":44,"s:184:4:184:Infinity":45}}}
,"/Users/lin/Desktop/levy/project/lcw-docs/packages/core/src/api/nodeUtil.ts": {"path":"/Users/lin/Desktop/levy/project/lcw-docs/packages/core/src/api/nodeUtil.ts","statementMap":{"0":{"start":{"line":19,"column":39},"end":{"line":19,"column":null}},"1":{"start":{"line":20,"column":44},"end":{"line":20,"column":null}},"2":{"start":{"line":22,"column":4},"end":{"line":35,"column":null}},"3":{"start":{"line":23,"column":8},"end":{"line":24,"column":null}},"4":{"start":{"line":24,"column":12},"end":{"line":24,"column":null}},"5":{"start":{"line":27,"column":8},"end":{"line":28,"column":null}},"6":{"start":{"line":28,"column":12},"end":{"line":28,"column":null}},"7":{"start":{"line":31,"column":8},"end":{"line":31,"column":null}},"8":{"start":{"line":32,"column":8},"end":{"line":32,"column":null}},"9":{"start":{"line":34,"column":8},"end":{"line":34,"column":null}},"10":{"start":{"line":37,"column":4},"end":{"line":38,"column":null}},"11":{"start":{"line":38,"column":8},"end":{"line":38,"column":null}},"12":{"start":{"line":41,"column":4},"end":{"line":44,"column":null}}},"fnMap":{"0":{"name":"getNodeById","decl":{"start":{"line":18,"column":16},"end":{"line":18,"column":28}},"loc":{"start":{"line":18,"column":90},"end":{"line":44,"column":null}},"line":18},"1":{"name":"(anonymous_1)","decl":{"start":{"line":22,"column":20},"end":{"line":22,"column":33}},"loc":{"start":{"line":22,"column":47},"end":{"line":35,"column":null}},"line":22}},"branchMap":{"0":{"loc":{"start":{"line":23,"column":8},"end":{"line":24,"column":null}},"type":"if","locations":[{"start":{"line":23,"column":8},"end":{"line":24,"column":null}},{"start":{},"end":{}}],"line":23},"1":{"loc":{"start":{"line":27,"column":8},"end":{"line":28,"column":null}},"type":"if","locations":[{"start":{"line":27,"column":8},"end":{"line":28,"column":null}},{"start":{},"end":{}}],"line":27},"2":{"loc":{"start":{"line":27,"column":12},"end":{"line":27,"column":73}},"type":"binary-expr","locations":[{"start":{"line":27,"column":12},"end":{"line":27,"column":51}},{"start":{"line":27,"column":51},"end":{"line":27,"column":73}}],"line":27},"3":{"loc":{"start":{"line":37,"column":4},"end":{"line":38,"column":null}},"type":"if","locations":[{"start":{"line":37,"column":4},"end":{"line":38,"column":null}},{"start":{},"end":{}}],"line":37},"4":{"loc":{"start":{"line":37,"column":8},"end":{"line":37,"column":65}},"type":"binary-expr","locations":[{"start":{"line":37,"column":8},"end":{"line":37,"column":36}},{"start":{"line":37,"column":36},"end":{"line":37,"column":65}}],"line":37}},"s":{"0":66,"1":66,"2":66,"3":219,"4":58,"5":161,"6":97,"7":64,"8":64,"9":64,"10":66,"11":2,"12":64},"f":{"0":66,"1":219},"b":{"0":[58,161],"1":[97,64],"2":[161,99],"3":[2,64],"4":[66,64]},"meta":{"lastBranch":5,"lastFunction":2,"lastStatement":13,"seen":{"f:18:16:18:28":0,"s:19:39:19:Infinity":0,"s:20:44:20:Infinity":1,"s:22:4:35:Infinity":2,"f:22:20:22:33":1,"b:23:8:24:Infinity:undefined:undefined:undefined:undefined":0,"s:23:8:24:Infinity":3,"s:24:12:24:Infinity":4,"b:27:8:28:Infinity:undefined:undefined:undefined:undefined":1,"s:27:8:28:Infinity":5,"b:27:12:27:51:27:51:27:73":2,"s:28:12:28:Infinity":6,"s:31:8:31:Infinity":7,"s:32:8:32:Infinity":8,"s:34:8:34:Infinity":9,"b:37:4:38:Infinity:undefined:undefined:undefined:undefined":3,"s:37:4:38:Infinity":10,"b:37:8:37:36:37:36:37:65":4,"s:38:8:38:Infinity":11,"s:41:4:44:Infinity":12}}}
,"/Users/lin/Desktop/levy/project/lcw-docs/packages/core/src/api/blockManipulation/insertContentAt.ts": {"path":"/Users/lin/Desktop/levy/project/lcw-docs/packages/core/src/api/blockManipulation/insertContentAt.ts","statementMap":{"0":{"start":{"line":34,"column":15},"end":{"line":34,"column":null}},"1":{"start":{"line":36,"column":23},"end":{"line":36,"column":null}},"2":{"start":{"line":38,"column":28},"end":{"line":38,"column":null}},"3":{"start":{"line":39,"column":29},"end":{"line":39,"column":null}},"4":{"start":{"line":41,"column":15},"end":{"line":41,"column":null}},"5":{"start":{"line":43,"column":4},"end":{"line":53,"column":null}},"6":{"start":{"line":44,"column":8},"end":{"line":44,"column":null}},"7":{"start":{"line":46,"column":8},"end":{"line":49,"column":null}},"8":{"start":{"line":47,"column":12},"end":{"line":47,"column":null}},"9":{"start":{"line":49,"column":12},"end":{"line":49,"column":null}},"10":{"start":{"line":52,"column":8},"end":{"line":52,"column":null}},"11":{"start":{"line":55,"column":4},"end":{"line":61,"column":null}},"12":{"start":{"line":56,"column":27},"end":{"line":56,"column":47}},"13":{"start":{"line":57,"column":33},"end":{"line":57,"column":null}},"14":{"start":{"line":59,"column":8},"end":{"line":61,"column":null}},"15":{"start":{"line":60,"column":12},"end":{"line":60,"column":null}},"16":{"start":{"line":61,"column":12},"end":{"line":61,"column":null}},"17":{"start":{"line":65,"column":4},"end":{"line":68,"column":null}},"18":{"start":{"line":66,"column":8},"end":{"line":66,"column":null}},"19":{"start":{"line":68,"column":8},"end":{"line":68,"column":null}},"20":{"start":{"line":71,"column":4},"end":{"line":72,"column":null}},"21":{"start":{"line":72,"column":8},"end":{"line":72,"column":null}},"22":{"start":{"line":75,"column":4},"end":{"line":75,"column":null}},"23":{"start":{"line":77,"column":4},"end":{"line":77,"column":null}}},"fnMap":{"0":{"name":"insertContentAt","decl":{"start":{"line":26,"column":16},"end":{"line":26,"column":null}},"loc":{"start":{"line":33,"column":2},"end":{"line":77,"column":null}},"line":33},"1":{"name":"(anonymous_1)","decl":{"start":{"line":43,"column":10},"end":{"line":43,"column":18}},"loc":{"start":{"line":43,"column":26},"end":{"line":53,"column":null}},"line":43}},"branchMap":{"0":{"loc":{"start":{"line":30,"column":4},"end":{"line":32,"column":33}},"type":"default-arg","locations":[{"start":{"line":32,"column":8},"end":{"line":32,"column":33}}],"line":30},"1":{"loc":{"start":{"line":36,"column":23},"end":{"line":36,"column":null}},"type":"cond-expr","locations":[{"start":{"line":36,"column":54},"end":{"line":36,"column":89}},{"start":{"line":36,"column":89},"end":{"line":36,"column":null}}],"line":36},"2":{"loc":{"start":{"line":46,"column":8},"end":{"line":49,"column":null}},"type":"if","locations":[{"start":{"line":46,"column":8},"end":{"line":49,"column":null}},{"start":{"line":48,"column":15},"end":{"line":49,"column":null}}],"line":46},"3":{"loc":{"start":{"line":46,"column":12},"end":{"line":46,"column":73}},"type":"binary-expr","locations":[{"start":{"line":46,"column":12},"end":{"line":46,"column":33}},{"start":{"line":46,"column":33},"end":{"line":46,"column":48}},{"start":{"line":46,"column":48},"end":{"line":46,"column":73}}],"line":46},"4":{"loc":{"start":{"line":52,"column":29},"end":{"line":52,"column":null}},"type":"cond-expr","locations":[{"start":{"line":52,"column":50},"end":{"line":52,"column":65}},{"start":{"line":52,"column":65},"end":{"line":52,"column":null}}],"line":52},"5":{"loc":{"start":{"line":55,"column":4},"end":{"line":61,"column":null}},"type":"if","locations":[{"start":{"line":55,"column":4},"end":{"line":61,"column":null}},{"start":{},"end":{}}],"line":55},"6":{"loc":{"start":{"line":55,"column":8},"end":{"line":55,"column":43}},"type":"binary-expr","locations":[{"start":{"line":55,"column":8},"end":{"line":55,"column":23}},{"start":{"line":55,"column":23},"end":{"line":55,"column":43}}],"line":55},"7":{"loc":{"start":{"line":57,"column":33},"end":{"line":57,"column":null}},"type":"binary-expr","locations":[{"start":{"line":57,"column":33},"end":{"line":57,"column":55}},{"start":{"line":57,"column":55},"end":{"line":57,"column":81}},{"start":{"line":57,"column":81},"end":{"line":57,"column":null}}],"line":57},"8":{"loc":{"start":{"line":59,"column":8},"end":{"line":61,"column":null}},"type":"if","locations":[{"start":{"line":59,"column":8},"end":{"line":61,"column":null}},{"start":{},"end":{}}],"line":59},"9":{"loc":{"start":{"line":65,"column":4},"end":{"line":68,"column":null}},"type":"if","locations":[{"start":{"line":65,"column":4},"end":{"line":68,"column":null}},{"start":{"line":67,"column":11},"end":{"line":68,"column":null}}],"line":65},"10":{"loc":{"start":{"line":71,"column":4},"end":{"line":72,"column":null}},"type":"if","locations":[{"start":{"line":71,"column":4},"end":{"line":72,"column":null}},{"start":{},"end":{}}],"line":71}},"s":{"0":0,"1":0,"2":0,"3":0,"4":0,"5":0,"6":0,"7":0,"8":0,"9":0,"10":0,"11":0,"12":0,"13":0,"14":0,"15":0,"16":0,"17":0,"18":0,"19":0,"20":0,"21":0,"22":0,"23":0},"f":{"0":0,"1":0},"b":{"0":[0],"1":[0,0],"2":[0,0],"3":[0,0,0],"4":[0,0],"5":[0,0],"6":[0,0],"7":[0,0,0],"8":[0,0],"9":[0,0],"10":[0,0]},"meta":{"lastBranch":11,"lastFunction":2,"lastStatement":24,"seen":{"f:26:16:26:Infinity":0,"b:32:8:32:33":0,"s:34:15:34:Infinity":0,"s:36:23:36:Infinity":1,"b:36:54:36:89:36:89:36:Infinity":1,"s:38:28:38:Infinity":2,"s:39:29:39:Infinity":3,"s:41:15:41:Infinity":4,"s:43:4:53:Infinity":5,"f:43:10:43:18":1,"s:44:8:44:Infinity":6,"b:46:8:49:Infinity:48:15:49:Infinity":2,"s:46:8:49:Infinity":7,"b:46:12:46:33:46:33:46:48:46:48:46:73":3,"s:47:12:47:Infinity":8,"s:49:12:49:Infinity":9,"s:52:8:52:Infinity":10,"b:52:50:52:65:52:65:52:Infinity":4,"b:55:4:61:Infinity:undefined:undefined:undefined:undefined":5,"s:55:4:61:Infinity":11,"b:55:8:55:23:55:23:55:43":6,"s:56:27:56:47":12,"s:57:33:57:Infinity":13,"b:57:33:57:55:57:55:57:81:57:81:57:Infinity":7,"b:59:8:61:Infinity:undefined:undefined:undefined:undefined":8,"s:59:8:61:Infinity":14,"s:60:12:60:Infinity":15,"s:61:12:61:Infinity":16,"b:65:4:68:Infinity:67:11:68:Infinity":9,"s:65:4:68:Infinity":17,"s:66:8:66:Infinity":18,"s:68:8:68:Infinity":19,"b:71:4:72:Infinity:undefined:undefined:undefined:undefined":10,"s:71:4:72:Infinity":20,"s:72:8:72:Infinity":21,"s:75:4:75:Infinity":22,"s:77:4:77:Infinity":23}}}
,"/Users/lin/Desktop/levy/project/lcw-docs/packages/core/src/api/blockManipulation/commands/insertBlocks/insertBlocks.ts": {"path":"/Users/lin/Desktop/levy/project/lcw-docs/packages/core/src/api/blockManipulation/commands/insertBlocks/insertBlocks.ts","statementMap":{"0":{"start":{"line":28,"column":15},"end":{"line":28,"column":null}},"1":{"start":{"line":30,"column":34},"end":{"line":30,"column":36}},"2":{"start":{"line":31,"column":4},"end":{"line":32,"column":null}},"3":{"start":{"line":32,"column":8},"end":{"line":32,"column":null}},"4":{"start":{"line":35,"column":18},"end":{"line":35,"column":83}},"5":{"start":{"line":37,"column":4},"end":{"line":38,"column":null}},"6":{"start":{"line":38,"column":8},"end":{"line":38,"column":null}},"7":{"start":{"line":41,"column":4},"end":{"line":42,"column":null}},"8":{"start":{"line":42,"column":8},"end":{"line":42,"column":null}},"9":{"start":{"line":45,"column":51},"end":{"line":45,"column":53}},"10":{"start":{"line":46,"column":4},"end":{"line":49,"column":null}},"11":{"start":{"line":47,"column":8},"end":{"line":49,"column":null}},"12":{"start":{"line":52,"column":4},"end":{"line":52,"column":null}}},"fnMap":{"0":{"name":"insertBlocks","decl":{"start":{"line":22,"column":16},"end":{"line":22,"column":null}},"loc":{"start":{"line":27,"column":26},"end":{"line":52,"column":null}},"line":27}},"branchMap":{"0":{"loc":{"start":{"line":26,"column":4},"end":{"line":26,"column":null}},"type":"default-arg","locations":[{"start":{"line":26,"column":36},"end":{"line":26,"column":null}}],"line":26},"1":{"loc":{"start":{"line":28,"column":15},"end":{"line":28,"column":null}},"type":"cond-expr","locations":[{"start":{"line":28,"column":52},"end":{"line":28,"column":69}},{"start":{"line":28,"column":69},"end":{"line":28,"column":null}}],"line":28},"2":{"loc":{"start":{"line":37,"column":4},"end":{"line":38,"column":null}},"type":"if","locations":[{"start":{"line":37,"column":4},"end":{"line":38,"column":null}},{"start":{},"end":{}}],"line":37},"3":{"loc":{"start":{"line":41,"column":4},"end":{"line":42,"column":null}},"type":"if","locations":[{"start":{"line":41,"column":4},"end":{"line":42,"column":null}},{"start":{},"end":{}}],"line":41}},"s":{"0":16,"1":16,"2":16,"3":18,"4":16,"5":16,"6":9,"7":16,"8":7,"9":16,"10":16,"11":18,"12":16},"f":{"0":16},"b":{"0":[16],"1":[15,1],"2":[9,7],"3":[7,9]},"meta":{"lastBranch":4,"lastFunction":1,"lastStatement":13,"seen":{"f:22:16:22:Infinity":0,"b:26:36:26:Infinity":0,"s:28:15:28:Infinity":0,"b:28:52:28:69:28:69:28:Infinity":1,"s:30:34:30:36":1,"s:31:4:32:Infinity":2,"s:32:8:32:Infinity":3,"s:35:18:35:83":4,"b:37:4:38:Infinity:undefined:undefined:undefined:undefined":2,"s:37:4:38:Infinity":5,"s:38:8:38:Infinity":6,"b:41:4:42:Infinity:undefined:undefined:undefined:undefined":3,"s:41:4:42:Infinity":7,"s:42:8:42:Infinity":8,"s:45:51:45:53":9,"s:46:4:49:Infinity":10,"s:47:8:49:Infinity":11,"s:52:4:52:Infinity":12}}}
,"/Users/lin/Desktop/levy/project/lcw-docs/packages/core/src/api/blockManipulation/commands/mergeBlocks/mergeBlocks.ts": {"path":"/Users/lin/Desktop/levy/project/lcw-docs/packages/core/src/api/blockManipulation/commands/mergeBlocks/mergeBlocks.ts","statementMap":{"0":{"start":{"line":22,"column":13},"end":{"line":41,"column":null}},"1":{"start":{"line":23,"column":21},"end":{"line":23,"column":null}},"2":{"start":{"line":25,"column":4},"end":{"line":28,"column":null}},"3":{"start":{"line":26,"column":8},"end":{"line":28,"column":null}},"4":{"start":{"line":31,"column":29},"end":{"line":31,"column":80}},"5":{"start":{"line":32,"column":8},"end":{"line":32,"column":84}},"6":{"start":{"line":34,"column":4},"end":{"line":38,"column":null}},"7":{"start":{"line":35,"column":22},"end":{"line":35,"column":null}},"8":{"start":{"line":37,"column":8},"end":{"line":37,"column":null}},"9":{"start":{"line":38,"column":8},"end":{"line":38,"column":null}},"10":{"start":{"line":41,"column":4},"end":{"line":41,"column":null}},"11":{"start":{"line":53,"column":6},"end":{"line":60,"column":null}},"12":{"start":{"line":54,"column":10},"end":{"line":54,"column":68}},"13":{"start":{"line":55,"column":10},"end":{"line":55,"column":68}},"14":{"start":{"line":57,"column":4},"end":{"line":60,"column":null}},"15":{"start":{"line":77,"column":6},"end":{"line":101,"column":null}},"16":{"start":{"line":83,"column":10},"end":{"line":83,"column":68}},"17":{"start":{"line":85,"column":4},"end":{"line":91,"column":null}},"18":{"start":{"line":86,"column":33},"end":{"line":86,"column":90}},"19":{"start":{"line":87,"column":31},"end":{"line":87,"column":87}},"20":{"start":{"line":88,"column":33},"end":{"line":88,"column":76}},"21":{"start":{"line":90,"column":8},"end":{"line":91,"column":null}},"22":{"start":{"line":91,"column":12},"end":{"line":91,"column":null}},"23":{"start":{"line":95,"column":4},"end":{"line":98,"column":null}},"24":{"start":{"line":96,"column":14},"end":{"line":96,"column":72}},"25":{"start":{"line":98,"column":8},"end":{"line":98,"column":null}},"26":{"start":{"line":101,"column":4},"end":{"line":101,"column":null}},"27":{"start":{"line":112,"column":13},"end":{"line":122,"column":null}},"28":{"start":{"line":113,"column":5},"end":{"line":122,"column":null}},"29":{"start":{"line":115,"column":30},"end":{"line":115,"column":65}},"30":{"start":{"line":116,"column":30},"end":{"line":116,"column":71}},"31":{"start":{"line":118,"column":8},"end":{"line":119,"column":null}},"32":{"start":{"line":119,"column":12},"end":{"line":119,"column":null}},"33":{"start":{"line":122,"column":8},"end":{"line":122,"column":null}}},"fnMap":{"0":{"name":"(anonymous_0)","decl":{"start":{"line":22,"column":13},"end":{"line":22,"column":32}},"loc":{"start":{"line":22,"column":74},"end":{"line":41,"column":null}},"line":22},"1":{"name":"(anonymous_1)","decl":{"start":{"line":53,"column":6},"end":{"line":53,"column":18}},"loc":{"start":{"line":53,"column":77},"end":{"line":60,"column":null}},"line":53},"2":{"name":"(anonymous_2)","decl":{"start":{"line":77,"column":6},"end":{"line":77,"column":null}},"loc":{"start":{"line":82,"column":5},"end":{"line":101,"column":null}},"line":82},"3":{"name":"(anonymous_3)","decl":{"start":{"line":112,"column":13},"end":{"line":112,"column":null}},"loc":{"start":{"line":113,"column":5},"end":{"line":122,"column":null}},"line":113},"4":{"name":"(anonymous_4)","decl":{"start":{"line":113,"column":5},"end":{"line":113,"column":null}},"loc":{"start":{"line":114,"column":98},"end":{"line":122,"column":null}},"line":114}},"branchMap":{"0":{"loc":{"start":{"line":25,"column":4},"end":{"line":28,"column":null}},"type":"if","locations":[{"start":{"line":25,"column":4},"end":{"line":28,"column":null}},{"start":{},"end":{}}],"line":25},"1":{"loc":{"start":{"line":58,"column":8},"end":{"line":60,"column":null}},"type":"binary-expr","locations":[{"start":{"line":58,"column":8},"end":{"line":58,"column":null}},{"start":{"line":59,"column":8},"end":{"line":59,"column":null}},{"start":{"line":60,"column":8},"end":{"line":60,"column":null}}],"line":58},"2":{"loc":{"start":{"line":85,"column":4},"end":{"line":91,"column":null}},"type":"if","locations":[{"start":{"line":85,"column":4},"end":{"line":91,"column":null}},{"start":{},"end":{}}],"line":85},"3":{"loc":{"start":{"line":90,"column":8},"end":{"line":91,"column":null}},"type":"if","locations":[{"start":{"line":90,"column":8},"end":{"line":91,"column":null}},{"start":{},"end":{}}],"line":90},"4":{"loc":{"start":{"line":95,"column":4},"end":{"line":98,"column":null}},"type":"if","locations":[{"start":{"line":95,"column":4},"end":{"line":98,"column":null}},{"start":{},"end":{}}],"line":95},"5":{"loc":{"start":{"line":118,"column":8},"end":{"line":119,"column":null}},"type":"if","locations":[{"start":{"line":118,"column":8},"end":{"line":119,"column":null}},{"start":{},"end":{}}],"line":118}},"s":{"0":12,"1":6,"2":6,"3":0,"4":6,"5":6,"6":6,"7":0,"8":0,"9":0,"10":6,"11":12,"12":5,"13":5,"14":5,"15":12,"16":4,"17":4,"18":0,"19":0,"20":0,"21":0,"22":0,"23":4,"24":3,"25":3,"26":4,"27":12,"28":5,"29":5,"30":5,"31":5,"32":1,"33":4},"f":{"0":6,"1":5,"2":4,"3":5,"4":5},"b":{"0":[0,6],"1":[5,5,4],"2":[0,4],"3":[0,0],"4":[3,1],"5":[1,4]},"meta":{"lastBranch":6,"lastFunction":5,"lastStatement":34,"seen":{"s:22:13:41:Infinity":0,"f:22:13:22:32":0,"s:23:21:23:Infinity":1,"b:25:4:28:Infinity:undefined:undefined:undefined:undefined":0,"s:25:4:28:Infinity":2,"s:26:8:28:Infinity":3,"s:31:29:31:80":4,"s:32:8:32:84":5,"s:34:4:38:Infinity":6,"s:35:22:35:Infinity":7,"s:37:8:37:Infinity":8,"s:38:8:38:Infinity":9,"s:41:4:41:Infinity":10,"s:53:6:60:Infinity":11,"f:53:6:53:18":1,"s:54:10:54:68":12,"s:55:10:55:68":13,"s:57:4:60:Infinity":14,"b:58:8:58:Infinity:59:8:59:Infinity:60:8:60:Infinity":1,"s:77:6:101:Infinity":15,"f:77:6:77:Infinity":2,"s:83:10:83:68":16,"b:85:4:91:Infinity:undefined:undefined:undefined:undefined":2,"s:85:4:91:Infinity":17,"s:86:33:86:90":18,"s:87:31:87:87":19,"s:88:33:88:76":20,"b:90:8:91:Infinity:undefined:undefined:undefined:undefined":3,"s:90:8:91:Infinity":21,"s:91:12:91:Infinity":22,"b:95:4:98:Infinity:undefined:undefined:undefined:undefined":4,"s:95:4:98:Infinity":23,"s:96:14:96:72":24,"s:98:8:98:Infinity":25,"s:101:4:101:Infinity":26,"s:112:13:122:Infinity":27,"f:112:13:112:Infinity":3,"s:113:5:122:Infinity":28,"f:113:5:113:Infinity":4,"s:115:30:115:65":29,"s:116:30:116:71":30,"b:118:8:119:Infinity:undefined:undefined:undefined:undefined":5,"s:118:8:119:Infinity":31,"s:119:12:119:Infinity":32,"s:122:8:122:Infinity":33}}}
,"/Users/lin/Desktop/levy/project/lcw-docs/packages/core/src/api/blockManipulation/commands/moveBlock/moveBlock.ts": {"path":"/Users/lin/Desktop/levy/project/lcw-docs/packages/core/src/api/blockManipulation/commands/moveBlock/moveBlock.ts","statementMap":{"0":{"start":{"line":51,"column":12},"end":{"line":51,"column":84}},"1":{"start":{"line":53,"column":26},"end":{"line":56,"column":null}},"2":{"start":{"line":58,"column":4},"end":{"line":77,"column":null}},"3":{"start":{"line":59,"column":8},"end":{"line":64,"column":null}},"4":{"start":{"line":65,"column":15},"end":{"line":77,"column":null}},"5":{"start":{"line":66,"column":8},"end":{"line":70,"column":null}},"6":{"start":{"line":72,"column":8},"end":{"line":77,"column":null}},"7":{"start":{"line":91,"column":10},"end":{"line":91,"column":null}},"8":{"start":{"line":94,"column":4},"end":{"line":107,"column":null}},"9":{"start":{"line":95,"column":8},"end":{"line":99,"column":null}},"10":{"start":{"line":100,"column":15},"end":{"line":107,"column":null}},"11":{"start":{"line":101,"column":8},"end":{"line":101,"column":null}},"12":{"start":{"line":103,"column":8},"end":{"line":107,"column":null}},"13":{"start":{"line":110,"column":4},"end":{"line":110,"column":null}},"14":{"start":{"line":128,"column":22},"end":{"line":128,"column":52}},"15":{"start":{"line":129,"column":26},"end":{"line":129,"column":55}},"16":{"start":{"line":131,"column":4},"end":{"line":131,"column":null}},"17":{"start":{"line":132,"column":4},"end":{"line":132,"column":null}},"18":{"start":{"line":134,"column":4},"end":{"line":134,"column":null}},"19":{"start":{"line":144,"column":28},"end":{"line":144,"column":49}},"20":{"start":{"line":145,"column":4},"end":{"line":146,"column":null}},"21":{"start":{"line":146,"column":8},"end":{"line":146,"column":null}},"22":{"start":{"line":149,"column":39},"end":{"line":149,"column":69}},"23":{"start":{"line":154,"column":4},"end":{"line":164,"column":null}},"24":{"start":{"line":155,"column":8},"end":{"line":157,"column":null}},"25":{"start":{"line":156,"column":12},"end":{"line":156,"column":null}},"26":{"start":{"line":157,"column":12},"end":{"line":157,"column":null}},"27":{"start":{"line":159,"column":15},"end":{"line":164,"column":null}},"28":{"start":{"line":160,"column":8},"end":{"line":160,"column":null}},"29":{"start":{"line":161,"column":8},"end":{"line":161,"column":null}},"30":{"start":{"line":163,"column":8},"end":{"line":163,"column":null}},"31":{"start":{"line":164,"column":8},"end":{"line":164,"column":null}},"32":{"start":{"line":167,"column":4},"end":{"line":168,"column":null}},"33":{"start":{"line":168,"column":8},"end":{"line":168,"column":null}},"34":{"start":{"line":171,"column":4},"end":{"line":171,"column":null}},"35":{"start":{"line":181,"column":28},"end":{"line":181,"column":49}},"36":{"start":{"line":182,"column":4},"end":{"line":183,"column":null}},"37":{"start":{"line":183,"column":8},"end":{"line":183,"column":null}},"38":{"start":{"line":186,"column":39},"end":{"line":186,"column":69}},"39":{"start":{"line":191,"column":4},"end":{"line":201,"column":null}},"40":{"start":{"line":192,"column":8},"end":{"line":194,"column":null}},"41":{"start":{"line":193,"column":12},"end":{"line":193,"column":null}},"42":{"start":{"line":194,"column":12},"end":{"line":194,"column":null}},"43":{"start":{"line":196,"column":15},"end":{"line":201,"column":null}},"44":{"start":{"line":197,"column":8},"end":{"line":197,"column":null}},"45":{"start":{"line":198,"column":8},"end":{"line":198,"column":null}},"46":{"start":{"line":200,"column":8},"end":{"line":200,"column":null}},"47":{"start":{"line":201,"column":8},"end":{"line":201,"column":null}},"48":{"start":{"line":204,"column":4},"end":{"line":205,"column":null}},"49":{"start":{"line":205,"column":8},"end":{"line":205,"column":null}},"50":{"start":{"line":208,"column":4},"end":{"line":208,"column":null}}},"fnMap":{"0":{"name":"getBlockSelectionData","decl":{"start":{"line":50,"column":9},"end":{"line":50,"column":31}},"loc":{"start":{"line":50,"column":88},"end":{"line":77,"column":null}},"line":50},"1":{"name":"updateBlockSelectionFromData","decl":{"start":{"line":90,"column":9},"end":{"line":90,"column":38}},"loc":{"start":{"line":90,"column":101},"end":{"line":110,"column":null}},"line":90},"2":{"name":"moveSelectedBlockAndSelection","decl":{"start":{"line":123,"column":16},"end":{"line":123,"column":null}},"loc":{"start":{"line":127,"column":2},"end":{"line":134,"column":null}},"line":127},"3":{"name":"moveBlockUp","decl":{"start":{"line":143,"column":16},"end":{"line":143,"column":28}},"loc":{"start":{"line":143,"column":65},"end":{"line":171,"column":null}},"line":143},"4":{"name":"moveBlockDown","decl":{"start":{"line":180,"column":16},"end":{"line":180,"column":30}},"loc":{"start":{"line":180,"column":67},"end":{"line":208,"column":null}},"line":180}},"branchMap":{"0":{"loc":{"start":{"line":58,"column":4},"end":{"line":77,"column":null}},"type":"if","locations":[{"start":{"line":58,"column":4},"end":{"line":77,"column":null}},{"start":{"line":65,"column":15},"end":{"line":77,"column":null}}],"line":58},"1":{"loc":{"start":{"line":65,"column":15},"end":{"line":77,"column":null}},"type":"if","locations":[{"start":{"line":65,"column":15},"end":{"line":77,"column":null}},{"start":{"line":71,"column":11},"end":{"line":77,"column":null}}],"line":65},"2":{"loc":{"start":{"line":94,"column":4},"end":{"line":107,"column":null}},"type":"if","locations":[{"start":{"line":94,"column":4},"end":{"line":107,"column":null}},{"start":{"line":100,"column":15},"end":{"line":107,"column":null}}],"line":94},"3":{"loc":{"start":{"line":100,"column":15},"end":{"line":107,"column":null}},"type":"if","locations":[{"start":{"line":100,"column":15},"end":{"line":107,"column":null}},{"start":{"line":102,"column":11},"end":{"line":107,"column":null}}],"line":100},"4":{"loc":{"start":{"line":145,"column":4},"end":{"line":146,"column":null}},"type":"if","locations":[{"start":{"line":145,"column":4},"end":{"line":146,"column":null}},{"start":{},"end":{}}],"line":145},"5":{"loc":{"start":{"line":145,"column":8},"end":{"line":145,"column":62}},"type":"binary-expr","locations":[{"start":{"line":145,"column":8},"end":{"line":145,"column":27}},{"start":{"line":145,"column":27},"end":{"line":145,"column":62}}],"line":145},"6":{"loc":{"start":{"line":154,"column":4},"end":{"line":164,"column":null}},"type":"if","locations":[{"start":{"line":154,"column":4},"end":{"line":164,"column":null}},{"start":{"line":159,"column":15},"end":{"line":164,"column":null}}],"line":154},"7":{"loc":{"start":{"line":155,"column":8},"end":{"line":157,"column":null}},"type":"if","locations":[{"start":{"line":155,"column":8},"end":{"line":157,"column":null}},{"start":{},"end":{}}],"line":155},"8":{"loc":{"start":{"line":159,"column":15},"end":{"line":164,"column":null}},"type":"if","locations":[{"start":{"line":159,"column":15},"end":{"line":164,"column":null}},{"start":{"line":162,"column":11},"end":{"line":164,"column":null}}],"line":159},"9":{"loc":{"start":{"line":167,"column":4},"end":{"line":168,"column":null}},"type":"if","locations":[{"start":{"line":167,"column":4},"end":{"line":168,"column":null}},{"start":{},"end":{}}],"line":167},"10":{"loc":{"start":{"line":167,"column":8},"end":{"line":167,"column":41}},"type":"binary-expr","locations":[{"start":{"line":167,"column":8},"end":{"line":167,"column":29}},{"start":{"line":167,"column":29},"end":{"line":167,"column":41}}],"line":167},"11":{"loc":{"start":{"line":182,"column":4},"end":{"line":183,"column":null}},"type":"if","locations":[{"start":{"line":182,"column":4},"end":{"line":183,"column":null}},{"start":{},"end":{}}],"line":182},"12":{"loc":{"start":{"line":182,"column":8},"end":{"line":182,"column":62}},"type":"binary-expr","locations":[{"start":{"line":182,"column":8},"end":{"line":182,"column":27}},{"start":{"line":182,"column":27},"end":{"line":182,"column":62}}],"line":182},"13":{"loc":{"start":{"line":191,"column":4},"end":{"line":201,"column":null}},"type":"if","locations":[{"start":{"line":191,"column":4},"end":{"line":201,"column":null}},{"start":{"line":196,"column":15},"end":{"line":201,"column":null}}],"line":191},"14":{"loc":{"start":{"line":192,"column":8},"end":{"line":194,"column":null}},"type":"if","locations":[{"start":{"line":192,"column":8},"end":{"line":194,"column":null}},{"start":{},"end":{}}],"line":192},"15":{"loc":{"start":{"line":196,"column":15},"end":{"line":201,"column":null}},"type":"if","locations":[{"start":{"line":196,"column":15},"end":{"line":201,"column":null}},{"start":{"line":199,"column":11},"end":{"line":201,"column":null}}],"line":196},"16":{"loc":{"start":{"line":204,"column":4},"end":{"line":205,"column":null}},"type":"if","locations":[{"start":{"line":204,"column":4},"end":{"line":205,"column":null}},{"start":{},"end":{}}],"line":204},"17":{"loc":{"start":{"line":204,"column":8},"end":{"line":204,"column":41}},"type":"binary-expr","locations":[{"start":{"line":204,"column":8},"end":{"line":204,"column":29}},{"start":{"line":204,"column":29},"end":{"line":204,"column":41}}],"line":204}},"s":{"0":6,"1":6,"2":6,"3":0,"4":6,"5":0,"6":6,"7":6,"8":6,"9":0,"10":6,"11":0,"12":6,"13":6,"14":6,"15":6,"16":6,"17":6,"18":6,"19":3,"20":3,"21":0,"22":3,"23":3,"24":1,"25":0,"26":0,"27":2,"28":0,"29":0,"30":2,"31":2,"32":3,"33":1,"34":2,"35":3,"36":3,"37":0,"38":3,"39":3,"40":1,"41":0,"42":0,"43":2,"44":0,"45":0,"46":2,"47":2,"48":3,"49":1,"50":2},"f":{"0":6,"1":6,"2":6,"3":3,"4":3},"b":{"0":[0,6],"1":[0,6],"2":[0,6],"3":[0,6],"4":[0,3],"5":[3,0],"6":[1,2],"7":[0,1],"8":[0,2],"9":[1,2],"10":[3,2],"11":[0,3],"12":[3,0],"13":[1,2],"14":[0,1],"15":[0,2],"16":[1,2],"17":[3,2]},"meta":{"lastBranch":18,"lastFunction":5,"lastStatement":51,"seen":{"f:50:9:50:31":0,"s:51:12:51:84":0,"s:53:26:56:Infinity":1,"b:58:4:77:Infinity:65:15:77:Infinity":0,"s:58:4:77:Infinity":2,"s:59:8:64:Infinity":3,"b:65:15:77:Infinity:71:11:77:Infinity":1,"s:65:15:77:Infinity":4,"s:66:8:70:Infinity":5,"s:72:8:77:Infinity":6,"f:90:9:90:38":1,"s:91:10:91:Infinity":7,"b:94:4:107:Infinity:100:15:107:Infinity":2,"s:94:4:107:Infinity":8,"s:95:8:99:Infinity":9,"b:100:15:107:Infinity:102:11:107:Infinity":3,"s:100:15:107:Infinity":10,"s:101:8:101:Infinity":11,"s:103:8:107:Infinity":12,"s:110:4:110:Infinity":13,"f:123:16:123:Infinity":2,"s:128:22:128:52":14,"s:129:26:129:55":15,"s:131:4:131:Infinity":16,"s:132:4:132:Infinity":17,"s:134:4:134:Infinity":18,"f:143:16:143:28":3,"s:144:28:144:49":19,"b:145:4:146:Infinity:undefined:undefined:undefined:undefined":4,"s:145:4:146:Infinity":20,"b:145:8:145:27:145:27:145:62":5,"s:146:8:146:Infinity":21,"s:149:39:149:69":22,"b:154:4:164:Infinity:159:15:164:Infinity":6,"s:154:4:164:Infinity":23,"b:155:8:157:Infinity:undefined:undefined:undefined:undefined":7,"s:155:8:157:Infinity":24,"s:156:12:156:Infinity":25,"s:157:12:157:Infinity":26,"b:159:15:164:Infinity:162:11:164:Infinity":8,"s:159:15:164:Infinity":27,"s:160:8:160:Infinity":28,"s:161:8:161:Infinity":29,"s:163:8:163:Infinity":30,"s:164:8:164:Infinity":31,"b:167:4:168:Infinity:undefined:undefined:undefined:undefined":9,"s:167:4:168:Infinity":32,"b:167:8:167:29:167:29:167:41":10,"s:168:8:168:Infinity":33,"s:171:4:171:Infinity":34,"f:180:16:180:30":4,"s:181:28:181:49":35,"b:182:4:183:Infinity:undefined:undefined:undefined:undefined":11,"s:182:4:183:Infinity":36,"b:182:8:182:27:182:27:182:62":12,"s:183:8:183:Infinity":37,"s:186:39:186:69":38,"b:191:4:201:Infinity:196:15:201:Infinity":13,"s:191:4:201:Infinity":39,"b:192:8:194:Infinity:undefined:undefined:undefined:undefined":14,"s:192:8:194:Infinity":40,"s:193:12:193:Infinity":41,"s:194:12:194:Infinity":42,"b:196:15:201:Infinity:199:11:201:Infinity":15,"s:196:15:201:Infinity":43,"s:197:8:197:Infinity":44,"s:198:8:198:Infinity":45,"s:200:8:200:Infinity":46,"s:201:8:201:Infinity":47,"b:204:4:205:Infinity:undefined:undefined:undefined:undefined":16,"s:204:4:205:Infinity":48,"b:204:8:204:29:204:29:204:41":17,"s:205:8:205:Infinity":49,"s:208:4:208:Infinity":50}}}
,"/Users/lin/Desktop/levy/project/lcw-docs/packages/core/src/api/blockManipulation/commands/removeBlocks/removeBlocks.ts": {"path":"/Users/lin/Desktop/levy/project/lcw-docs/packages/core/src/api/blockManipulation/commands/removeBlocks/removeBlocks.ts","statementMap":{"0":{"start":{"line":31,"column":21},"end":{"line":31,"column":null}},"1":{"start":{"line":32,"column":15},"end":{"line":32,"column":null}},"2":{"start":{"line":34,"column":32},"end":{"line":34,"column":124}},"3":{"start":{"line":34,"column":77},"end":{"line":34,"column":123}},"4":{"start":{"line":35,"column":50},"end":{"line":35,"column":52}},"5":{"start":{"line":36,"column":22},"end":{"line":36,"column":null}},"6":{"start":{"line":38,"column":4},"end":{"line":59,"column":null}},"7":{"start":{"line":39,"column":8},"end":{"line":40,"column":null}},"8":{"start":{"line":40,"column":12},"end":{"line":40,"column":null}},"9":{"start":{"line":43,"column":8},"end":{"line":44,"column":null}},"10":{"start":{"line":44,"column":12},"end":{"line":44,"column":null}},"11":{"start":{"line":47,"column":8},"end":{"line":49,"column":null}},"12":{"start":{"line":50,"column":8},"end":{"line":50,"column":null}},"13":{"start":{"line":52,"column":8},"end":{"line":52,"column":null}},"14":{"start":{"line":53,"column":27},"end":{"line":53,"column":null}},"15":{"start":{"line":54,"column":8},"end":{"line":54,"column":null}},"16":{"start":{"line":55,"column":27},"end":{"line":55,"column":null}},"17":{"start":{"line":56,"column":8},"end":{"line":56,"column":null}},"18":{"start":{"line":58,"column":8},"end":{"line":58,"column":null}},"19":{"start":{"line":61,"column":4},"end":{"line":64,"column":null}},"20":{"start":{"line":62,"column":28},"end":{"line":62,"column":63}},"21":{"start":{"line":64,"column":8},"end":{"line":64,"column":null}},"22":{"start":{"line":67,"column":4},"end":{"line":67,"column":null}},"23":{"start":{"line":69,"column":4},"end":{"line":69,"column":null}},"24":{"start":{"line":85,"column":4},"end":{"line":85,"column":null}}},"fnMap":{"0":{"name":"removeBlocksWithCallback","decl":{"start":{"line":26,"column":16},"end":{"line":26,"column":null}},"loc":{"start":{"line":30,"column":26},"end":{"line":69,"column":null}},"line":30},"1":{"name":"(anonymous_1)","decl":{"start":{"line":34,"column":63},"end":{"line":34,"column":67}},"loc":{"start":{"line":34,"column":77},"end":{"line":34,"column":123}},"line":34},"2":{"name":"(anonymous_2)","decl":{"start":{"line":38,"column":23},"end":{"line":38,"column":36}},"loc":{"start":{"line":38,"column":50},"end":{"line":59,"column":null}},"line":38},"3":{"name":"removeBlocks","decl":{"start":{"line":81,"column":16},"end":{"line":81,"column":null}},"loc":{"start":{"line":84,"column":26},"end":{"line":85,"column":null}},"line":84}},"branchMap":{"0":{"loc":{"start":{"line":34,"column":77},"end":{"line":34,"column":123}},"type":"cond-expr","locations":[{"start":{"line":34,"column":105},"end":{"line":34,"column":113}},{"start":{"line":34,"column":113},"end":{"line":34,"column":123}}],"line":34},"1":{"loc":{"start":{"line":39,"column":8},"end":{"line":40,"column":null}},"type":"if","locations":[{"start":{"line":39,"column":8},"end":{"line":40,"column":null}},{"start":{},"end":{}}],"line":39},"2":{"loc":{"start":{"line":43,"column":8},"end":{"line":44,"column":null}},"type":"if","locations":[{"start":{"line":43,"column":8},"end":{"line":44,"column":null}},{"start":{},"end":{}}],"line":43},"3":{"loc":{"start":{"line":43,"column":12},"end":{"line":43,"column":90}},"type":"binary-expr","locations":[{"start":{"line":43,"column":12},"end":{"line":43,"column":51}},{"start":{"line":43,"column":51},"end":{"line":43,"column":90}}],"line":43},"4":{"loc":{"start":{"line":52,"column":22},"end":{"line":52,"column":null}},"type":"binary-expr","locations":[{"start":{"line":52,"column":22},"end":{"line":52,"column":60}},{"start":{"line":52,"column":64},"end":{"line":52,"column":null}}],"line":52},"5":{"loc":{"start":{"line":61,"column":4},"end":{"line":64,"column":null}},"type":"if","locations":[{"start":{"line":61,"column":4},"end":{"line":64,"column":null}},{"start":{},"end":{}}],"line":61}},"s":{"0":25,"1":25,"2":25,"3":28,"4":25,"5":25,"6":25,"7":154,"8":22,"9":132,"10":106,"11":26,"12":26,"13":26,"14":154,"15":154,"16":154,"17":154,"18":154,"19":25,"20":2,"21":2,"22":23,"23":23,"24":13},"f":{"0":25,"1":28,"2":154,"3":13},"b":{"0":[20,8],"1":[22,132],"2":[106,26],"3":[132,53],"4":[26,16],"5":[2,23]},"meta":{"lastBranch":6,"lastFunction":4,"lastStatement":25,"seen":{"f:26:16:26:Infinity":0,"s:31:21:31:Infinity":0,"s:32:15:32:Infinity":1,"s:34:32:34:124":2,"f:34:63:34:67":1,"s:34:77:34:123":3,"b:34:105:34:113:34:113:34:123":0,"s:35:50:35:52":4,"s:36:22:36:Infinity":5,"s:38:4:59:Infinity":6,"f:38:23:38:36":2,"b:39:8:40:Infinity:undefined:undefined:undefined:undefined":1,"s:39:8:40:Infinity":7,"s:40:12:40:Infinity":8,"b:43:8:44:Infinity:undefined:undefined:undefined:undefined":2,"s:43:8:44:Infinity":9,"b:43:12:43:51:43:51:43:90":3,"s:44:12:44:Infinity":10,"s:47:8:49:Infinity":11,"s:50:8:50:Infinity":12,"s:52:8:52:Infinity":13,"b:52:22:52:60:52:64:52:Infinity":4,"s:53:27:53:Infinity":14,"s:54:8:54:Infinity":15,"s:55:27:55:Infinity":16,"s:56:8:56:Infinity":17,"s:58:8:58:Infinity":18,"b:61:4:64:Infinity:undefined:undefined:undefined:undefined":5,"s:61:4:64:Infinity":19,"s:62:28:62:63":20,"s:64:8:64:Infinity":21,"s:67:4:67:Infinity":22,"s:69:4:69:Infinity":23,"f:81:16:81:Infinity":3,"s:85:4:85:Infinity":24}}}
,"/Users/lin/Desktop/levy/project/lcw-docs/packages/core/src/api/blockManipulation/commands/replaceBlocks/replaceBlocks.ts": {"path":"/Users/lin/Desktop/levy/project/lcw-docs/packages/core/src/api/blockManipulation/commands/replaceBlocks/replaceBlocks.ts","statementMap":{"0":{"start":{"line":34,"column":34},"end":{"line":34,"column":36}},"1":{"start":{"line":35,"column":4},"end":{"line":36,"column":null}},"2":{"start":{"line":36,"column":8},"end":{"line":36,"column":null}},"3":{"start":{"line":39,"column":27},"end":{"line":39,"column":null}},"4":{"start":{"line":40,"column":10},"end":{"line":50,"column":null}},"5":{"start":{"line":41,"column":8},"end":{"line":46,"column":null}},"6":{"start":{"line":42,"column":31},"end":{"line":42,"column":null}},"7":{"start":{"line":43,"column":12},"end":{"line":43,"column":null}},"8":{"start":{"line":44,"column":31},"end":{"line":44,"column":null}},"9":{"start":{"line":46,"column":12},"end":{"line":46,"column":null}},"10":{"start":{"line":49,"column":8},"end":{"line":49,"column":null}},"11":{"start":{"line":52,"column":51},"end":{"line":52,"column":53}},"12":{"start":{"line":53,"column":4},"end":{"line":56,"column":null}},"13":{"start":{"line":54,"column":8},"end":{"line":56,"column":null}},"14":{"start":{"line":59,"column":4},"end":{"line":59,"column":null}}},"fnMap":{"0":{"name":"replaceBlocks","decl":{"start":{"line":26,"column":16},"end":{"line":26,"column":null}},"loc":{"start":{"line":33,"column":2},"end":{"line":59,"column":null}},"line":33},"1":{"name":"(anonymous_1)","decl":{"start":{"line":40,"column":59},"end":{"line":40,"column":76}},"loc":{"start":{"line":40,"column":107},"end":{"line":50,"column":null}},"line":40}},"branchMap":{"0":{"loc":{"start":{"line":39,"column":27},"end":{"line":39,"column":null}},"type":"cond-expr","locations":[{"start":{"line":39,"column":67},"end":{"line":39,"column":87}},{"start":{"line":39,"column":87},"end":{"line":39,"column":null}}],"line":39},"1":{"loc":{"start":{"line":41,"column":8},"end":{"line":46,"column":null}},"type":"if","locations":[{"start":{"line":41,"column":8},"end":{"line":46,"column":null}},{"start":{},"end":{}}],"line":41}},"s":{"0":9,"1":9,"2":10,"3":9,"4":9,"5":9,"6":8,"7":8,"8":8,"9":8,"10":1,"11":9,"12":9,"13":9,"14":8},"f":{"0":9,"1":9},"b":{"0":[8,1],"1":[8,1]},"meta":{"lastBranch":2,"lastFunction":2,"lastStatement":15,"seen":{"f:26:16:26:Infinity":0,"s:34:34:34:36":0,"s:35:4:36:Infinity":1,"s:36:8:36:Infinity":2,"s:39:27:39:Infinity":3,"b:39:67:39:87:39:87:39:Infinity":0,"s:40:10:50:Infinity":4,"f:40:59:40:76":1,"b:41:8:46:Infinity:undefined:undefined:undefined:undefined":1,"s:41:8:46:Infinity":5,"s:42:31:42:Infinity":6,"s:43:12:43:Infinity":7,"s:44:31:44:Infinity":8,"s:46:12:46:Infinity":9,"s:49:8:49:Infinity":10,"s:52:51:52:53":11,"s:53:4:56:Infinity":12,"s:54:8:56:Infinity":13,"s:59:4:59:Infinity":14}}}
,"/Users/lin/Desktop/levy/project/lcw-docs/packages/core/src/api/blockManipulation/commands/splitBlock/splitBlock.ts": {"path":"/Users/lin/Desktop/levy/project/lcw-docs/packages/core/src/api/blockManipulation/commands/splitBlock/splitBlock.ts","statementMap":{"0":{"start":{"line":21,"column":13},"end":{"line":42,"column":null}},"1":{"start":{"line":22,"column":4},"end":{"line":42,"column":null}},"2":{"start":{"line":23,"column":14},"end":{"line":23,"column":91}},"3":{"start":{"line":25,"column":32},"end":{"line":25,"column":87}},"4":{"start":{"line":27,"column":22},"end":{"line":35,"column":null}},"5":{"start":{"line":38,"column":8},"end":{"line":39,"column":null}},"6":{"start":{"line":39,"column":12},"end":{"line":39,"column":null}},"7":{"start":{"line":42,"column":8},"end":{"line":42,"column":null}}},"fnMap":{"0":{"name":"(anonymous_0)","decl":{"start":{"line":21,"column":13},"end":{"line":21,"column":34}},"loc":{"start":{"line":21,"column":98},"end":{"line":42,"column":null}},"line":21},"1":{"name":"(anonymous_1)","decl":{"start":{"line":22,"column":4},"end":{"line":22,"column":12}},"loc":{"start":{"line":22,"column":105},"end":{"line":42,"column":null}},"line":22}},"branchMap":{"0":{"loc":{"start":{"line":30,"column":23},"end":{"line":30,"column":null}},"type":"cond-expr","locations":[{"start":{"line":30,"column":35},"end":{"line":30,"column":85}},{"start":{"line":30,"column":85},"end":{"line":30,"column":null}}],"line":30},"1":{"loc":{"start":{"line":33,"column":22},"end":{"line":33,"column":null}},"type":"cond-expr","locations":[{"start":{"line":33,"column":33},"end":{"line":33,"column":58}},{"start":{"line":33,"column":58},"end":{"line":33,"column":null}}],"line":33},"2":{"loc":{"start":{"line":34,"column":23},"end":{"line":34,"column":null}},"type":"cond-expr","locations":[{"start":{"line":34,"column":35},"end":{"line":34,"column":65}},{"start":{"line":34,"column":68},"end":{"line":34,"column":null}}],"line":34},"3":{"loc":{"start":{"line":38,"column":8},"end":{"line":39,"column":null}},"type":"if","locations":[{"start":{"line":38,"column":8},"end":{"line":39,"column":null}},{"start":{},"end":{}}],"line":38}},"s":{"0":14,"1":6,"2":6,"3":6,"4":6,"5":6,"6":5,"7":6},"f":{"0":6,"1":6},"b":{"0":[1,5],"1":[1,5],"2":[1,5],"3":[5,1]},"meta":{"lastBranch":4,"lastFunction":2,"lastStatement":8,"seen":{"s:21:13:42:Infinity":0,"f:21:13:21:34":0,"s:22:4:42:Infinity":1,"f:22:4:22:12":1,"s:23:14:23:91":2,"s:25:32:25:87":3,"s:27:22:35:Infinity":4,"b:30:35:30:85:30:85:30:Infinity":0,"b:33:33:33:58:33:58:33:Infinity":1,"b:34:35:34:65:34:68:34:Infinity":2,"b:38:8:39:Infinity:undefined:undefined:undefined:undefined":3,"s:38:8:39:Infinity":5,"s:39:12:39:Infinity":6,"s:42:8:42:Infinity":7}}}
,"/Users/lin/Desktop/levy/project/lcw-docs/packages/core/src/api/blockManipulation/commands/updateBlock/updateBlock.ts": {"path":"/Users/lin/Desktop/levy/project/lcw-docs/packages/core/src/api/blockManipulation/commands/updateBlock/updateBlock.ts","statementMap":{"0":{"start":{"line":32,"column":13},"end":{"line":105,"column":null}},"1":{"start":{"line":36,"column":8},"end":{"line":105,"column":null}},"2":{"start":{"line":39,"column":46},"end":{"line":39,"column":123}},"3":{"start":{"line":41,"column":8},"end":{"line":102,"column":null}},"4":{"start":{"line":42,"column":12},"end":{"line":52,"column":null}},"5":{"start":{"line":43,"column":35},"end":{"line":43,"column":37}},"6":{"start":{"line":45,"column":16},"end":{"line":46,"column":null}},"7":{"start":{"line":46,"column":20},"end":{"line":46,"column":null}},"8":{"start":{"line":49,"column":16},"end":{"line":52,"column":null}},"9":{"start":{"line":50,"column":20},"end":{"line":50,"column":null}},"10":{"start":{"line":52,"column":20},"end":{"line":52,"column":null}},"11":{"start":{"line":56,"column":28},"end":{"line":56,"column":null}},"12":{"start":{"line":57,"column":28},"end":{"line":57,"column":null}},"13":{"start":{"line":59,"column":45},"end":{"line":59,"column":null}},"14":{"start":{"line":61,"column":12},"end":{"line":76,"column":null}},"15":{"start":{"line":62,"column":16},"end":{"line":69,"column":null}},"16":{"start":{"line":63,"column":20},"end":{"line":63,"column":null}},"17":{"start":{"line":64,"column":27},"end":{"line":69,"column":null}},"18":{"start":{"line":65,"column":20},"end":{"line":65,"column":null}},"19":{"start":{"line":66,"column":27},"end":{"line":69,"column":null}},"20":{"start":{"line":67,"column":20},"end":{"line":67,"column":null}},"21":{"start":{"line":69,"column":20},"end":{"line":69,"column":null}},"22":{"start":{"line":72,"column":39},"end":{"line":72,"column":null}},"23":{"start":{"line":73,"column":39},"end":{"line":73,"column":null}},"24":{"start":{"line":75,"column":16},"end":{"line":76,"column":null}},"25":{"start":{"line":76,"column":20},"end":{"line":76,"column":null}},"26":{"start":{"line":80,"column":12},"end":{"line":96,"column":null}},"27":{"start":{"line":81,"column":16},"end":{"line":84,"column":null}},"28":{"start":{"line":86,"column":16},"end":{"line":96,"column":null}},"29":{"start":{"line":99,"column":12},"end":{"line":102,"column":null}},"30":{"start":{"line":105,"column":8},"end":{"line":105,"column":null}},"31":{"start":{"line":123,"column":21},"end":{"line":123,"column":null}},"32":{"start":{"line":125,"column":15},"end":{"line":125,"column":null}},"33":{"start":{"line":126,"column":12},"end":{"line":126,"column":65}},"34":{"start":{"line":128,"column":4},"end":{"line":131,"column":null}},"35":{"start":{"line":129,"column":8},"end":{"line":129,"column":null}},"36":{"start":{"line":130,"column":8},"end":{"line":130,"column":null}},"37":{"start":{"line":133,"column":31},"end":{"line":133,"column":83}},"38":{"start":{"line":135,"column":4},"end":{"line":141,"column":null}}},"fnMap":{"0":{"name":"(anonymous_0)","decl":{"start":{"line":32,"column":13},"end":{"line":32,"column":null}},"loc":{"start":{"line":36,"column":8},"end":{"line":105,"column":null}},"line":36},"1":{"name":"(anonymous_1)","decl":{"start":{"line":36,"column":8},"end":{"line":36,"column":null}},"loc":{"start":{"line":38,"column":98},"end":{"line":105,"column":null}},"line":38},"2":{"name":"updateBlock","decl":{"start":{"line":118,"column":16},"end":{"line":118,"column":null}},"loc":{"start":{"line":122,"column":24},"end":{"line":141,"column":null}},"line":122},"3":{"name":"(anonymous_3)","decl":{"start":{"line":128,"column":22},"end":{"line":128,"column":31}},"loc":{"start":{"line":128,"column":55},"end":{"line":131,"column":null}},"line":128}},"branchMap":{"0":{"loc":{"start":{"line":41,"column":8},"end":{"line":102,"column":null}},"type":"if","locations":[{"start":{"line":41,"column":8},"end":{"line":102,"column":null}},{"start":{},"end":{}}],"line":41},"1":{"loc":{"start":{"line":42,"column":12},"end":{"line":52,"column":null}},"type":"if","locations":[{"start":{"line":42,"column":12},"end":{"line":52,"column":null}},{"start":{},"end":{}}],"line":42},"2":{"loc":{"start":{"line":49,"column":16},"end":{"line":52,"column":null}},"type":"if","locations":[{"start":{"line":49,"column":16},"end":{"line":52,"column":null}},{"start":{"line":51,"column":23},"end":{"line":52,"column":null}}],"line":49},"3":{"loc":{"start":{"line":57,"column":28},"end":{"line":57,"column":null}},"type":"binary-expr","locations":[{"start":{"line":57,"column":28},"end":{"line":57,"column":42}},{"start":{"line":57,"column":42},"end":{"line":57,"column":null}}],"line":57},"4":{"loc":{"start":{"line":61,"column":12},"end":{"line":76,"column":null}},"type":"if","locations":[{"start":{"line":61,"column":12},"end":{"line":76,"column":null}},{"start":{"line":71,"column":19},"end":{"line":76,"column":null}}],"line":61},"5":{"loc":{"start":{"line":62,"column":16},"end":{"line":69,"column":null}},"type":"if","locations":[{"start":{"line":62,"column":16},"end":{"line":69,"column":null}},{"start":{"line":64,"column":27},"end":{"line":69,"column":null}}],"line":62},"6":{"loc":{"start":{"line":64,"column":27},"end":{"line":69,"column":null}},"type":"if","locations":[{"start":{"line":64,"column":27},"end":{"line":69,"column":null}},{"start":{"line":66,"column":27},"end":{"line":69,"column":null}}],"line":64},"7":{"loc":{"start":{"line":66,"column":27},"end":{"line":69,"column":null}},"type":"if","locations":[{"start":{"line":66,"column":27},"end":{"line":69,"column":null}},{"start":{"line":68,"column":23},"end":{"line":69,"column":null}}],"line":66},"8":{"loc":{"start":{"line":75,"column":16},"end":{"line":76,"column":null}},"type":"if","locations":[{"start":{"line":75,"column":16},"end":{"line":76,"column":null}},{"start":{},"end":{}}],"line":75},"9":{"loc":{"start":{"line":75,"column":20},"end":{"line":75,"column":80}},"type":"binary-expr","locations":[{"start":{"line":75,"column":20},"end":{"line":75,"column":45}},{"start":{"line":75,"column":45},"end":{"line":75,"column":80}}],"line":75},"10":{"loc":{"start":{"line":80,"column":12},"end":{"line":96,"column":null}},"type":"if","locations":[{"start":{"line":80,"column":12},"end":{"line":96,"column":null}},{"start":{"line":85,"column":19},"end":{"line":96,"column":null}}],"line":80},"11":{"loc":{"start":{"line":81,"column":63},"end":{"line":81,"column":134}},"type":"cond-expr","locations":[{"start":{"line":81,"column":90},"end":{"line":81,"column":102}},{"start":{"line":81,"column":102},"end":{"line":81,"column":134}}],"line":81},"12":{"loc":{"start":{"line":125,"column":15},"end":{"line":125,"column":null}},"type":"cond-expr","locations":[{"start":{"line":125,"column":51},"end":{"line":125,"column":67}},{"start":{"line":125,"column":67},"end":{"line":125,"column":null}}],"line":125}},"s":{"0":14,"1":10,"2":10,"3":10,"4":9,"5":1,"6":1,"7":1,"8":1,"9":0,"10":1,"11":9,"12":9,"13":9,"14":9,"15":2,"16":1,"17":1,"18":1,"19":0,"20":0,"21":0,"22":7,"23":7,"24":7,"25":0,"26":9,"27":7,"28":2,"29":9,"30":10,"31":0,"32":0,"33":0,"34":0,"35":0,"36":0,"37":0,"38":0},"f":{"0":10,"1":10,"2":0,"3":0},"b":{"0":[9,1],"1":[1,8],"2":[0,1],"3":[9,5],"4":[2,7],"5":[1,1],"6":[1,0],"7":[0,0],"8":[0,7],"9":[7,7],"10":[7,2],"11":[3,4],"12":[0,0]},"meta":{"lastBranch":13,"lastFunction":4,"lastStatement":39,"seen":{"s:32:13:105:Infinity":0,"f:32:13:32:Infinity":0,"s:36:8:105:Infinity":1,"f:36:8:36:Infinity":1,"s:39:46:39:123":2,"b:41:8:102:Infinity:undefined:undefined:undefined:undefined":0,"s:41:8:102:Infinity":3,"b:42:12:52:Infinity:undefined:undefined:undefined:undefined":1,"s:42:12:52:Infinity":4,"s:43:35:43:37":5,"s:45:16:46:Infinity":6,"s:46:20:46:Infinity":7,"b:49:16:52:Infinity:51:23:52:Infinity":2,"s:49:16:52:Infinity":8,"s:50:20:50:Infinity":9,"s:52:20:52:Infinity":10,"s:56:28:56:Infinity":11,"s:57:28:57:Infinity":12,"b:57:28:57:42:57:42:57:Infinity":3,"s:59:45:59:Infinity":13,"b:61:12:76:Infinity:71:19:76:Infinity":4,"s:61:12:76:Infinity":14,"b:62:16:69:Infinity:64:27:69:Infinity":5,"s:62:16:69:Infinity":15,"s:63:20:63:Infinity":16,"b:64:27:69:Infinity:66:27:69:Infinity":6,"s:64:27:69:Infinity":17,"s:65:20:65:Infinity":18,"b:66:27:69:Infinity:68:23:69:Infinity":7,"s:66:27:69:Infinity":19,"s:67:20:67:Infinity":20,"s:69:20:69:Infinity":21,"s:72:39:72:Infinity":22,"s:73:39:73:Infinity":23,"b:75:16:76:Infinity:undefined:undefined:undefined:undefined":8,"s:75:16:76:Infinity":24,"b:75:20:75:45:75:45:75:80":9,"s:76:20:76:Infinity":25,"b:80:12:96:Infinity:85:19:96:Infinity":10,"s:80:12:96:Infinity":26,"s:81:16:84:Infinity":27,"b:81:90:81:102:81:102:81:134":11,"s:86:16:96:Infinity":28,"s:99:12:102:Infinity":29,"s:105:8:105:Infinity":30,"f:118:16:118:Infinity":2,"s:123:21:123:Infinity":31,"s:125:15:125:Infinity":32,"b:125:51:125:67:125:67:125:Infinity":12,"s:126:12:126:65":33,"s:128:4:131:Infinity":34,"f:128:22:128:31":3,"s:129:8:129:Infinity":35,"s:130:8:130:Infinity":36,"s:133:31:133:83":37,"s:135:4:141:Infinity":38}}}
,"/Users/lin/Desktop/levy/project/lcw-docs/packages/core/src/api/blockManipulation/selections/textCursorPosition/textCursorPosition.ts": {"path":"/Users/lin/Desktop/levy/project/lcw-docs/packages/core/src/api/blockManipulation/selections/textCursorPosition/textCursorPosition.ts","statementMap":{"0":{"start":{"line":32,"column":12},"end":{"line":32,"column":84}},"1":{"start":{"line":34,"column":24},"end":{"line":34,"column":88}},"2":{"start":{"line":35,"column":21},"end":{"line":35,"column":null}},"3":{"start":{"line":37,"column":21},"end":{"line":37,"column":null}},"4":{"start":{"line":39,"column":39},"end":{"line":39,"column":null}},"5":{"start":{"line":40,"column":4},"end":{"line":41,"column":null}},"6":{"start":{"line":41,"column":8},"end":{"line":41,"column":null}},"7":{"start":{"line":44,"column":4},"end":{"line":82,"column":null}},"8":{"start":{"line":99,"column":15},"end":{"line":99,"column":null}},"9":{"start":{"line":101,"column":10},"end":{"line":101,"column":67}},"10":{"start":{"line":102,"column":12},"end":{"line":102,"column":50}},"11":{"start":{"line":104,"column":53},"end":{"line":104,"column":null}},"12":{"start":{"line":106,"column":4},"end":{"line":108,"column":null}},"13":{"start":{"line":107,"column":8},"end":{"line":107,"column":null}},"14":{"start":{"line":108,"column":8},"end":{"line":108,"column":null}},"15":{"start":{"line":111,"column":4},"end":{"line":124,"column":null}},"16":{"start":{"line":112,"column":8},"end":{"line":115,"column":null}},"17":{"start":{"line":113,"column":12},"end":{"line":113,"column":null}},"18":{"start":{"line":115,"column":12},"end":{"line":115,"column":null}},"19":{"start":{"line":117,"column":15},"end":{"line":124,"column":null}},"20":{"start":{"line":118,"column":8},"end":{"line":121,"column":null}},"21":{"start":{"line":119,"column":12},"end":{"line":119,"column":null}},"22":{"start":{"line":121,"column":12},"end":{"line":121,"column":null}},"23":{"start":{"line":124,"column":8},"end":{"line":124,"column":null}}},"fnMap":{"0":{"name":"getTextCursorPosition","decl":{"start":{"line":29,"column":16},"end":{"line":29,"column":null}},"loc":{"start":{"line":31,"column":37},"end":{"line":82,"column":null}},"line":31},"1":{"name":"setTextCursorPosition","decl":{"start":{"line":94,"column":16},"end":{"line":94,"column":null}},"loc":{"start":{"line":98,"column":2},"end":{"line":124,"column":null}},"line":98}},"branchMap":{"0":{"loc":{"start":{"line":40,"column":4},"end":{"line":41,"column":null}},"type":"if","locations":[{"start":{"line":40,"column":4},"end":{"line":41,"column":null}},{"start":{},"end":{}}],"line":40},"1":{"loc":{"start":{"line":53,"column":12},"end":{"line":60,"column":null}},"type":"cond-expr","locations":[{"start":{"line":54,"column":18},"end":{"line":54,"column":null}},{"start":{"line":54,"column":18},"end":{"line":60,"column":null}}],"line":53},"2":{"loc":{"start":{"line":63,"column":12},"end":{"line":70,"column":null}},"type":"cond-expr","locations":[{"start":{"line":64,"column":18},"end":{"line":64,"column":null}},{"start":{"line":64,"column":18},"end":{"line":70,"column":null}}],"line":63},"3":{"loc":{"start":{"line":73,"column":12},"end":{"line":80,"column":null}},"type":"cond-expr","locations":[{"start":{"line":74,"column":18},"end":{"line":74,"column":null}},{"start":{"line":74,"column":18},"end":{"line":80,"column":null}}],"line":73},"4":{"loc":{"start":{"line":97,"column":4},"end":{"line":97,"column":null}},"type":"default-arg","locations":[{"start":{"line":97,"column":33},"end":{"line":97,"column":null}}],"line":97},"5":{"loc":{"start":{"line":99,"column":15},"end":{"line":99,"column":null}},"type":"cond-expr","locations":[{"start":{"line":99,"column":49},"end":{"line":99,"column":63}},{"start":{"line":99,"column":63},"end":{"line":99,"column":null}}],"line":99},"6":{"loc":{"start":{"line":106,"column":4},"end":{"line":108,"column":null}},"type":"if","locations":[{"start":{"line":106,"column":4},"end":{"line":108,"column":null}},{"start":{},"end":{}}],"line":106},"7":{"loc":{"start":{"line":111,"column":4},"end":{"line":124,"column":null}},"type":"if","locations":[{"start":{"line":111,"column":4},"end":{"line":124,"column":null}},{"start":{"line":117,"column":15},"end":{"line":124,"column":null}}],"line":111},"8":{"loc":{"start":{"line":112,"column":8},"end":{"line":115,"column":null}},"type":"if","locations":[{"start":{"line":112,"column":8},"end":{"line":115,"column":null}},{"start":{"line":114,"column":15},"end":{"line":115,"column":null}}],"line":112},"9":{"loc":{"start":{"line":117,"column":15},"end":{"line":124,"column":null}},"type":"if","locations":[{"start":{"line":117,"column":15},"end":{"line":124,"column":null}},{"start":{"line":123,"column":11},"end":{"line":124,"column":null}}],"line":117},"10":{"loc":{"start":{"line":118,"column":8},"end":{"line":121,"column":null}},"type":"if","locations":[{"start":{"line":118,"column":8},"end":{"line":121,"column":null}},{"start":{"line":120,"column":15},"end":{"line":121,"column":null}}],"line":118}},"s":{"0":12,"1":12,"2":12,"3":12,"4":12,"5":12,"6":0,"7":12,"8":0,"9":0,"10":0,"11":0,"12":0,"13":0,"14":0,"15":0,"16":0,"17":0,"18":0,"19":0,"20":0,"21":0,"22":0,"23":0},"f":{"0":12,"1":0},"b":{"0":[0,12],"1":[4,8],"2":[4,8],"3":[12,0],"4":[0],"5":[0,0],"6":[0,0],"7":[0,0],"8":[0,0],"9":[0,0],"10":[0,0]},"meta":{"lastBranch":11,"lastFunction":2,"lastStatement":24,"seen":{"f:29:16:29:Infinity":0,"s:32:12:32:84":0,"s:34:24:34:88":1,"s:35:21:35:Infinity":2,"s:37:21:37:Infinity":3,"s:39:39:39:Infinity":4,"b:40:4:41:Infinity:undefined:undefined:undefined:undefined":0,"s:40:4:41:Infinity":5,"s:41:8:41:Infinity":6,"s:44:4:82:Infinity":7,"b:54:18:54:Infinity:54:18:60:Infinity":1,"b:64:18:64:Infinity:64:18:70:Infinity":2,"b:74:18:74:Infinity:74:18:80:Infinity":3,"f:94:16:94:Infinity":1,"b:97:33:97:Infinity":4,"s:99:15:99:Infinity":8,"b:99:49:99:63:99:63:99:Infinity":5,"s:101:10:101:67":9,"s:102:12:102:50":10,"s:104:53:104:Infinity":11,"b:106:4:108:Infinity:undefined:undefined:undefined:undefined":6,"s:106:4:108:Infinity":12,"s:107:8:107:Infinity":13,"s:108:8:108:Infinity":14,"b:111:4:124:Infinity:117:15:124:Infinity":7,"s:111:4:124:Infinity":15,"b:112:8:115:Infinity:114:15:115:Infinity":8,"s:112:8:115:Infinity":16,"s:113:12:113:Infinity":17,"s:115:12:115:Infinity":18,"b:117:15:124:Infinity:123:11:124:Infinity":9,"s:117:15:124:Infinity":19,"b:118:8:121:Infinity:120:15:121:Infinity":10,"s:118:8:121:Infinity":20,"s:119:12:119:Infinity":21,"s:121:12:121:Infinity":22,"s:124:8:124:Infinity":23}}}
,"/Users/lin/Desktop/levy/project/lcw-docs/packages/core/src/api/clipboard/fromClipboard/acceptedMIMETypes.ts": {"path":"/Users/lin/Desktop/levy/project/lcw-docs/packages/core/src/api/clipboard/fromClipboard/acceptedMIMETypes.ts","statementMap":{"0":{"start":{"line":7,"column":33},"end":{"line":7,"column":null}}},"fnMap":{},"branchMap":{},"s":{"0":12},"f":{},"b":{},"meta":{"lastBranch":0,"lastFunction":0,"lastStatement":1,"seen":{"s:7:33:7:Infinity":0}}}
,"/Users/lin/Desktop/levy/project/lcw-docs/packages/core/src/api/clipboard/fromClipboard/fileDropExtension.ts": {"path":"/Users/lin/Desktop/levy/project/lcw-docs/packages/core/src/api/clipboard/fromClipboard/fileDropExtension.ts","statementMap":{"0":{"start":{"line":24,"column":13},"end":{"line":62,"column":6}},"1":{"start":{"line":27,"column":4},"end":{"line":62,"column":6}},"2":{"start":{"line":30,"column":12},"end":{"line":60,"column":null}},"3":{"start":{"line":35,"column":32},"end":{"line":36,"column":null}},"4":{"start":{"line":36,"column":36},"end":{"line":36,"column":null}},"5":{"start":{"line":39,"column":88},"end":{"line":39,"column":null}},"6":{"start":{"line":40,"column":32},"end":{"line":43,"column":null}},"7":{"start":{"line":41,"column":36},"end":{"line":43,"column":null}},"8":{"start":{"line":42,"column":40},"end":{"line":42,"column":null}},"9":{"start":{"line":43,"column":40},"end":{"line":43,"column":null}},"10":{"start":{"line":46,"column":32},"end":{"line":47,"column":null}},"11":{"start":{"line":47,"column":36},"end":{"line":47,"column":null}},"12":{"start":{"line":50,"column":32},"end":{"line":52,"column":null}},"13":{"start":{"line":51,"column":36},"end":{"line":51,"column":null}},"14":{"start":{"line":52,"column":36},"end":{"line":52,"column":null}},"15":{"start":{"line":55,"column":32},"end":{"line":55,"column":null}}},"fnMap":{"0":{"name":"(anonymous_0)","decl":{"start":{"line":24,"column":13},"end":{"line":24,"column":null}},"loc":{"start":{"line":27,"column":4},"end":{"line":62,"column":6}},"line":27},"1":{"name":"(anonymous_1)","decl":{"start":{"line":29,"column":8},"end":{"line":29,"column":32}},"loc":{"start":{"line":29,"column":32},"end":{"line":60,"column":null}},"line":29},"2":{"name":"(anonymous_2)","decl":{"start":{"line":34,"column":28},"end":{"line":34,"column":33}},"loc":{"start":{"line":34,"column":47},"end":{"line":57,"column":null}},"line":34}},"branchMap":{"0":{"loc":{"start":{"line":35,"column":32},"end":{"line":36,"column":null}},"type":"if","locations":[{"start":{"line":35,"column":32},"end":{"line":36,"column":null}},{"start":{},"end":{}}],"line":35},"1":{"loc":{"start":{"line":41,"column":36},"end":{"line":43,"column":null}},"type":"if","locations":[{"start":{"line":41,"column":36},"end":{"line":43,"column":null}},{"start":{},"end":{}}],"line":41},"2":{"loc":{"start":{"line":46,"column":32},"end":{"line":47,"column":null}},"type":"if","locations":[{"start":{"line":46,"column":32},"end":{"line":47,"column":null}},{"start":{},"end":{}}],"line":46},"3":{"loc":{"start":{"line":50,"column":32},"end":{"line":52,"column":null}},"type":"if","locations":[{"start":{"line":50,"column":32},"end":{"line":52,"column":null}},{"start":{},"end":{}}],"line":50}},"s":{"0":12,"1":198,"2":0,"3":0,"4":0,"5":0,"6":0,"7":0,"8":0,"9":0,"10":0,"11":0,"12":0,"13":0,"14":0,"15":0},"f":{"0":198,"1":0,"2":0},"b":{"0":[0,0],"1":[0,0],"2":[0,0],"3":[0,0]},"meta":{"lastBranch":4,"lastFunction":3,"lastStatement":16,"seen":{"s:24:13:62:6":0,"f:24:13:24:Infinity":0,"s:27:4:62:6":1,"f:29:8:29:32":1,"s:30:12:60:Infinity":2,"f:34:28:34:33":2,"b:35:32:36:Infinity:undefined:undefined:undefined:undefined":0,"s:35:32:36:Infinity":3,"s:36:36:36:Infinity":4,"s:39:88:39:Infinity":5,"s:40:32:43:Infinity":6,"b:41:36:43:Infinity:undefined:undefined:undefined:undefined":1,"s:41:36:43:Infinity":7,"s:42:40:42:Infinity":8,"s:43:40:43:Infinity":9,"b:46:32:47:Infinity:undefined:undefined:undefined:undefined":2,"s:46:32:47:Infinity":10,"s:47:36:47:Infinity":11,"b:50:32:52:Infinity:undefined:undefined:undefined:undefined":3,"s:50:32:52:Infinity":12,"s:51:36:51:Infinity":13,"s:52:36:52:Infinity":14,"s:55:32:55:Infinity":15}}}
,"/Users/lin/Desktop/levy/project/lcw-docs/packages/core/src/api/clipboard/fromClipboard/handleFileInsertion.ts": {"path":"/Users/lin/Desktop/levy/project/lcw-docs/packages/core/src/api/clipboard/fromClipboard/handleFileInsertion.ts","statementMap":{"0":{"start":{"line":21,"column":4},"end":{"line":22,"column":null}},"1":{"start":{"line":22,"column":8},"end":{"line":22,"column":null}},"2":{"start":{"line":25,"column":4},"end":{"line":25,"column":null}},"3":{"start":{"line":38,"column":19},"end":{"line":38,"column":39}},"4":{"start":{"line":39,"column":19},"end":{"line":39,"column":39}},"5":{"start":{"line":41,"column":4},"end":{"line":42,"column":null}},"6":{"start":{"line":42,"column":8},"end":{"line":42,"column":null}},"7":{"start":{"line":44,"column":4},"end":{"line":45,"column":null}},"8":{"start":{"line":45,"column":8},"end":{"line":45,"column":null}},"9":{"start":{"line":48,"column":4},"end":{"line":49,"column":null}},"10":{"start":{"line":49,"column":8},"end":{"line":49,"column":null}},"11":{"start":{"line":51,"column":4},"end":{"line":52,"column":null}},"12":{"start":{"line":52,"column":8},"end":{"line":52,"column":null}},"13":{"start":{"line":55,"column":4},"end":{"line":55,"column":null}},"14":{"start":{"line":72,"column":4},"end":{"line":73,"column":null}},"15":{"start":{"line":73,"column":8},"end":{"line":73,"column":null}},"16":{"start":{"line":76,"column":25},"end":{"line":76,"column":null}},"17":{"start":{"line":77,"column":4},"end":{"line":78,"column":null}},"18":{"start":{"line":78,"column":8},"end":{"line":78,"column":null}},"19":{"start":{"line":81,"column":60},"end":{"line":81,"column":null}},"20":{"start":{"line":82,"column":4},"end":{"line":85,"column":null}},"21":{"start":{"line":83,"column":8},"end":{"line":85,"column":null}},"22":{"start":{"line":84,"column":12},"end":{"line":84,"column":null}},"23":{"start":{"line":85,"column":12},"end":{"line":85,"column":null}},"24":{"start":{"line":88,"column":4},"end":{"line":89,"column":null}},"25":{"start":{"line":89,"column":8},"end":{"line":89,"column":null}},"26":{"start":{"line":92,"column":18},"end":{"line":92,"column":null}},"27":{"start":{"line":93,"column":4},"end":{"line":94,"column":null}},"28":{"start":{"line":94,"column":8},"end":{"line":94,"column":null}},"29":{"start":{"line":97,"column":4},"end":{"line":97,"column":null}},"30":{"start":{"line":99,"column":29},"end":{"line":99,"column":116}},"31":{"start":{"line":99,"column":92},"end":{"line":99,"column":116}},"32":{"start":{"line":101,"column":4},"end":{"line":164,"column":null}},"33":{"start":{"line":101,"column":17},"end":{"line":101,"column":20}},"34":{"start":{"line":102,"column":28},"end":{"line":102,"column":null}},"35":{"start":{"line":103,"column":8},"end":{"line":114,"column":null}},"36":{"start":{"line":104,"column":12},"end":{"line":114,"column":null}},"37":{"start":{"line":105,"column":40},"end":{"line":105,"column":64}},"38":{"start":{"line":106,"column":29},"end":{"line":106,"column":49}},"39":{"start":{"line":108,"column":16},"end":{"line":114,"column":null}},"40":{"start":{"line":109,"column":20},"end":{"line":114,"column":null}},"41":{"start":{"line":113,"column":24},"end":{"line":113,"column":null}},"42":{"start":{"line":114,"column":24},"end":{"line":114,"column":null}},"43":{"start":{"line":120,"column":21},"end":{"line":120,"column":41}},"44":{"start":{"line":121,"column":8},"end":{"line":164,"column":null}},"45":{"start":{"line":122,"column":30},"end":{"line":127,"column":null}},"46":{"start":{"line":129,"column":54},"end":{"line":129,"column":null}},"47":{"start":{"line":131,"column":12},"end":{"line":150,"column":null}},"48":{"start":{"line":132,"column":16},"end":{"line":132,"column":null}},"49":{"start":{"line":133,"column":23},"end":{"line":150,"column":null}},"50":{"start":{"line":134,"column":31},"end":{"line":137,"column":null}},"51":{"start":{"line":139,"column":28},"end":{"line":139,"column":73}},"52":{"start":{"line":140,"column":16},"end":{"line":141,"column":null}},"53":{"start":{"line":141,"column":20},"end":{"line":141,"column":null}},"54":{"start":{"line":144,"column":22},"end":{"line":144,"column":100}},"55":{"start":{"line":146,"column":22},"end":{"line":146,"column":55}},"56":{"start":{"line":148,"column":16},"end":{"line":148,"column":null}},"57":{"start":{"line":150,"column":16},"end":{"line":150,"column":null}},"58":{"start":{"line":153,"column":31},"end":{"line":153,"column":77}},"59":{"start":{"line":156,"column":16},"end":{"line":162,"column":39}},"60":{"start":{"line":164,"column":12},"end":{"line":164,"column":null}}},"fnMap":{"0":{"name":"checkFileExtensionsMatch","decl":{"start":{"line":20,"column":9},"end":{"line":20,"column":34}},"loc":{"start":{"line":20,"column":82},"end":{"line":25,"column":null}},"line":20},"1":{"name":"checkMIMETypesMatch","decl":{"start":{"line":37,"column":9},"end":{"line":37,"column":29}},"loc":{"start":{"line":37,"column":67},"end":{"line":55,"column":null}},"line":37},"2":{"name":"handleFileInsertion","decl":{"start":{"line":68,"column":22},"end":{"line":68,"column":null}},"loc":{"start":{"line":71,"column":2},"end":{"line":164,"column":null}},"line":71},"3":{"name":"(anonymous_3)","decl":{"start":{"line":99,"column":70},"end":{"line":99,"column":77}},"loc":{"start":{"line":99,"column":92},"end":{"line":99,"column":116}},"line":99}},"branchMap":{"0":{"loc":{"start":{"line":21,"column":4},"end":{"line":22,"column":null}},"type":"if","locations":[{"start":{"line":21,"column":4},"end":{"line":22,"column":null}},{"start":{},"end":{}}],"line":21},"1":{"loc":{"start":{"line":21,"column":8},"end":{"line":21,"column":74}},"type":"binary-expr","locations":[{"start":{"line":21,"column":8},"end":{"line":21,"column":39}},{"start":{"line":21,"column":43},"end":{"line":21,"column":74}}],"line":21},"2":{"loc":{"start":{"line":41,"column":4},"end":{"line":42,"column":null}},"type":"if","locations":[{"start":{"line":41,"column":4},"end":{"line":42,"column":null}},{"start":{},"end":{}}],"line":41},"3":{"loc":{"start":{"line":44,"column":4},"end":{"line":45,"column":null}},"type":"if","locations":[{"start":{"line":44,"column":4},"end":{"line":45,"column":null}},{"start":{},"end":{}}],"line":44},"4":{"loc":{"start":{"line":48,"column":4},"end":{"line":49,"column":null}},"type":"if","locations":[{"start":{"line":48,"column":4},"end":{"line":49,"column":null}},{"start":{},"end":{}}],"line":48},"5":{"loc":{"start":{"line":48,"column":8},"end":{"line":48,"column":48}},"type":"binary-expr","locations":[{"start":{"line":48,"column":8},"end":{"line":48,"column":29}},{"start":{"line":48,"column":29},"end":{"line":48,"column":48}}],"line":48},"6":{"loc":{"start":{"line":51,"column":4},"end":{"line":52,"column":null}},"type":"if","locations":[{"start":{"line":51,"column":4},"end":{"line":52,"column":null}},{"start":{},"end":{}}],"line":51},"7":{"loc":{"start":{"line":51,"column":8},"end":{"line":51,"column":48}},"type":"binary-expr","locations":[{"start":{"line":51,"column":8},"end":{"line":51,"column":29}},{"start":{"line":51,"column":29},"end":{"line":51,"column":48}}],"line":51},"8":{"loc":{"start":{"line":55,"column":11},"end":{"line":55,"column":null}},"type":"binary-expr","locations":[{"start":{"line":55,"column":11},"end":{"line":55,"column":38}},{"start":{"line":55,"column":38},"end":{"line":55,"column":null}}],"line":55},"9":{"loc":{"start":{"line":72,"column":4},"end":{"line":73,"column":null}},"type":"if","locations":[{"start":{"line":72,"column":4},"end":{"line":73,"column":null}},{"start":{},"end":{}}],"line":72},"10":{"loc":{"start":{"line":76,"column":25},"end":{"line":76,"column":null}},"type":"cond-expr","locations":[{"start":{"line":76,"column":51},"end":{"line":76,"column":72}},{"start":{"line":76,"column":72},"end":{"line":76,"column":null}}],"line":76},"11":{"loc":{"start":{"line":77,"column":4},"end":{
[...]
:65},"3":{"name":"(anonymous_3)","decl":{"start":{"line":69,"column":8},"end":{"line":69,"column":24}},"loc":{"start":{"line":69,"column":24},"end":{"line":70,"column":null}},"line":69},"4":{"name":"(anonymous_4)","decl":{"start":{"line":73,"column":8},"end":{"line":73,"column":20}},"loc":{"start":{"line":73,"column":20},"end":{"line":74,"column":null}},"line":73},"5":{"name":"(anonymous_5)","decl":{"start":{"line":77,"column":8},"end":{"line":77,"column":19}},"loc":{"start":{"line":77,"column":29},"end":{"line":91,"column":null}},"line":77}},"branchMap":{"0":{"loc":{"start":{"line":48,"column":16},"end":{"line":49,"column":null}},"type":"if","locations":[{"start":{"line":48,"column":16},"end":{"line":49,"column":null}},{"start":{},"end":{}}],"line":48},"1":{"loc":{"start":{"line":52,"column":23},"end":{"line":52,"column":null}},"type":"binary-expr","locations":[{"start":{"line":52,"column":23},"end":{"line":52,"column":67}},{"start":{"line":52,"column":71},"end":{"line":52,"column":null}}],"line":52},"2":{"loc":{"start":{"line":83,"column":12},"end":{"line":88,"column":null}},"type":"if","locations":[{"start":{"line":83,"column":12},"end":{"line":88,"column":null}},{"start":{"line":85,"column":23},"end":{"line":88,"column":null}}],"line":83},"3":{"loc":{"start":{"line":85,"column":23},"end":{"line":88,"column":null}},"type":"if","locations":[{"start":{"line":85,"column":23},"end":{"line":88,"column":null}},{"start":{"line":87,"column":19},"end":{"line":88,"column":null}}],"line":85}},"s":{"0":0,"1":0,"2":0,"3":0,"4":0,"5":0,"6":0,"7":0,"8":0,"9":0,"10":0,"11":0,"12":0,"13":0,"14":0},"f":{"0":0,"1":0,"2":0,"3":0,"4":0,"5":0},"b":{"0":[0,0],"1":[0,0],"2":[0,0],"3":[0,0]},"meta":{"lastBranch":4,"lastFunction":6,"lastStatement":15,"seen":{"f:41:16:41:35":0,"s:42:4:55:Infinity":0,"f:45:12:45:28":1,"s:46:36:46:Infinity":1,"b:48:16:49:Infinity:undefined:undefined:undefined:undefined":0,"s:48:16:49:Infinity":2,"s:49:20:49:Infinity":3,"s:52:16:52:Infinity":4,"b:52:23:52:67:52:71:52:Infinity":1,"f:65:16:65:55":2,"s:66:17:93:6":5,"f:69:8:69:24":3,"s:70:12:70:Infinity":6,"f:73:8:73:20":4,"s:74:12:74:Infinity":7,"f:77:8:77:19":5,"b:83:12:88:Infinity:85:23:88:Infinity":2,"s:83:12:88:Infinity":8,"s:84:16:84:Infinity":9,"b:85:23:88:Infinity:87:19:88:Infinity":3,"s:85:23:88:Infinity":10,"s:86:16:86:Infinity":11,"s:88:16:88:Infinity":12,"s:91:12:91:Infinity":13,"s:95:4:97:Infinity":14}}}
,"/Users/lin/Desktop/levy/project/lcw-docs/packages/core/src/schema/styles/internal.ts": {"path":"/Users/lin/Desktop/levy/project/lcw-docs/packages/core/src/schema/styles/internal.ts","statementMap":{"0":{"start":{"line":19,"column":4},"end":{"line":20,"column":null}},"1":{"start":{"line":20,"column":8},"end":{"line":20,"column":null}},"2":{"start":{"line":22,"column":4},"end":{"line":34,"column":null}},"3":{"start":{"line":26,"column":34},"end":{"line":26,"column":68}},"4":{"start":{"line":28,"column":16},"end":{"line":32,"column":null}},"5":{"start":{"line":58,"column":4},"end":{"line":58,"column":null}},"6":{"start":{"line":59,"column":4},"end":{"line":60,"column":null}},"7":{"start":{"line":60,"column":8},"end":{"line":60,"column":null}},"8":{"start":{"line":63,"column":4},"end":{"line":64,"column":null}},"9":{"start":{"line":64,"column":8},"end":{"line":64,"column":null}},"10":{"start":{"line":67,"column":4},"end":{"line":67,"column":null}},"11":{"start":{"line":78,"column":4},"end":{"line":81,"column":null}},"12":{"start":{"line":91,"column":4},"end":{"line":99,"column":null}},"13":{"start":{"line":108,"column":4},"end":{"line":108,"column":null}},"14":{"start":{"line":108,"column":74},"end":{"line":108,"column":93}}},"fnMap":{"0":{"name":"stylePropsToAttributes","decl":{"start":{"line":18,"column":16},"end":{"line":18,"column":39}},"loc":{"start":{"line":18,"column":80},"end":{"line":34,"column":null}},"line":18},"1":{"name":"(anonymous_1)","decl":{"start":{"line":26,"column":12},"end":{"line":26,"column":23}},"loc":{"start":{"line":26,"column":34},"end":{"line":26,"column":68}},"line":26},"2":{"name":"(anonymous_2)","decl":{"start":{"line":27,"column":12},"end":{"line":27,"column":24}},"loc":{"start":{"line":28,"column":16},"end":{"line":32,"column":null}},"line":28},"3":{"name":"addStyleAttributes","decl":{"start":{"line":46,"column":16},"end":{"line":46,"column":null}},"loc":{"start":{"line":57,"column":2},"end":{"line":67,"column":null}},"line":57},"4":{"name":"createInternalStyleSpec","decl":{"start":{"line":77,"column":16},"end":{"line":77,"column":63}},"loc":{"start":{"line":77,"column":111},"end":{"line":81,"column":null}},"line":77},"5":{"name":"createStyleSpecFromTipTapMark","decl":{"start":{"line":90,"column":16},"end":{"line":90,"column":89}},"loc":{"start":{"line":90,"column":113},"end":{"line":99,"column":null}},"line":90},"6":{"name":"getStyleSchemaFromSpecs","decl":{"start":{"line":107,"column":16},"end":{"line":107,"column":62}},"loc":{"start":{"line":107,"column":72},"end":{"line":108,"column":null}},"line":107},"7":{"name":"(anonymous_7)","decl":{"start":{"line":108,"column":52},"end":{"line":108,"column":57}},"loc":{"start":{"line":108,"column":74},"end":{"line":108,"column":93}},"line":108}},"branchMap":{"0":{"loc":{"start":{"line":19,"column":4},"end":{"line":20,"column":null}},"type":"if","locations":[{"start":{"line":19,"column":4},"end":{"line":20,"column":null}},{"start":{},"end":{}}],"line":19},"1":{"loc":{"start":{"line":28,"column":16},"end":{"line":32,"column":null}},"type":"cond-expr","locations":[{"start":{"line":29,"column":22},"end":{"line":30,"column":null}},{"start":{"line":32,"column":22},"end":{"line":32,"column":null}}],"line":28},"2":{"loc":{"start":{"line":59,"column":4},"end":{"line":60,"column":null}},"type":"if","locations":[{"start":{"line":59,"column":4},"end":{"line":60,"column":null}},{"start":{},"end":{}}],"line":59},"3":{"loc":{"start":{"line":63,"column":4},"end":{"line":64,"column":null}},"type":"if","locations":[{"start":{"line":63,"column":4},"end":{"line":64,"column":null}},{"start":{},"end":{}}],"line":63}},"s":{"0":6,"1":1,"2":5,"3":0,"4":0,"5":0,"6":0,"7":0,"8":0,"9":0,"10":0,"11":104,"12":102,"13":212,"14":1480},"f":{"0":6,"1":0,"2":0,"3":0,"4":104,"5":102,"6":212,"7":1480},"b":{"0":[1,5],"1":[0,0],"2":[0,0],"3":[0,0]},"meta":{"lastBranch":4,"lastFunction":8,"lastStatement":15,"seen":{"f:18:16:18:39":0,"b:19:4:20:Infinity:undefined:undefined:undefined:undefined":0,"s:19:4:20:Infinity":0,"s:20:8:20:Infinity":1,"s:22:4:34:Infinity":2,"f:26:12:26:23":1,"s:26:34:26:68":3,"f:27:12:27:24":2,"s:28:16:32:Infinity":4,"b:29:22:30:Infinity:32:22:32:Infinity":1,"f:46:16:46:Infinity":3,"s:58:4:58:Infinity":5,"b:59:4:60:Infinity:undefined:undefined:undefined:undefined":2,"s:59:4:60:Infinity":6,"s:60:8:60:Infinity":7,"b:63:4:64:Infinity:undefined:undefined:undefined:undefined":3,"s:63:4:64:Infinity":8,"s:64:8:64:Infinity":9,"s:67:4:67:Infinity":10,"f:77:16:77:63":4,"s:78:4:81:Infinity":11,"f:90:16:90:89":5,"s:91:4:99:Infinity":12,"f:107:16:107:62":6,"s:108:4:108:Infinity":13,"f:108:52:108:57":7,"s:108:74:108:93":14}}}
,"/Users/lin/Desktop/levy/project/lcw-docs/packages/core/src/schema/styles/types.ts": {"path":"/Users/lin/Desktop/levy/project/lcw-docs/packages/core/src/schema/styles/types.ts","statementMap":{},"fnMap":{},"branchMap":{},"s":{},"f":{},"b":{},"meta":{"lastBranch":0,"lastFunction":0,"lastStatement":0,"seen":{}}}
,"/Users/lin/Desktop/levy/project/lcw-docs/packages/core/src/util/EventEmitter.ts": {"path":"/Users/lin/Desktop/levy/project/lcw-docs/packages/core/src/util/EventEmitter.ts","statementMap":{"0":{"start":{"line":30,"column":55},"end":{"line":30,"column":57}},"1":{"start":{"line":39,"column":8},"end":{"line":40,"column":null}},"2":{"start":{"line":40,"column":12},"end":{"line":40,"column":null}},"3":{"start":{"line":43,"column":8},"end":{"line":43,"column":null}},"4":{"start":{"line":45,"column":8},"end":{"line":45,"column":null}},"5":{"start":{"line":45,"column":21},"end":{"line":45,"column":40}},"6":{"start":{"line":54,"column":26},"end":{"line":54,"column":null}},"7":{"start":{"line":56,"column":8},"end":{"line":57,"column":null}},"8":{"start":{"line":57,"column":12},"end":{"line":57,"column":null}},"9":{"start":{"line":57,"column":42},"end":{"line":57,"column":68}},"10":{"start":{"line":67,"column":26},"end":{"line":67,"column":null}},"11":{"start":{"line":69,"column":8},"end":{"line":73,"column":null}},"12":{"start":{"line":70,"column":12},"end":{"line":73,"column":null}},"13":{"start":{"line":71,"column":16},"end":{"line":71,"column":null}},"14":{"start":{"line":71,"column":69},"end":{"line":71,"column":85}},"15":{"start":{"line":73,"column":16},"end":{"line":73,"column":null}},"16":{"start":{"line":83,"column":8},"end":{"line":83,"column":null}}},"fnMap":{"0":{"name":"(anonymous_0)","decl":{"start":{"line":38,"column":4},"end":{"line":38,"column":11}},"loc":{"start":{"line":38,"column":102},"end":{"line":45,"column":null}},"line":38},"1":{"name":"(anonymous_1)","decl":{"start":{"line":45,"column":8},"end":{"line":45,"column":21}},"loc":{"start":{"line":45,"column":21},"end":{"line":45,"column":40}},"line":45},"2":{"name":"(anonymous_2)","decl":{"start":{"line":53,"column":4},"end":{"line":53,"column":14}},"loc":{"start":{"line":53,"column":108},"end":{"line":57,"column":null}},"line":53},"3":{"name":"(anonymous_3)","decl":{"start":{"line":57,"column":22},"end":{"line":57,"column":30}},"loc":{"start":{"line":57,"column":42},"end":{"line":57,"column":68}},"line":57},"4":{"name":"(anonymous_4)","decl":{"start":{"line":66,"column":4},"end":{"line":66,"column":11}},"loc":{"start":{"line":66,"column":104},"end":{"line":73,"column":null}},"line":66},"5":{"name":"(anonymous_5)","decl":{"start":{"line":71,"column":50},"end":{"line":71,"column":57}},"loc":{"start":{"line":71,"column":69},"end":{"line":71,"column":85}},"line":71},"6":{"name":"(anonymous_6)","decl":{"start":{"line":82,"column":4},"end":{"line":82,"column":14}},"loc":{"start":{"line":82,"column":41},"end":{"line":83,"column":null}},"line":82}},"branchMap":{"0":{"loc":{"start":{"line":39,"column":8},"end":{"line":40,"column":null}},"type":"if","locations":[{"start":{"line":39,"column":8},"end":{"line":40,"column":null}},{"start":{},"end":{}}],"line":39},"1":{"loc":{"start":{"line":56,"column":8},"end":{"line":57,"column":null}},"type":"if","locations":[{"start":{"line":56,"column":8},"end":{"line":57,"column":null}},{"start":{},"end":{}}],"line":56},"2":{"loc":{"start":{"line":69,"column":8},"end":{"line":73,"column":null}},"type":"if","locations":[{"start":{"line":69,"column":8},"end":{"line":73,"column":null}},{"start":{},"end":{}}],"line":69},"3":{"loc":{"start":{"line":70,"column":12},"end":{"line":73,"column":null}},"type":"if","locations":[{"start":{"line":70,"column":12},"end":{"line":73,"column":null}},{"start":{"line":72,"column":19},"end":{"line":73,"column":null}}],"line":70}},"s":{"0":1102,"1":12,"2":9,"3":12,"4":12,"5":1,"6":10,"7":10,"8":6,"9":6,"10":4,"11":4,"12":3,"13":2,"14":3,"15":1,"16":1},"f":{"0":12,"1":1,"2":10,"3":6,"4":4,"5":3,"6":1},"b":{"0":[9,3],"1":[6,4],"2":[3,1],"3":[2,1]},"meta":{"lastBranch":4,"lastFunction":7,"lastStatement":17,"seen":{"s:30:55:30:57":0,"f:38:4:38:11":0,"b:39:8:40:Infinity:undefined:undefined:undefined:undefined":0,"s:39:8:40:Infinity":1,"s:40:12:40:Infinity":2,"s:43:8:43:Infinity":3,"s:45:8:45:Infinity":4,"f:45:8:45:21":1,"s:45:21:45:40":5,"f:53:4:53:14":2,"s:54:26:54:Infinity":6,"b:56:8:57:Infinity:undefined:undefined:undefined:undefined":1,"s:56:8:57:Infinity":7,"s:57:12:57:Infinity":8,"f:57:22:57:30":3,"s:57:42:57:68":9,"f:66:4:66:11":4,"s:67:26:67:Infinity":10,"b:69:8:73:Infinity:undefined:undefined:undefined:undefined":2,"s:69:8:73:Infinity":11,"b:70:12:73:Infinity:72:19:73:Infinity":3,"s:70:12:73:Infinity":12,"s:71:16:71:Infinity":13,"f:71:50:71:57":5,"s:71:69:71:85":14,"s:73:16:73:Infinity":15,"f:82:4:82:14":6,"s:83:8:83:Infinity":16}}}
,"/Users/lin/Desktop/levy/project/lcw-docs/packages/core/src/util/browser.ts": {"path":"/Users/lin/Desktop/levy/project/lcw-docs/packages/core/src/util/browser.ts","statementMap":{"0":{"start":{"line":11,"column":13},"end":{"line":14,"column":null}},"1":{"start":{"line":12,"column":4},"end":{"line":14,"column":null}},"2":{"start":{"line":27,"column":4},"end":{"line":30,"column":null}},"3":{"start":{"line":28,"column":8},"end":{"line":28,"column":null}},"4":{"start":{"line":30,"column":8},"end":{"line":30,"column":null}},"5":{"start":{"line":41,"column":4},"end":{"line":41,"column":null}},"6":{"start":{"line":41,"column":31},"end":{"line":41,"column":33}},"7":{"start":{"line":49,"column":13},"end":{"line":49,"column":88}},"8":{"start":{"line":49,"column":30},"end":{"line":49,"column":88}}},"fnMap":{"0":{"name":"(anonymous_0)","decl":{"start":{"line":11,"column":13},"end":{"line":11,"column":31}},"loc":{"start":{"line":11,"column":31},"end":{"line":14,"column":null}},"line":11},"1":{"name":"formatKeyboardShortcut","decl":{"start":{"line":26,"column":16},"end":{"line":26,"column":39}},"loc":{"start":{"line":26,"column":76},"end":{"line":30,"column":null}},"line":26},"2":{"name":"mergeCSSClasses","decl":{"start":{"line":40,"column":16},"end":{"line":40,"column":32}},"loc":{"start":{"line":40,"column":54},"end":{"line":41,"column":null}},"line":40},"3":{"name":"(anonymous_3)","decl":{"start":{"line":41,"column":19},"end":{"line":41,"column":26}},"loc":{"start":{"line":41,"column":31},"end":{"line":41,"column":33}},"line":41},"4":{"name":"(anonymous_4)","decl":{"start":{"line":49,"column":13},"end":{"line":49,"column":30}},"loc":{"start":{"line":49,"column":30},"end":{"line":49,"column":88}},"line":49}},"branchMap":{"0":{"loc":{"start":{"line":13,"column":8},"end":{"line":14,"column":null}},"type":"binary-expr","locations":[{"start":{"line":13,"column":8},"end":{"line":13,"column":null}},{"start":{"line":14,"column":9},"end":{"line":14,"column":39}},{"start":{"line":14,"column":44},"end":{"line":14,"column":83}},{"start":{"line":14,"column":87},"end":{"line":14,"column":126}}],"line":13},"1":{"loc":{"start":{"line":26,"column":57},"end":{"line":26,"column":76}},"type":"default-arg","locations":[{"start":{"line":26,"column":68},"end":{"line":26,"column":76}}],"line":26},"2":{"loc":{"start":{"line":27,"column":4},"end":{"line":30,"column":null}},"type":"if","locations":[{"start":{"line":27,"column":4},"end":{"line":30,"column":null}},{"start":{"line":29,"column":11},"end":{"line":30,"column":null}}],"line":27}},"s":{"0":20,"1":103,"2":99,"3":1,"4":98,"5":218,"6":619,"7":20,"8":3},"f":{"0":103,"1":99,"2":218,"3":619,"4":3},"b":{"0":[103,102,100,96],"1":[99],"2":[1,98]},"meta":{"lastBranch":3,"lastFunction":5,"lastStatement":9,"seen":{"s:11:13:14:Infinity":0,"f:11:13:11:31":0,"s:12:4:14:Infinity":1,"b:13:8:13:Infinity:14:9:14:39:14:44:14:83:14:87:14:126":0,"f:26:16:26:39":1,"b:26:68:26:76":1,"b:27:4:30:Infinity:29:11:30:Infinity":2,"s:27:4:30:Infinity":2,"s:28:8:28:Infinity":3,"s:30:8:30:Infinity":4,"f:40:16:40:32":2,"s:41:4:41:Infinity":5,"f:41:19:41:26":3,"s:41:31:41:33":6,"s:49:13:49:88":7,"f:49:13:49:30":4,"s:49:30:49:88":8}}}
,"/Users/lin/Desktop/levy/project/lcw-docs/packages/core/src/util/esmDependencies.ts": {"path":"/Users/lin/Desktop/levy/project/lcw-docs/packages/core/src/util/esmDependencies.ts","statementMap":{"0":{"start":{"line":33,"column":4},"end":{"line":34,"column":null}},"1":{"start":{"line":34,"column":8},"end":{"line":34,"column":null}},"2":{"start":{"line":36,"column":17},"end":{"line":47,"column":6}},"3":{"start":{"line":49,"column":4},"end":{"line":60,"column":null}},"4":{"start":{"line":62,"column":4},"end":{"line":62,"column":null}}},"fnMap":{"0":{"name":"initializeESMDependencies","decl":{"start":{"line":32,"column":22},"end":{"line":32,"column":50}},"loc":{"start":{"line":32,"column":50},"end":{"line":62,"column":null}},"line":32}},"branchMap":{"0":{"loc":{"start":{"line":33,"column":4},"end":{"line":34,"column":null}},"type":"if","locations":[{"start":{"line":33,"column":4},"end":{"line":34,"column":null}},{"start":{},"end":{}}],"line":33}},"s":{"0":0,"1":0,"2":0,"3":0,"4":0},"f":{"0":0},"b":{"0":[0,0]},"meta":{"lastBranch":1,"lastFunction":1,"lastStatement":5,"seen":{"f:32:22:32:50":0,"b:33:4:34:Infinity:undefined:undefined:undefined:undefined":0,"s:33:4:34:Infinity":0,"s:34:8:34:Infinity":1,"s:36:17:47:6":2,"s:49:4:60:Infinity":3,"s:62:4:62:Infinity":4}}}
,"/Users/lin/Desktop/levy/project/lcw-docs/packages/core/src/util/string.ts": {"path":"/Users/lin/Desktop/levy/project/lcw-docs/packages/core/src/util/string.ts","statementMap":{"0":{"start":{"line":15,"column":4},"end":{"line":15,"column":null}},"1":{"start":{"line":28,"column":18},"end":{"line":28,"column":32}},"2":{"start":{"line":29,"column":4},"end":{"line":30,"column":null}},"3":{"start":{"line":30,"column":8},"end":{"line":30,"column":null}},"4":{"start":{"line":32,"column":4},"end":{"line":32,"column":null}}},"fnMap":{"0":{"name":"camelToDataKebab","decl":{"start":{"line":14,"column":16},"end":{"line":14,"column":33}},"loc":{"start":{"line":14,"column":54},"end":{"line":15,"column":null}},"line":14},"1":{"name":"filenameFromURL","decl":{"start":{"line":27,"column":16},"end":{"line":27,"column":32}},"loc":{"start":{"line":27,"column":53},"end":{"line":32,"column":null}},"line":27}},"branchMap":{"0":{"loc":{"start":{"line":29,"column":4},"end":{"line":30,"column":null}},"type":"if","locations":[{"start":{"line":29,"column":4},"end":{"line":30,"column":null}},{"start":{},"end":{}}],"line":29},"1":{"loc":{"start":{"line":29,"column":8},"end":{"line":29,"column":57}},"type":"binary-expr","locations":[{"start":{"line":29,"column":8},"end":{"line":29,"column":25}},{"start":{"line":29,"column":25},"end":{"line":29,"column":57}}],"line":29}},"s":{"0":5,"1":6,"2":6,"3":1,"4":5},"f":{"0":5,"1":6},"b":{"0":[1,5],"1":[6,6]},"meta":{"lastBranch":2,"lastFunction":2,"lastStatement":5,"seen":{"f:14:16:14:33":0,"s:15:4:15:Infinity":0,"f:27:16:27:32":1,"s:28:18:28:32":1,"b:29:4:30:Infinity:undefined:undefined:undefined:undefined":0,"s:29:4:30:Infinity":2,"b:29:8:29:25:29:25:29:57":1,"s:30:8:30:Infinity":3,"s:32:4:32:Infinity":4}}}
,"/Users/lin/Desktop/levy/project/lcw-docs/packages/core/src/util/typescript.ts": {"path":"/Users/lin/Desktop/levy/project/lcw-docs/packages/core/src/util/typescript.ts","statementMap":{"0":{"start":{"line":23,"column":8},"end":{"line":23,"column":null}},"1":{"start":{"line":35,"column":47},"end":{"line":35,"column":null}},"2":{"start":{"line":37,"column":4},"end":{"line":38,"column":null}},"3":{"start":{"line":38,"column":8},"end":{"line":38,"column":null}}},"fnMap":{"0":{"name":"(anonymous_0)","decl":{"start":{"line":22,"column":4},"end":{"line":22,"column":16}},"loc":{"start":{"line":22,"column":28},"end":{"line":23,"column":null}},"line":22},"1":{"name":"assertEmpty","decl":{"start":{"line":33,"column":16},"end":{"line":33,"column":28}},"loc":{"start":{"line":33,"column":75},"end":{"line":38,"column":null}},"line":33}},"branchMap":{"0":{"loc":{"start":{"line":33,"column":56},"end":{"line":33,"column":75}},"type":"default-arg","locations":[{"start":{"line":33,"column":69},"end":{"line":33,"column":75}}],"line":33},"1":{"loc":{"start":{"line":37,"column":4},"end":{"line":38,"column":null}},"type":"if","locations":[{"start":{"line":37,"column":4},"end":{"line":38,"column":null}},{"start":{},"end":{}}],"line":37},"2":{"loc":{"start":{"line":37,"column":8},"end":{"line":37,"column":52}},"type":"binary-expr","locations":[{"start":{"line":37,"column":8},"end":{"line":37,"column":40}},{"start":{"line":37,"column":40},"end":{"line":37,"column":52}}],"line":37}},"s":{"0":3,"1":5,"2":5,"3":2},"f":{"0":3,"1":5},"b":{"0":[5],"1":[2,3],"2":[5,3]},"meta":{"lastBranch":3,"lastFunction":2,"lastStatement":4,"seen":{"f:22:4:22:16":0,"s:23:8:23:Infinity":0,"f:33:16:33:28":1,"b:33:69:33:75":0,"s:35:47:35:Infinity":1,"b:37:4:38:Infinity:undefined:undefined:undefined:undefined":1,"s:37:4:38:Infinity":2,"b:37:8:37:40:37:40:37:52":2,"s:38:8:38:Infinity":3}}}
}
